#
# There is insufficient memory for the Java Runtime Environment to continue.
# Native memory allocation (malloc) failed to allocate 1025616 bytes for Chunk::new
# Possible reasons:
#   The system is out of physical RAM or swap space
#   The process is running with CompressedOops enabled, and the Java Heap may be blocking the growth of the native heap
# Possible solutions:
#   Reduce memory load on the system
#   Increase physical memory or swap space
#   Check if swap backing store is full
#   Decrease Java heap size (-Xmx/-Xms)
#   Decrease number of Java threads
#   Decrease Java thread stack sizes (-Xss)
#   Set larger code cache with -XX:ReservedCodeCacheSize=
#   JVM is running with Unscaled Compressed Oops mode in which the Java heap is
#     placed in the first 4GB address space. The Java Heap base address is the
#     maximum limit for the native heap growth. Please use -XX:HeapBaseMinAddress
#     to set the Java Heap base and to place the Java Heap above 4GB virtual address.
# This output file may be truncated or incomplete.
#
#  Out of Memory Error (./src/hotspot/share/memory/arena.cpp:197), pid=36476, tid=35564
#
# JRE version: OpenJDK Runtime Environment (11.0.13) (build 11.0.13+0-b1751.21-8125866)
# Java VM: OpenJDK 64-Bit Server VM (11.0.13+0-b1751.21-8125866, mixed mode, tiered, compressed oops, g1 gc, windows-amd64)
# No core dump will be written. Minidumps are not enabled by default on client versions of Windows
#

---------------  S U M M A R Y ------------

Command Line: --add-opens=java.base/java.util=ALL-UNNAMED --add-opens=java.base/java.lang=ALL-UNNAMED --add-opens=java.base/java.lang.invoke=ALL-UNNAMED --add-opens=java.base/java.util=ALL-UNNAMED --add-opens=java.prefs/java.util.prefs=ALL-UNNAMED --add-opens=java.prefs/java.util.prefs=ALL-UNNAMED --add-opens=java.base/java.nio.charset=ALL-UNNAMED --add-opens=java.base/java.net=ALL-UNNAMED --add-opens=java.base/java.util.concurrent.atomic=ALL-UNNAMED -Xmx2048m -Dfile.encoding=UTF-8 -Duser.country=ID -Duser.language=en -Duser.variant org.gradle.launcher.daemon.bootstrap.GradleDaemon 7.4

Host: Intel(R) Core(TM) i5-10210U CPU @ 1.60GHz, 8 cores, 23G,  Windows 11 , 64 bit Build 22621 (10.0.22621.608)
Time: Tue Oct 18 10:18:18 2022 SE Asia Standard Time elapsed time: 8.546188 seconds (0d 0h 0m 8s)

---------------  T H R E A D  ---------------

Current thread (0x00000119e7e16000):  JavaThread "C2 CompilerThread0" daemon [_thread_in_native, id=35564, stack(0x0000000b82f00000,0x0000000b83000000)]


Current CompileTask:
C2:   8546 3815       4       org.objectweb.asm.Frame::execute (2318 bytes)

Stack: [0x0000000b82f00000,0x0000000b83000000]
Native frames: (J=compiled Java code, j=interpreted, Vv=VM code, C=native code)
V  [jvm.dll+0x6100fa]
V  [jvm.dll+0x747090]
V  [jvm.dll+0x7486ad]
V  [jvm.dll+0x748d83]
V  [jvm.dll+0x24ab48]
V  [jvm.dll+0xc04dc]
V  [jvm.dll+0xc0a0c]
V  [jvm.dll+0x35eb9d]
V  [jvm.dll+0x19d9bc]
V  [jvm.dll+0x2033be]
V  [jvm.dll+0x202437]
V  [jvm.dll+0x188e01]
V  [jvm.dll+0x21106b]
V  [jvm.dll+0x20f8c1]
V  [jvm.dll+0x70de0f]
V  [jvm.dll+0x706a75]
V  [jvm.dll+0x60ed66]
C  [ucrtbase.dll+0x29363]
C  [KERNEL32.DLL+0x1244d]
C  [ntdll.dll+0x5df78]


---------------  P R O C E S S  ---------------

Threads class SMR info:
_java_thread_list=0x00000119e920ac70, length=40, elements={
0x00000119cd02a800, 0x00000119e7db1000, 0x00000119e7dbd000, 0x00000119e7e0c800,
0x00000119e7e0d800, 0x00000119e7e13800, 0x00000119e7e16000, 0x00000119e7e17800,
0x00000119e7e18800, 0x00000119e7f8a000, 0x00000119e827e000, 0x00000119ea05e800,
0x00000119ea30a800, 0x00000119e9fad800, 0x00000119ea4f0000, 0x00000119e8d9d800,
0x00000119e99ce800, 0x00000119e8e90000, 0x00000119e8c18800, 0x00000119e97bd000,
0x00000119ea545800, 0x00000119ea547800, 0x00000119ea545000, 0x00000119e8f03800,
0x00000119ea543800, 0x00000119ea544000, 0x00000119ea54a000, 0x00000119ea546800,
0x00000119ea548000, 0x00000119ea549000, 0x00000119ec50f800, 0x00000119ec50d000,
0x00000119ec50a800, 0x00000119ec50c800, 0x00000119ec50a000, 0x00000119ec510800,
0x00000119ec50e000, 0x00000119ec50e800, 0x00000119ec511000, 0x00000119ec513000
}

Java Threads: ( => current thread )
  0x00000119cd02a800 JavaThread "main" [_thread_blocked, id=38364, stack(0x0000000b82300000,0x0000000b82400000)]
  0x00000119e7db1000 JavaThread "Reference Handler" daemon [_thread_blocked, id=20920, stack(0x0000000b82a00000,0x0000000b82b00000)]
  0x00000119e7dbd000 JavaThread "Finalizer" daemon [_thread_blocked, id=17500, stack(0x0000000b82b00000,0x0000000b82c00000)]
  0x00000119e7e0c800 JavaThread "Signal Dispatcher" daemon [_thread_blocked, id=40312, stack(0x0000000b82c00000,0x0000000b82d00000)]
  0x00000119e7e0d800 JavaThread "Attach Listener" daemon [_thread_blocked, id=35636, stack(0x0000000b82d00000,0x0000000b82e00000)]
  0x00000119e7e13800 JavaThread "Service Thread" daemon [_thread_blocked, id=40980, stack(0x0000000b82e00000,0x0000000b82f00000)]
=>0x00000119e7e16000 JavaThread "C2 CompilerThread0" daemon [_thread_in_native, id=35564, stack(0x0000000b82f00000,0x0000000b83000000)]
  0x00000119e7e17800 JavaThread "C1 CompilerThread0" daemon [_thread_in_native, id=41828, stack(0x0000000b83000000,0x0000000b83100000)]
  0x00000119e7e18800 JavaThread "Sweeper thread" daemon [_thread_blocked, id=38188, stack(0x0000000b83100000,0x0000000b83200000)]
  0x00000119e7f8a000 JavaThread "Common-Cleaner" daemon [_thread_blocked, id=28352, stack(0x0000000b83200000,0x0000000b83300000)]
  0x00000119e827e000 JavaThread "Daemon health stats" [_thread_blocked, id=13252, stack(0x0000000b83400000,0x0000000b83500000)]
  0x00000119ea05e800 JavaThread "Incoming local TCP Connector on port 58679" [_thread_in_native, id=43720, stack(0x0000000b83c00000,0x0000000b83d00000)]
  0x00000119ea30a800 JavaThread "Daemon periodic checks" [_thread_blocked, id=39700, stack(0x0000000b83d00000,0x0000000b83e00000)]
  0x00000119e9fad800 JavaThread "Daemon" [_thread_blocked, id=40708, stack(0x0000000b83e00000,0x0000000b83f00000)]
  0x00000119ea4f0000 JavaThread "Handler for socket connection from /127.0.0.1:58679 to /127.0.0.1:58680" [_thread_in_native, id=38480, stack(0x0000000b83f00000,0x0000000b84000000)]
  0x00000119e8d9d800 JavaThread "Cancel handler" [_thread_blocked, id=37828, stack(0x0000000b84000000,0x0000000b84100000)]
  0x00000119e99ce800 JavaThread "Daemon worker" [_thread_blocked, id=37560, stack(0x0000000b84200000,0x0000000b84300000)]
  0x00000119e8e90000 JavaThread "Asynchronous log dispatcher for DefaultDaemonConnection: socket connection from /127.0.0.1:58679 to /127.0.0.1:58680" [_thread_blocked, id=32452, stack(0x0000000b84300000,0x0000000b84400000)]
  0x00000119e8c18800 JavaThread "Stdin handler" [_thread_blocked, id=12524, stack(0x0000000b84400000,0x0000000b84500000)]
  0x00000119e97bd000 JavaThread "Daemon client event forwarder" [_thread_blocked, id=35760, stack(0x0000000b84500000,0x0000000b84600000)]
  0x00000119ea545800 JavaThread "Cache worker for journal cache (C:\Users\MSI\.gradle\caches\journal-1)" [_thread_blocked, id=36380, stack(0x0000000b84600000,0x0000000b84700000)]
  0x00000119ea547800 JavaThread "File lock request listener" [_thread_in_native, id=21540, stack(0x0000000b84700000,0x0000000b84800000)]
  0x00000119ea545000 JavaThread "Cache worker for file hash cache (C:\Users\MSI\.gradle\caches\7.4\fileHashes)" [_thread_blocked, id=43684, stack(0x0000000b84900000,0x0000000b84a00000)]
  0x00000119e8f03800 JavaThread "C2 CompilerThread1" daemon [_thread_in_native, id=42472, stack(0x0000000b84a00000,0x0000000b84b00000)]
  0x00000119ea543800 JavaThread "File watcher server" daemon [_thread_in_native, id=32548, stack(0x0000000b84b00000,0x0000000b84c00000)]
  0x00000119ea544000 JavaThread "File watcher consumer" daemon [_thread_blocked, id=40300, stack(0x0000000b84c00000,0x0000000b84d00000)]
  0x00000119ea54a000 JavaThread "jar transforms" [_thread_blocked, id=39396, stack(0x0000000b84d00000,0x0000000b84e00000)]
  0x00000119ea546800 JavaThread "jar transforms Thread 2" [_thread_blocked, id=1436, stack(0x0000000b84e00000,0x0000000b84f00000)]
  0x00000119ea548000 JavaThread "jar transforms Thread 3" [_thread_blocked, id=43220, stack(0x0000000b84f00000,0x0000000b85000000)]
  0x00000119ea549000 JavaThread "jar transforms Thread 4" [_thread_in_Java, id=38656, stack(0x0000000b85000000,0x0000000b85100000)]
  0x00000119ec50f800 JavaThread "jar transforms Thread 5" [_thread_blocked, id=20984, stack(0x0000000b85100000,0x0000000b85200000)]
  0x00000119ec50d000 JavaThread "jar transforms Thread 6" [_thread_blocked, id=36892, stack(0x0000000b85200000,0x0000000b85300000)]
  0x00000119ec50a800 JavaThread "jar transforms Thread 7" [_thread_blocked, id=42668, stack(0x0000000b85300000,0x0000000b85400000)]
  0x00000119ec50c800 JavaThread "jar transforms Thread 8" [_thread_blocked, id=41924, stack(0x0000000b85400000,0x0000000b85500000)]
  0x00000119ec50a000 JavaThread "Cache worker for checksums cache (C:\Users\MSI\AndroidStudioProjects\GreetingCard\.gradle\7.4\checksums)" [_thread_blocked, id=21936, stack(0x0000000b85500000,0x0000000b85600000)]
  0x00000119ec510800 JavaThread "Cache worker for cache directory md-rule (C:\Users\MSI\.gradle\caches\7.4\md-rule)" [_thread_blocked, id=17784, stack(0x0000000b85600000,0x0000000b85700000)]
  0x00000119ec50e000 JavaThread "Cache worker for file hash cache (C:\Users\MSI\AndroidStudioProjects\GreetingCard\.gradle\7.4\fileHashes)" [_thread_blocked, id=41348, stack(0x0000000b85700000,0x0000000b85800000)]
  0x00000119ec50e800 JavaThread "Cache worker for cache directory md-supplier (C:\Users\MSI\.gradle\caches\7.4\md-supplier)" [_thread_blocked, id=29856, stack(0x0000000b85800000,0x0000000b85900000)]
  0x00000119ec511000 JavaThread "Cache worker for execution history cache (C:\Users\MSI\.gradle\caches\7.4\executionHistory)" [_thread_blocked, id=43588, stack(0x0000000b85900000,0x0000000b85a00000)]
  0x00000119ec513000 JavaThread "Cache worker for file content cache (C:\Users\MSI\.gradle\caches\7.4\fileContent)" [_thread_blocked, id=37020, stack(0x0000000b85a00000,0x0000000b85b00000)]

Other Threads:
  0x00000119e7dae800 VMThread "VM Thread" [stack: 0x0000000b82900000,0x0000000b82a00000] [id=19188]
  0x00000119e7fa2800 WatcherThread [stack: 0x0000000b83300000,0x0000000b83400000] [id=15648]
  0x00000119cd043800 GCTaskThread "GC Thread#0" [stack: 0x0000000b82400000,0x0000000b82500000] [id=23316]
  0x00000119e9460000 GCTaskThread "GC Thread#1" [stack: 0x0000000b83500000,0x0000000b83600000] [id=33048]
  0x00000119e9519000 GCTaskThread "GC Thread#2" [stack: 0x0000000b83600000,0x0000000b83700000] [id=41900]
  0x00000119e9333000 GCTaskThread "GC Thread#3" [stack: 0x0000000b83700000,0x0000000b83800000] [id=21180]
  0x00000119e90b6800 GCTaskThread "GC Thread#4" [stack: 0x0000000b83800000,0x0000000b83900000] [id=20652]
  0x00000119e9296800 GCTaskThread "GC Thread#5" [stack: 0x0000000b83900000,0x0000000b83a00000] [id=25292]
  0x00000119e82fe000 GCTaskThread "GC Thread#6" [stack: 0x0000000b83a00000,0x0000000b83b00000] [id=42324]
  0x00000119e875c000 GCTaskThread "GC Thread#7" [stack: 0x0000000b83b00000,0x0000000b83c00000] [id=39516]
  0x00000119cd077000 ConcurrentGCThread "G1 Main Marker" [stack: 0x0000000b82500000,0x0000000b82600000] [id=31732]
  0x00000119cd079000 ConcurrentGCThread "G1 Conc#0" [stack: 0x0000000b82600000,0x0000000b82700000] [id=28800]
  0x00000119ea25a000 ConcurrentGCThread "G1 Conc#1" [stack: 0x0000000b84800000,0x0000000b84900000] [id=8444]
  0x00000119cd0fe800 ConcurrentGCThread "G1 Refine#0" [stack: 0x0000000b82700000,0x0000000b82800000] [id=42380]
  0x00000119e9626000 ConcurrentGCThread "G1 Refine#1" [stack: 0x0000000b84100000,0x0000000b84200000] [id=42404]
  0x00000119e73f9000 ConcurrentGCThread "G1 Young RemSet Sampling" [stack: 0x0000000b82800000,0x0000000b82900000] [id=43708]

Threads with active compile tasks:
C2 CompilerThread0   8561 3815       4       org.objectweb.asm.Frame::execute (2318 bytes)
C1 CompilerThread0   8561 3953       2       org.objectweb.asm.ClassReader::readMethod (1066 bytes)
C2 CompilerThread1   8561 3846       4       java.util.zip.ZipFile$Source::initCEN (697 bytes)

VM state:not at safepoint (normal execution)

VM Mutex/Monitor currently owned by a thread: None

Heap address: 0x0000000080000000, size: 2048 MB, Compressed Oops mode: 32-bit
Narrow klass base: 0x0000000000000000, Narrow klass shift: 3
Compressed class space size: 1073741824 Address: 0x0000000100000000

Heap:
 garbage-first heap   total 391168K, used 155166K [0x0000000080000000, 0x0000000100000000)
  region size 1024K, 99 young (101376K), 3 survivors (3072K)
 Metaspace       used 43915K, capacity 45035K, committed 45104K, reserved 1089536K
  class space    used 5577K, capacity 5984K, committed 6016K, reserved 1048576K
Heap Regions: E=young(eden), S=young(survivor), O=old, HS=humongous(starts), HC=humongous(continues), CS=collection set, F=free, A=archive, TAMS=top-at-mark-start (previous, next)
|   0|0x0000000080000000, 0x0000000080100000, 0x0000000080100000|100%| O|  |TAMS 0x0000000080100000, 0x0000000080000000| Untracked 
|   1|0x0000000080100000, 0x0000000080200000, 0x0000000080200000|100%| O|  |TAMS 0x0000000080200000, 0x0000000080100000| Untracked 
|   2|0x0000000080200000, 0x0000000080300000, 0x0000000080300000|100%| O|  |TAMS 0x0000000080300000, 0x0000000080200000| Untracked 
|   3|0x0000000080300000, 0x0000000080400000, 0x0000000080400000|100%|HS|  |TAMS 0x0000000080400000, 0x0000000080300000| Complete 
|   4|0x0000000080400000, 0x0000000080500000, 0x0000000080500000|100%|HC|  |TAMS 0x0000000080500000, 0x0000000080400000| Complete 
|   5|0x0000000080500000, 0x0000000080600000, 0x0000000080600000|100%|HC|  |TAMS 0x0000000080600000, 0x0000000080500000| Complete 
|   6|0x0000000080600000, 0x0000000080700000, 0x0000000080700000|100%| O|  |TAMS 0x0000000080700000, 0x0000000080600000| Untracked 
|   7|0x0000000080700000, 0x0000000080800000, 0x0000000080800000|100%| O|  |TAMS 0x0000000080800000, 0x0000000080700000| Untracked 
|   8|0x0000000080800000, 0x0000000080900000, 0x0000000080900000|100%| O|  |TAMS 0x0000000080900000, 0x0000000080800000| Untracked 
|   9|0x0000000080900000, 0x0000000080a00000, 0x0000000080a00000|100%| O|  |TAMS 0x0000000080a00000, 0x0000000080900000| Untracked 
|  10|0x0000000080a00000, 0x0000000080b00000, 0x0000000080b00000|100%| O|  |TAMS 0x0000000080b00000, 0x0000000080a00000| Untracked 
|  11|0x0000000080b00000, 0x0000000080c00000, 0x0000000080c00000|100%| O|  |TAMS 0x0000000080c00000, 0x0000000080b00000| Untracked 
|  12|0x0000000080c00000, 0x0000000080d00000, 0x0000000080d00000|100%| O|  |TAMS 0x0000000080d00000, 0x0000000080c00000| Untracked 
|  13|0x0000000080d00000, 0x0000000080e00000, 0x0000000080e00000|100%| O|  |TAMS 0x0000000080e00000, 0x0000000080d00000| Untracked 
|  14|0x0000000080e00000, 0x0000000080f00000, 0x0000000080f00000|100%| O|  |TAMS 0x0000000080f00000, 0x0000000080e00000| Untracked 
|  15|0x0000000080f00000, 0x0000000081000000, 0x0000000081000000|100%| O|  |TAMS 0x0000000081000000, 0x0000000080f00000| Untracked 
|  16|0x0000000081000000, 0x0000000081100000, 0x0000000081100000|100%|HS|  |TAMS 0x0000000081100000, 0x0000000081000000| Complete 
|  17|0x0000000081100000, 0x0000000081200000, 0x0000000081200000|100%|HC|  |TAMS 0x0000000081200000, 0x0000000081100000| Complete 
|  18|0x0000000081200000, 0x0000000081300000, 0x0000000081300000|100%|HS|  |TAMS 0x0000000081300000, 0x0000000081200000| Complete 
|  19|0x0000000081300000, 0x0000000081400000, 0x0000000081400000|100%|HC|  |TAMS 0x0000000081400000, 0x0000000081300000| Complete 
|  20|0x0000000081400000, 0x0000000081500000, 0x0000000081500000|100%|HC|  |TAMS 0x0000000081500000, 0x0000000081400000| Complete 
|  21|0x0000000081500000, 0x0000000081600000, 0x0000000081600000|100%|HS|  |TAMS 0x0000000081600000, 0x0000000081500000| Complete 
|  22|0x0000000081600000, 0x0000000081700000, 0x0000000081700000|100%|HC|  |TAMS 0x0000000081700000, 0x0000000081600000| Complete 
|  23|0x0000000081700000, 0x0000000081800000, 0x0000000081800000|100%|HC|  |TAMS 0x0000000081800000, 0x0000000081700000| Complete 
|  24|0x0000000081800000, 0x0000000081900000, 0x0000000081900000|100%|HS|  |TAMS 0x0000000081900000, 0x0000000081800000| Complete 
|  25|0x0000000081900000, 0x0000000081a00000, 0x0000000081a00000|100%|HC|  |TAMS 0x0000000081a00000, 0x0000000081900000| Complete 
|  26|0x0000000081a00000, 0x0000000081b00000, 0x0000000081b00000|100%|HC|  |TAMS 0x0000000081b00000, 0x0000000081a00000| Complete 
|  27|0x0000000081b00000, 0x0000000081c00000, 0x0000000081c00000|100%|HC|  |TAMS 0x0000000081c00000, 0x0000000081b00000| Complete 
|  28|0x0000000081c00000, 0x0000000081d00000, 0x0000000081d00000|100%|HC|  |TAMS 0x0000000081d00000, 0x0000000081c00000| Complete 
|  29|0x0000000081d00000, 0x0000000081e00000, 0x0000000081e00000|100%|HS|  |TAMS 0x0000000081e00000, 0x0000000081d00000| Complete 
|  30|0x0000000081e00000, 0x0000000081f00000, 0x0000000081f00000|100%|HS|  |TAMS 0x0000000081f00000, 0x0000000081e00000| Complete 
|  31|0x0000000081f00000, 0x0000000082000000, 0x0000000082000000|100%|HC|  |TAMS 0x0000000082000000, 0x0000000081f00000| Complete 
|  32|0x0000000082000000, 0x0000000082100000, 0x0000000082100000|100%|HC|  |TAMS 0x0000000082100000, 0x0000000082000000| Complete 
|  33|0x0000000082100000, 0x0000000082200000, 0x0000000082200000|100%|HC|  |TAMS 0x0000000082200000, 0x0000000082100000| Complete 
|  34|0x0000000082200000, 0x0000000082300000, 0x0000000082300000|100%| O|  |TAMS 0x0000000082300000, 0x0000000082200000| Untracked 
|  35|0x0000000082300000, 0x0000000082400000, 0x0000000082400000|100%| O|  |TAMS 0x0000000082400000, 0x0000000082300000| Untracked 
|  36|0x0000000082400000, 0x0000000082500000, 0x0000000082500000|100%| O|  |TAMS 0x0000000082500000, 0x0000000082400000| Untracked 
|  37|0x0000000082500000, 0x0000000082600000, 0x0000000082600000|100%| O|  |TAMS 0x0000000082600000, 0x0000000082500000| Untracked 
|  38|0x0000000082600000, 0x0000000082700000, 0x0000000082700000|100%| O|  |TAMS 0x0000000082700000, 0x0000000082600000| Untracked 
|  39|0x0000000082700000, 0x0000000082800000, 0x0000000082800000|100%| O|  |TAMS 0x0000000082800000, 0x0000000082700000| Untracked 
|  40|0x0000000082800000, 0x0000000082900000, 0x0000000082900000|100%| O|  |TAMS 0x0000000082900000, 0x0000000082800000| Untracked 
|  41|0x0000000082900000, 0x00000000829bc200, 0x0000000082a00000| 73%| O|  |TAMS 0x00000000829bc200, 0x0000000082900000| Untracked 
|  42|0x0000000082a00000, 0x0000000082b00000, 0x0000000082b00000|100%|HS|  |TAMS 0x0000000082a00000, 0x0000000082a00000| Complete 
|  43|0x0000000082b00000, 0x0000000082c00000, 0x0000000082c00000|100%|HS|  |TAMS 0x0000000082b00000, 0x0000000082b00000| Complete 
|  44|0x0000000082c00000, 0x0000000082d00000, 0x0000000082d00000|100%|HC|  |TAMS 0x0000000082c00000, 0x0000000082c00000| Complete 
|  45|0x0000000082d00000, 0x0000000082e00000, 0x0000000082e00000|100%|HS|  |TAMS 0x0000000082d00000, 0x0000000082d00000| Complete 
|  46|0x0000000082e00000, 0x0000000082f00000, 0x0000000082f00000|100%|HC|  |TAMS 0x0000000082e00000, 0x0000000082e00000| Complete 
|  47|0x0000000082f00000, 0x0000000083000000, 0x0000000083000000|100%|HC|  |TAMS 0x0000000082f00000, 0x0000000082f00000| Complete 
|  48|0x0000000083000000, 0x0000000083100000, 0x0000000083100000|100%|HC|  |TAMS 0x0000000083000000, 0x0000000083000000| Complete 
|  49|0x0000000083100000, 0x0000000083200000, 0x0000000083200000|100%|HC|  |TAMS 0x0000000083100000, 0x0000000083100000| Complete 
|  50|0x0000000083200000, 0x0000000083300000, 0x0000000083300000|100%|HS|  |TAMS 0x0000000083200000, 0x0000000083200000| Complete 
|  51|0x0000000083300000, 0x0000000083400000, 0x0000000083400000|100%|HC|  |TAMS 0x0000000083300000, 0x0000000083300000| Complete 
|  52|0x0000000083400000, 0x0000000083500000, 0x0000000083500000|100%|HC|  |TAMS 0x0000000083400000, 0x0000000083400000| Complete 
|  53|0x0000000083500000, 0x0000000083600000, 0x0000000083600000|100%|HC|  |TAMS 0x0000000083500000, 0x0000000083500000| Complete 
|  54|0x0000000083600000, 0x0000000083700000, 0x0000000083700000|100%|HC|  |TAMS 0x0000000083600000, 0x0000000083600000| Complete 
|  55|0x0000000083700000, 0x0000000083700000, 0x0000000083800000|  0%| F|  |TAMS 0x0000000083700000, 0x0000000083700000| Untracked 
|  56|0x0000000083800000, 0x0000000083800000, 0x0000000083900000|  0%| F|  |TAMS 0x0000000083800000, 0x0000000083800000| Untracked 
|  57|0x0000000083900000, 0x0000000083900000, 0x0000000083a00000|  0%| F|  |TAMS 0x0000000083900000, 0x0000000083900000| Untracked 
|  58|0x0000000083a00000, 0x0000000083a00000, 0x0000000083b00000|  0%| F|  |TAMS 0x0000000083a00000, 0x0000000083a00000| Untracked 
|  59|0x0000000083b00000, 0x0000000083b00000, 0x0000000083c00000|  0%| F|  |TAMS 0x0000000083b00000, 0x0000000083b00000| Untracked 
|  60|0x0000000083c00000, 0x0000000083c00000, 0x0000000083d00000|  0%| F|  |TAMS 0x0000000083c00000, 0x0000000083c00000| Untracked 
|  61|0x0000000083d00000, 0x0000000083d00000, 0x0000000083e00000|  0%| F|  |TAMS 0x0000000083d00000, 0x0000000083d00000| Untracked 
|  62|0x0000000083e00000, 0x0000000083e00000, 0x0000000083f00000|  0%| F|  |TAMS 0x0000000083e00000, 0x0000000083e00000| Untracked 
|  63|0x0000000083f00000, 0x0000000083f00000, 0x0000000084000000|  0%| F|  |TAMS 0x0000000083f00000, 0x0000000083f00000| Untracked 
|  64|0x0000000084000000, 0x0000000084000000, 0x0000000084100000|  0%| F|  |TAMS 0x0000000084000000, 0x0000000084000000| Untracked 
|  65|0x0000000084100000, 0x0000000084100000, 0x0000000084200000|  0%| F|  |TAMS 0x0000000084100000, 0x0000000084100000| Untracked 
|  66|0x0000000084200000, 0x0000000084200000, 0x0000000084300000|  0%| F|  |TAMS 0x0000000084200000, 0x0000000084200000| Untracked 
|  67|0x0000000084300000, 0x0000000084300000, 0x0000000084400000|  0%| F|  |TAMS 0x0000000084300000, 0x0000000084300000| Untracked 
|  68|0x0000000084400000, 0x0000000084400000, 0x0000000084500000|  0%| F|  |TAMS 0x0000000084400000, 0x0000000084400000| Untracked 
|  69|0x0000000084500000, 0x0000000084500000, 0x0000000084600000|  0%| F|  |TAMS 0x0000000084500000, 0x0000000084500000| Untracked 
|  70|0x0000000084600000, 0x0000000084600000, 0x0000000084700000|  0%| F|  |TAMS 0x0000000084600000, 0x0000000084600000| Untracked 
|  71|0x0000000084700000, 0x0000000084700000, 0x0000000084800000|  0%| F|  |TAMS 0x0000000084700000, 0x0000000084700000| Untracked 
|  72|0x0000000084800000, 0x0000000084800000, 0x0000000084900000|  0%| F|  |TAMS 0x0000000084800000, 0x0000000084800000| Untracked 
|  73|0x0000000084900000, 0x0000000084900000, 0x0000000084a00000|  0%| F|  |TAMS 0x0000000084900000, 0x0000000084900000| Untracked 
|  74|0x0000000084a00000, 0x0000000084a00000, 0x0000000084b00000|  0%| F|  |TAMS 0x0000000084a00000, 0x0000000084a00000| Untracked 
|  75|0x0000000084b00000, 0x0000000084b00000, 0x0000000084c00000|  0%| F|  |TAMS 0x0000000084b00000, 0x0000000084b00000| Untracked 
|  76|0x0000000084c00000, 0x0000000084c00000, 0x0000000084d00000|  0%| F|  |TAMS 0x0000000084c00000, 0x0000000084c00000| Untracked 
|  77|0x0000000084d00000, 0x0000000084d00000, 0x0000000084e00000|  0%| F|  |TAMS 0x0000000084d00000, 0x0000000084d00000| Untracked 
|  78|0x0000000084e00000, 0x0000000084e00000, 0x0000000084f00000|  0%| F|  |TAMS 0x0000000084e00000, 0x0000000084e00000| Untracked 
|  79|0x0000000084f00000, 0x0000000084f00000, 0x0000000085000000|  0%| F|  |TAMS 0x0000000084f00000, 0x0000000084f00000| Untracked 
|  80|0x0000000085000000, 0x0000000085000000, 0x0000000085100000|  0%| F|  |TAMS 0x0000000085000000, 0x0000000085000000| Untracked 
|  81|0x0000000085100000, 0x0000000085100000, 0x0000000085200000|  0%| F|  |TAMS 0x0000000085100000, 0x0000000085100000| Untracked 
|  82|0x0000000085200000, 0x0000000085200000, 0x0000000085300000|  0%| F|  |TAMS 0x0000000085200000, 0x0000000085200000| Untracked 
|  83|0x0000000085300000, 0x0000000085300000, 0x0000000085400000|  0%| F|  |TAMS 0x0000000085300000, 0x0000000085300000| Untracked 
|  84|0x0000000085400000, 0x0000000085400000, 0x0000000085500000|  0%| F|  |TAMS 0x0000000085400000, 0x0000000085400000| Untracked 
|  85|0x0000000085500000, 0x0000000085500000, 0x0000000085600000|  0%| F|  |TAMS 0x0000000085500000, 0x0000000085500000| Untracked 
|  86|0x0000000085600000, 0x0000000085600000, 0x0000000085700000|  0%| F|  |TAMS 0x0000000085600000, 0x0000000085600000| Untracked 
|  87|0x0000000085700000, 0x0000000085700000, 0x0000000085800000|  0%| F|  |TAMS 0x0000000085700000, 0x0000000085700000| Untracked 
|  88|0x0000000085800000, 0x0000000085800000, 0x0000000085900000|  0%| F|  |TAMS 0x0000000085800000, 0x0000000085800000| Untracked 
|  89|0x0000000085900000, 0x0000000085900000, 0x0000000085a00000|  0%| F|  |TAMS 0x0000000085900000, 0x0000000085900000| Untracked 
|  90|0x0000000085a00000, 0x0000000085a00000, 0x0000000085b00000|  0%| F|  |TAMS 0x0000000085a00000, 0x0000000085a00000| Untracked 
|  91|0x0000000085b00000, 0x0000000085b00000, 0x0000000085c00000|  0%| F|  |TAMS 0x0000000085b00000, 0x0000000085b00000| Untracked 
|  92|0x0000000085c00000, 0x0000000085c00000, 0x0000000085d00000|  0%| F|  |TAMS 0x0000000085c00000, 0x0000000085c00000| Untracked 
|  93|0x0000000085d00000, 0x0000000085d00000, 0x0000000085e00000|  0%| F|  |TAMS 0x0000000085d00000, 0x0000000085d00000| Untracked 
|  94|0x0000000085e00000, 0x0000000085e00000, 0x0000000085f00000|  0%| F|  |TAMS 0x0000000085e00000, 0x0000000085e00000| Untracked 
|  95|0x0000000085f00000, 0x0000000085f00000, 0x0000000086000000|  0%| F|  |TAMS 0x0000000085f00000, 0x0000000085f00000| Untracked 
|  96|0x0000000086000000, 0x0000000086000000, 0x0000000086100000|  0%| F|  |TAMS 0x0000000086000000, 0x0000000086000000| Untracked 
|  97|0x0000000086100000, 0x0000000086100000, 0x0000000086200000|  0%| F|  |TAMS 0x0000000086100000, 0x0000000086100000| Untracked 
|  98|0x0000000086200000, 0x0000000086200000, 0x0000000086300000|  0%| F|  |TAMS 0x0000000086200000, 0x0000000086200000| Untracked 
|  99|0x0000000086300000, 0x0000000086300000, 0x0000000086400000|  0%| F|  |TAMS 0x0000000086300000, 0x0000000086300000| Untracked 
| 100|0x0000000086400000, 0x0000000086400000, 0x0000000086500000|  0%| F|  |TAMS 0x0000000086400000, 0x0000000086400000| Untracked 
| 101|0x0000000086500000, 0x0000000086500000, 0x0000000086600000|  0%| F|  |TAMS 0x0000000086500000, 0x0000000086500000| Untracked 
| 102|0x0000000086600000, 0x0000000086600000, 0x0000000086700000|  0%| F|  |TAMS 0x0000000086600000, 0x0000000086600000| Untracked 
| 103|0x0000000086700000, 0x0000000086700000, 0x0000000086800000|  0%| F|  |TAMS 0x0000000086700000, 0x0000000086700000| Untracked 
| 104|0x0000000086800000, 0x0000000086800000, 0x0000000086900000|  0%| F|  |TAMS 0x0000000086800000, 0x0000000086800000| Untracked 
| 105|0x0000000086900000, 0x0000000086900000, 0x0000000086a00000|  0%| F|  |TAMS 0x0000000086900000, 0x0000000086900000| Untracked 
| 106|0x0000000086a00000, 0x0000000086a00000, 0x0000000086b00000|  0%| F|  |TAMS 0x0000000086a00000, 0x0000000086a00000| Untracked 
| 107|0x0000000086b00000, 0x0000000086b00000, 0x0000000086c00000|  0%| F|  |TAMS 0x0000000086b00000, 0x0000000086b00000| Untracked 
| 108|0x0000000086c00000, 0x0000000086c00000, 0x0000000086d00000|  0%| F|  |TAMS 0x0000000086c00000, 0x0000000086c00000| Untracked 
| 109|0x0000000086d00000, 0x0000000086d00000, 0x0000000086e00000|  0%| F|  |TAMS 0x0000000086d00000, 0x0000000086d00000| Untracked 
| 110|0x0000000086e00000, 0x0000000086e00000, 0x0000000086f00000|  0%| F|  |TAMS 0x0000000086e00000, 0x0000000086e00000| Untracked 
| 111|0x0000000086f00000, 0x0000000086f00000, 0x0000000087000000|  0%| F|  |TAMS 0x0000000086f00000, 0x0000000086f00000| Untracked 
| 112|0x0000000087000000, 0x0000000087000000, 0x0000000087100000|  0%| F|  |TAMS 0x0000000087000000, 0x0000000087000000| Untracked 
| 113|0x0000000087100000, 0x0000000087100000, 0x0000000087200000|  0%| F|  |TAMS 0x0000000087100000, 0x0000000087100000| Untracked 
| 114|0x0000000087200000, 0x0000000087200000, 0x0000000087300000|  0%| F|  |TAMS 0x0000000087200000, 0x0000000087200000| Untracked 
| 115|0x0000000087300000, 0x0000000087300000, 0x0000000087400000|  0%| F|  |TAMS 0x0000000087300000, 0x0000000087300000| Untracked 
| 116|0x0000000087400000, 0x0000000087400000, 0x0000000087500000|  0%| F|  |TAMS 0x0000000087400000, 0x0000000087400000| Untracked 
| 117|0x0000000087500000, 0x0000000087500000, 0x0000000087600000|  0%| F|  |TAMS 0x0000000087500000, 0x0000000087500000| Untracked 
| 118|0x0000000087600000, 0x0000000087600000, 0x0000000087700000|  0%| F|  |TAMS 0x0000000087600000, 0x0000000087600000| Untracked 
| 119|0x0000000087700000, 0x0000000087700000, 0x0000000087800000|  0%| F|  |TAMS 0x0000000087700000, 0x0000000087700000| Untracked 
| 120|0x0000000087800000, 0x0000000087800000, 0x0000000087900000|  0%| F|  |TAMS 0x0000000087800000, 0x0000000087800000| Untracked 
| 121|0x0000000087900000, 0x0000000087900000, 0x0000000087a00000|  0%| F|  |TAMS 0x0000000087900000, 0x0000000087900000| Untracked 
| 122|0x0000000087a00000, 0x0000000087a00000, 0x0000000087b00000|  0%| F|  |TAMS 0x0000000087a00000, 0x0000000087a00000| Untracked 
| 123|0x0000000087b00000, 0x0000000087b00000, 0x0000000087c00000|  0%| F|  |TAMS 0x0000000087b00000, 0x0000000087b00000| Untracked 
| 124|0x0000000087c00000, 0x0000000087c00000, 0x0000000087d00000|  0%| F|  |TAMS 0x0000000087c00000, 0x0000000087c00000| Untracked 
| 125|0x0000000087d00000, 0x0000000087d00000, 0x0000000087e00000|  0%| F|  |TAMS 0x0000000087d00000, 0x0000000087d00000| Untracked 
| 126|0x0000000087e00000, 0x0000000087e00000, 0x0000000087f00000|  0%| F|  |TAMS 0x0000000087e00000, 0x0000000087e00000| Untracked 
| 127|0x0000000087f00000, 0x0000000087f00000, 0x0000000088000000|  0%| F|  |TAMS 0x0000000087f00000, 0x0000000087f00000| Untracked 
| 128|0x0000000088000000, 0x0000000088000000, 0x0000000088100000|  0%| F|  |TAMS 0x0000000088000000, 0x0000000088000000| Untracked 
| 129|0x0000000088100000, 0x0000000088100000, 0x0000000088200000|  0%| F|  |TAMS 0x0000000088100000, 0x0000000088100000| Untracked 
| 130|0x0000000088200000, 0x0000000088200000, 0x0000000088300000|  0%| F|  |TAMS 0x0000000088200000, 0x0000000088200000| Untracked 
| 131|0x0000000088300000, 0x0000000088300000, 0x0000000088400000|  0%| F|  |TAMS 0x0000000088300000, 0x0000000088300000| Untracked 
| 132|0x0000000088400000, 0x0000000088400000, 0x0000000088500000|  0%| F|  |TAMS 0x0000000088400000, 0x0000000088400000| Untracked 
| 133|0x0000000088500000, 0x0000000088500000, 0x0000000088600000|  0%| F|  |TAMS 0x0000000088500000, 0x0000000088500000| Untracked 
| 134|0x0000000088600000, 0x0000000088600000, 0x0000000088700000|  0%| F|  |TAMS 0x0000000088600000, 0x0000000088600000| Untracked 
| 135|0x0000000088700000, 0x0000000088700000, 0x0000000088800000|  0%| F|  |TAMS 0x0000000088700000, 0x0000000088700000| Untracked 
| 136|0x0000000088800000, 0x0000000088800000, 0x0000000088900000|  0%| F|  |TAMS 0x0000000088800000, 0x0000000088800000| Untracked 
| 137|0x0000000088900000, 0x0000000088900000, 0x0000000088a00000|  0%| F|  |TAMS 0x0000000088900000, 0x0000000088900000| Untracked 
| 138|0x0000000088a00000, 0x0000000088a00000, 0x0000000088b00000|  0%| F|  |TAMS 0x0000000088a00000, 0x0000000088a00000| Untracked 
| 139|0x0000000088b00000, 0x0000000088b00000, 0x0000000088c00000|  0%| F|  |TAMS 0x0000000088b00000, 0x0000000088b00000| Untracked 
| 140|0x0000000088c00000, 0x0000000088c00000, 0x0000000088d00000|  0%| F|  |TAMS 0x0000000088c00000, 0x0000000088c00000| Untracked 
| 141|0x0000000088d00000, 0x0000000088d00000, 0x0000000088e00000|  0%| F|  |TAMS 0x0000000088d00000, 0x0000000088d00000| Untracked 
| 142|0x0000000088e00000, 0x0000000088e00000, 0x0000000088f00000|  0%| F|  |TAMS 0x0000000088e00000, 0x0000000088e00000| Untracked 
| 143|0x0000000088f00000, 0x0000000088f00000, 0x0000000089000000|  0%| F|  |TAMS 0x0000000088f00000, 0x0000000088f00000| Untracked 
| 144|0x0000000089000000, 0x0000000089000000, 0x0000000089100000|  0%| F|  |TAMS 0x0000000089000000, 0x0000000089000000| Untracked 
| 145|0x0000000089100000, 0x0000000089100000, 0x0000000089200000|  0%| F|  |TAMS 0x0000000089100000, 0x0000000089100000| Untracked 
| 146|0x0000000089200000, 0x0000000089200000, 0x0000000089300000|  0%| F|  |TAMS 0x0000000089200000, 0x0000000089200000| Untracked 
| 147|0x0000000089300000, 0x0000000089300000, 0x0000000089400000|  0%| F|  |TAMS 0x0000000089300000, 0x0000000089300000| Untracked 
| 148|0x0000000089400000, 0x0000000089400000, 0x0000000089500000|  0%| F|  |TAMS 0x0000000089400000, 0x0000000089400000| Untracked 
| 149|0x0000000089500000, 0x0000000089500000, 0x0000000089600000|  0%| F|  |TAMS 0x0000000089500000, 0x0000000089500000| Untracked 
| 150|0x0000000089600000, 0x0000000089600000, 0x0000000089700000|  0%| F|  |TAMS 0x0000000089600000, 0x0000000089600000| Untracked 
| 151|0x0000000089700000, 0x0000000089700000, 0x0000000089800000|  0%| F|  |TAMS 0x0000000089700000, 0x0000000089700000| Untracked 
| 152|0x0000000089800000, 0x0000000089800000, 0x0000000089900000|  0%| F|  |TAMS 0x0000000089800000, 0x0000000089800000| Untracked 
| 153|0x0000000089900000, 0x0000000089900000, 0x0000000089a00000|  0%| F|  |TAMS 0x0000000089900000, 0x0000000089900000| Untracked 
| 154|0x0000000089a00000, 0x0000000089a00000, 0x0000000089b00000|  0%| F|  |TAMS 0x0000000089a00000, 0x0000000089a00000| Untracked 
| 155|0x0000000089b00000, 0x0000000089b00000, 0x0000000089c00000|  0%| F|  |TAMS 0x0000000089b00000, 0x0000000089b00000| Untracked 
| 156|0x0000000089c00000, 0x0000000089c00000, 0x0000000089d00000|  0%| F|  |TAMS 0x0000000089c00000, 0x0000000089c00000| Untracked 
| 157|0x0000000089d00000, 0x0000000089d00000, 0x0000000089e00000|  0%| F|  |TAMS 0x0000000089d00000, 0x0000000089d00000| Untracked 
| 158|0x0000000089e00000, 0x0000000089e00000, 0x0000000089f00000|  0%| F|  |TAMS 0x0000000089e00000, 0x0000000089e00000| Untracked 
| 159|0x0000000089f00000, 0x0000000089f00000, 0x000000008a000000|  0%| F|  |TAMS 0x0000000089f00000, 0x0000000089f00000| Untracked 
| 160|0x000000008a000000, 0x000000008a000000, 0x000000008a100000|  0%| F|  |TAMS 0x000000008a000000, 0x000000008a000000| Untracked 
| 161|0x000000008a100000, 0x000000008a100000, 0x000000008a200000|  0%| F|  |TAMS 0x000000008a100000, 0x000000008a100000| Untracked 
| 162|0x000000008a200000, 0x000000008a200000, 0x000000008a300000|  0%| F|  |TAMS 0x000000008a200000, 0x000000008a200000| Untracked 
| 163|0x000000008a300000, 0x000000008a300000, 0x000000008a400000|  0%| F|  |TAMS 0x000000008a300000, 0x000000008a300000| Untracked 
| 164|0x000000008a400000, 0x000000008a400000, 0x000000008a500000|  0%| F|  |TAMS 0x000000008a400000, 0x000000008a400000| Untracked 
| 165|0x000000008a500000, 0x000000008a500000, 0x000000008a600000|  0%| F|  |TAMS 0x000000008a500000, 0x000000008a500000| Untracked 
| 166|0x000000008a600000, 0x000000008a600000, 0x000000008a700000|  0%| F|  |TAMS 0x000000008a600000, 0x000000008a600000| Untracked 
| 167|0x000000008a700000, 0x000000008a700000, 0x000000008a800000|  0%| F|  |TAMS 0x000000008a700000, 0x000000008a700000| Untracked 
| 168|0x000000008a800000, 0x000000008a800000, 0x000000008a900000|  0%| F|  |TAMS 0x000000008a800000, 0x000000008a800000| Untracked 
| 169|0x000000008a900000, 0x000000008a900000, 0x000000008aa00000|  0%| F|  |TAMS 0x000000008a900000, 0x000000008a900000| Untracked 
| 170|0x000000008aa00000, 0x000000008aa00000, 0x000000008ab00000|  0%| F|  |TAMS 0x000000008aa00000, 0x000000008aa00000| Untracked 
| 171|0x000000008ab00000, 0x000000008ab00000, 0x000000008ac00000|  0%| F|  |TAMS 0x000000008ab00000, 0x000000008ab00000| Untracked 
| 172|0x000000008ac00000, 0x000000008ac00000, 0x000000008ad00000|  0%| F|  |TAMS 0x000000008ac00000, 0x000000008ac00000| Untracked 
| 173|0x000000008ad00000, 0x000000008ad00000, 0x000000008ae00000|  0%| F|  |TAMS 0x000000008ad00000, 0x000000008ad00000| Untracked 
| 174|0x000000008ae00000, 0x000000008ae00000, 0x000000008af00000|  0%| F|  |TAMS 0x000000008ae00000, 0x000000008ae00000| Untracked 
| 175|0x000000008af00000, 0x000000008af00000, 0x000000008b000000|  0%| F|  |TAMS 0x000000008af00000, 0x000000008af00000| Untracked 
| 176|0x000000008b000000, 0x000000008b000000, 0x000000008b100000|  0%| F|  |TAMS 0x000000008b000000, 0x000000008b000000| Untracked 
| 177|0x000000008b100000, 0x000000008b100000, 0x000000008b200000|  0%| F|  |TAMS 0x000000008b100000, 0x000000008b100000| Untracked 
| 178|0x000000008b200000, 0x000000008b200000, 0x000000008b300000|  0%| F|  |TAMS 0x000000008b200000, 0x000000008b200000| Untracked 
| 179|0x000000008b300000, 0x000000008b300000, 0x000000008b400000|  0%| F|  |TAMS 0x000000008b300000, 0x000000008b300000| Untracked 
| 180|0x000000008b400000, 0x000000008b400000, 0x000000008b500000|  0%| F|  |TAMS 0x000000008b400000, 0x000000008b400000| Untracked 
| 181|0x000000008b500000, 0x000000008b500000, 0x000000008b600000|  0%| F|  |TAMS 0x000000008b500000, 0x000000008b500000| Untracked 
| 182|0x000000008b600000, 0x000000008b600000, 0x000000008b700000|  0%| F|  |TAMS 0x000000008b600000, 0x000000008b600000| Untracked 
| 183|0x000000008b700000, 0x000000008b700000, 0x000000008b800000|  0%| F|  |TAMS 0x000000008b700000, 0x000000008b700000| Untracked 
| 184|0x000000008b800000, 0x000000008b800000, 0x000000008b900000|  0%| F|  |TAMS 0x000000008b800000, 0x000000008b800000| Untracked 
| 185|0x000000008b900000, 0x000000008b900000, 0x000000008ba00000|  0%| F|  |TAMS 0x000000008b900000, 0x000000008b900000| Untracked 
| 186|0x000000008ba00000, 0x000000008ba00000, 0x000000008bb00000|  0%| F|  |TAMS 0x000000008ba00000, 0x000000008ba00000| Untracked 
| 187|0x000000008bb00000, 0x000000008bb00000, 0x000000008bc00000|  0%| F|  |TAMS 0x000000008bb00000, 0x000000008bb00000| Untracked 
| 188|0x000000008bc00000, 0x000000008bc00000, 0x000000008bd00000|  0%| F|  |TAMS 0x000000008bc00000, 0x000000008bc00000| Untracked 
| 189|0x000000008bd00000, 0x000000008bd00000, 0x000000008be00000|  0%| F|  |TAMS 0x000000008bd00000, 0x000000008bd00000| Untracked 
| 190|0x000000008be00000, 0x000000008be00000, 0x000000008bf00000|  0%| F|  |TAMS 0x000000008be00000, 0x000000008be00000| Untracked 
| 191|0x000000008bf00000, 0x000000008bf00000, 0x000000008c000000|  0%| F|  |TAMS 0x000000008bf00000, 0x000000008bf00000| Untracked 
| 192|0x000000008c000000, 0x000000008c000000, 0x000000008c100000|  0%| F|  |TAMS 0x000000008c000000, 0x000000008c000000| Untracked 
| 193|0x000000008c100000, 0x000000008c100000, 0x000000008c200000|  0%| F|  |TAMS 0x000000008c100000, 0x000000008c100000| Untracked 
| 194|0x000000008c200000, 0x000000008c200000, 0x000000008c300000|  0%| F|  |TAMS 0x000000008c200000, 0x000000008c200000| Untracked 
| 195|0x000000008c300000, 0x000000008c300000, 0x000000008c400000|  0%| F|  |TAMS 0x000000008c300000, 0x000000008c300000| Untracked 
| 196|0x000000008c400000, 0x000000008c400000, 0x000000008c500000|  0%| F|  |TAMS 0x000000008c400000, 0x000000008c400000| Untracked 
| 197|0x000000008c500000, 0x000000008c500000, 0x000000008c600000|  0%| F|  |TAMS 0x000000008c500000, 0x000000008c500000| Untracked 
| 198|0x000000008c600000, 0x000000008c600000, 0x000000008c700000|  0%| F|  |TAMS 0x000000008c600000, 0x000000008c600000| Untracked 
| 199|0x000000008c700000, 0x000000008c700000, 0x000000008c800000|  0%| F|  |TAMS 0x000000008c700000, 0x000000008c700000| Untracked 
| 200|0x000000008c800000, 0x000000008c800000, 0x000000008c900000|  0%| F|  |TAMS 0x000000008c800000, 0x000000008c800000| Untracked 
| 201|0x000000008c900000, 0x000000008c900000, 0x000000008ca00000|  0%| F|  |TAMS 0x000000008c900000, 0x000000008c900000| Untracked 
| 202|0x000000008ca00000, 0x000000008ca00000, 0x000000008cb00000|  0%| F|  |TAMS 0x000000008ca00000, 0x000000008ca00000| Untracked 
| 203|0x000000008cb00000, 0x000000008cb00000, 0x000000008cc00000|  0%| F|  |TAMS 0x000000008cb00000, 0x000000008cb00000| Untracked 
| 204|0x000000008cc00000, 0x000000008cc00000, 0x000000008cd00000|  0%| F|  |TAMS 0x000000008cc00000, 0x000000008cc00000| Untracked 
| 205|0x000000008cd00000, 0x000000008cd00000, 0x000000008ce00000|  0%| F|  |TAMS 0x000000008cd00000, 0x000000008cd00000| Untracked 
| 206|0x000000008ce00000, 0x000000008ce00000, 0x000000008cf00000|  0%| F|  |TAMS 0x000000008ce00000, 0x000000008ce00000| Untracked 
| 207|0x000000008cf00000, 0x000000008cf00000, 0x000000008d000000|  0%| F|  |TAMS 0x000000008cf00000, 0x000000008cf00000| Untracked 
| 208|0x000000008d000000, 0x000000008d000000, 0x000000008d100000|  0%| F|  |TAMS 0x000000008d000000, 0x000000008d000000| Untracked 
| 209|0x000000008d100000, 0x000000008d100000, 0x000000008d200000|  0%| F|  |TAMS 0x000000008d100000, 0x000000008d100000| Untracked 
| 210|0x000000008d200000, 0x000000008d200000, 0x000000008d300000|  0%| F|  |TAMS 0x000000008d200000, 0x000000008d200000| Untracked 
| 211|0x000000008d300000, 0x000000008d300000, 0x000000008d400000|  0%| F|  |TAMS 0x000000008d300000, 0x000000008d300000| Untracked 
| 212|0x000000008d400000, 0x000000008d400000, 0x000000008d500000|  0%| F|  |TAMS 0x000000008d400000, 0x000000008d400000| Untracked 
| 213|0x000000008d500000, 0x000000008d500000, 0x000000008d600000|  0%| F|  |TAMS 0x000000008d500000, 0x000000008d500000| Untracked 
| 214|0x000000008d600000, 0x000000008d600000, 0x000000008d700000|  0%| F|  |TAMS 0x000000008d600000, 0x000000008d600000| Untracked 
| 215|0x000000008d700000, 0x000000008d700000, 0x000000008d800000|  0%| F|  |TAMS 0x000000008d700000, 0x000000008d700000| Untracked 
| 216|0x000000008d800000, 0x000000008d800000, 0x000000008d900000|  0%| F|  |TAMS 0x000000008d800000, 0x000000008d800000| Untracked 
| 217|0x000000008d900000, 0x000000008d900000, 0x000000008da00000|  0%| F|  |TAMS 0x000000008d900000, 0x000000008d900000| Untracked 
| 218|0x000000008da00000, 0x000000008da00000, 0x000000008db00000|  0%| F|  |TAMS 0x000000008da00000, 0x000000008da00000| Untracked 
| 219|0x000000008db00000, 0x000000008db00000, 0x000000008dc00000|  0%| F|  |TAMS 0x000000008db00000, 0x000000008db00000| Untracked 
| 220|0x000000008dc00000, 0x000000008dc00000, 0x000000008dd00000|  0%| F|  |TAMS 0x000000008dc00000, 0x000000008dc00000| Untracked 
| 221|0x000000008dd00000, 0x000000008dd00000, 0x000000008de00000|  0%| F|  |TAMS 0x000000008dd00000, 0x000000008dd00000| Untracked 
| 222|0x000000008de00000, 0x000000008de00000, 0x000000008df00000|  0%| F|  |TAMS 0x000000008de00000, 0x000000008de00000| Untracked 
| 223|0x000000008df00000, 0x000000008df00000, 0x000000008e000000|  0%| F|  |TAMS 0x000000008df00000, 0x000000008df00000| Untracked 
| 224|0x000000008e000000, 0x000000008e000000, 0x000000008e100000|  0%| F|  |TAMS 0x000000008e000000, 0x000000008e000000| Untracked 
| 225|0x000000008e100000, 0x000000008e100000, 0x000000008e200000|  0%| F|  |TAMS 0x000000008e100000, 0x000000008e100000| Untracked 
| 226|0x000000008e200000, 0x000000008e200000, 0x000000008e300000|  0%| F|  |TAMS 0x000000008e200000, 0x000000008e200000| Untracked 
| 227|0x000000008e300000, 0x000000008e300000, 0x000000008e400000|  0%| F|  |TAMS 0x000000008e300000, 0x000000008e300000| Untracked 
| 228|0x000000008e400000, 0x000000008e400000, 0x000000008e500000|  0%| F|  |TAMS 0x000000008e400000, 0x000000008e400000| Untracked 
| 229|0x000000008e500000, 0x000000008e500000, 0x000000008e600000|  0%| F|  |TAMS 0x000000008e500000, 0x000000008e500000| Untracked 
| 230|0x000000008e600000, 0x000000008e600000, 0x000000008e700000|  0%| F|  |TAMS 0x000000008e600000, 0x000000008e600000| Untracked 
| 231|0x000000008e700000, 0x000000008e700000, 0x000000008e800000|  0%| F|  |TAMS 0x000000008e700000, 0x000000008e700000| Untracked 
| 232|0x000000008e800000, 0x000000008e800000, 0x000000008e900000|  0%| F|  |TAMS 0x000000008e800000, 0x000000008e800000| Untracked 
| 233|0x000000008e900000, 0x000000008e900000, 0x000000008ea00000|  0%| F|  |TAMS 0x000000008e900000, 0x000000008e900000| Untracked 
| 234|0x000000008ea00000, 0x000000008ea00000, 0x000000008eb00000|  0%| F|  |TAMS 0x000000008ea00000, 0x000000008ea00000| Untracked 
| 235|0x000000008eb00000, 0x000000008eb00000, 0x000000008ec00000|  0%| F|  |TAMS 0x000000008eb00000, 0x000000008eb00000| Untracked 
| 236|0x000000008ec00000, 0x000000008ec00000, 0x000000008ed00000|  0%| F|  |TAMS 0x000000008ec00000, 0x000000008ec00000| Untracked 
| 237|0x000000008ed00000, 0x000000008ed00000, 0x000000008ee00000|  0%| F|  |TAMS 0x000000008ed00000, 0x000000008ed00000| Untracked 
| 238|0x000000008ee00000, 0x000000008ee00000, 0x000000008ef00000|  0%| F|  |TAMS 0x000000008ee00000, 0x000000008ee00000| Untracked 
| 239|0x000000008ef00000, 0x000000008ef00000, 0x000000008f000000|  0%| F|  |TAMS 0x000000008ef00000, 0x000000008ef00000| Untracked 
| 240|0x000000008f000000, 0x000000008f000000, 0x000000008f100000|  0%| F|  |TAMS 0x000000008f000000, 0x000000008f000000| Untracked 
| 241|0x000000008f100000, 0x000000008f100000, 0x000000008f200000|  0%| F|  |TAMS 0x000000008f100000, 0x000000008f100000| Untracked 
| 242|0x000000008f200000, 0x000000008f200000, 0x000000008f300000|  0%| F|  |TAMS 0x000000008f200000, 0x000000008f200000| Untracked 
| 243|0x000000008f300000, 0x000000008f300000, 0x000000008f400000|  0%| F|  |TAMS 0x000000008f300000, 0x000000008f300000| Untracked 
| 244|0x000000008f400000, 0x000000008f400000, 0x000000008f500000|  0%| F|  |TAMS 0x000000008f400000, 0x000000008f400000| Untracked 
| 245|0x000000008f500000, 0x000000008f500000, 0x000000008f600000|  0%| F|  |TAMS 0x000000008f500000, 0x000000008f500000| Untracked 
| 246|0x000000008f600000, 0x000000008f600000, 0x000000008f700000|  0%| F|  |TAMS 0x000000008f600000, 0x000000008f600000| Untracked 
| 247|0x000000008f700000, 0x000000008f700000, 0x000000008f800000|  0%| F|  |TAMS 0x000000008f700000, 0x000000008f700000| Untracked 
| 248|0x000000008f800000, 0x000000008f800000, 0x000000008f900000|  0%| F|  |TAMS 0x000000008f800000, 0x000000008f800000| Untracked 
| 249|0x000000008f900000, 0x000000008f900000, 0x000000008fa00000|  0%| F|  |TAMS 0x000000008f900000, 0x000000008f900000| Untracked 
| 250|0x000000008fa00000, 0x000000008fa00000, 0x000000008fb00000|  0%| F|  |TAMS 0x000000008fa00000, 0x000000008fa00000| Untracked 
| 251|0x000000008fb00000, 0x000000008fb00000, 0x000000008fc00000|  0%| F|  |TAMS 0x000000008fb00000, 0x000000008fb00000| Untracked 
| 252|0x000000008fc00000, 0x000000008fc00000, 0x000000008fd00000|  0%| F|  |TAMS 0x000000008fc00000, 0x000000008fc00000| Untracked 
| 253|0x000000008fd00000, 0x000000008fd00000, 0x000000008fe00000|  0%| F|  |TAMS 0x000000008fd00000, 0x000000008fd00000| Untracked 
| 254|0x000000008fe00000, 0x000000008fe00000, 0x000000008ff00000|  0%| F|  |TAMS 0x000000008fe00000, 0x000000008fe00000| Untracked 
| 255|0x000000008ff00000, 0x000000008ff00000, 0x0000000090000000|  0%| F|  |TAMS 0x000000008ff00000, 0x000000008ff00000| Untracked 
| 256|0x0000000090000000, 0x0000000090000000, 0x0000000090100000|  0%| F|  |TAMS 0x0000000090000000, 0x0000000090000000| Untracked 
| 257|0x0000000090100000, 0x0000000090100000, 0x0000000090200000|  0%| F|  |TAMS 0x0000000090100000, 0x0000000090100000| Untracked 
| 258|0x0000000090200000, 0x0000000090200000, 0x0000000090300000|  0%| F|  |TAMS 0x0000000090200000, 0x0000000090200000| Untracked 
| 259|0x0000000090300000, 0x0000000090300000, 0x0000000090400000|  0%| F|  |TAMS 0x0000000090300000, 0x0000000090300000| Untracked 
| 260|0x0000000090400000, 0x0000000090400000, 0x0000000090500000|  0%| F|  |TAMS 0x0000000090400000, 0x0000000090400000| Untracked 
| 261|0x0000000090500000, 0x0000000090500000, 0x0000000090600000|  0%| F|  |TAMS 0x0000000090500000, 0x0000000090500000| Untracked 
| 262|0x0000000090600000, 0x0000000090600000, 0x0000000090700000|  0%| F|  |TAMS 0x0000000090600000, 0x0000000090600000| Untracked 
| 263|0x0000000090700000, 0x0000000090700000, 0x0000000090800000|  0%| F|  |TAMS 0x0000000090700000, 0x0000000090700000| Untracked 
| 264|0x0000000090800000, 0x0000000090800000, 0x0000000090900000|  0%| F|  |TAMS 0x0000000090800000, 0x0000000090800000| Untracked 
| 265|0x0000000090900000, 0x0000000090900000, 0x0000000090a00000|  0%| F|  |TAMS 0x0000000090900000, 0x0000000090900000| Untracked 
| 266|0x0000000090a00000, 0x0000000090a00000, 0x0000000090b00000|  0%| F|  |TAMS 0x0000000090a00000, 0x0000000090a00000| Untracked 
| 267|0x0000000090b00000, 0x0000000090b00000, 0x0000000090c00000|  0%| F|  |TAMS 0x0000000090b00000, 0x0000000090b00000| Untracked 
| 268|0x0000000090c00000, 0x0000000090c00000, 0x0000000090d00000|  0%| F|  |TAMS 0x0000000090c00000, 0x0000000090c00000| Untracked 
| 269|0x0000000090d00000, 0x0000000090d00000, 0x0000000090e00000|  0%| F|  |TAMS 0x0000000090d00000, 0x0000000090d00000| Untracked 
| 270|0x0000000090e00000, 0x0000000090e00000, 0x0000000090f00000|  0%| F|  |TAMS 0x0000000090e00000, 0x0000000090e00000| Untracked 
| 271|0x0000000090f00000, 0x0000000090f00000, 0x0000000091000000|  0%| F|  |TAMS 0x0000000090f00000, 0x0000000090f00000| Untracked 
| 272|0x0000000091000000, 0x0000000091000000, 0x0000000091100000|  0%| F|  |TAMS 0x0000000091000000, 0x0000000091000000| Untracked 
| 273|0x0000000091100000, 0x0000000091100000, 0x0000000091200000|  0%| F|  |TAMS 0x0000000091100000, 0x0000000091100000| Untracked 
| 274|0x0000000091200000, 0x0000000091200000, 0x0000000091300000|  0%| F|  |TAMS 0x0000000091200000, 0x0000000091200000| Untracked 
| 275|0x0000000091300000, 0x0000000091300000, 0x0000000091400000|  0%| F|  |TAMS 0x0000000091300000, 0x0000000091300000| Untracked 
| 276|0x0000000091400000, 0x0000000091400000, 0x0000000091500000|  0%| F|  |TAMS 0x0000000091400000, 0x0000000091400000| Untracked 
| 277|0x0000000091500000, 0x0000000091500000, 0x0000000091600000|  0%| F|  |TAMS 0x0000000091500000, 0x0000000091500000| Untracked 
| 278|0x0000000091600000, 0x0000000091600000, 0x0000000091700000|  0%| F|  |TAMS 0x0000000091600000, 0x0000000091600000| Untracked 
| 279|0x0000000091700000, 0x0000000091700000, 0x0000000091800000|  0%| F|  |TAMS 0x0000000091700000, 0x0000000091700000| Untracked 
| 280|0x0000000091800000, 0x0000000091800000, 0x0000000091900000|  0%| F|  |TAMS 0x0000000091800000, 0x0000000091800000| Untracked 
| 281|0x0000000091900000, 0x0000000091900000, 0x0000000091a00000|  0%| F|  |TAMS 0x0000000091900000, 0x0000000091900000| Untracked 
| 282|0x0000000091a00000, 0x0000000091a4bda0, 0x0000000091b00000| 29%| E|  |TAMS 0x0000000091a00000, 0x0000000091a00000| Complete 
| 283|0x0000000091b00000, 0x0000000091c00000, 0x0000000091c00000|100%| E|CS|TAMS 0x0000000091b00000, 0x0000000091b00000| Complete 
| 284|0x0000000091c00000, 0x0000000091d00000, 0x0000000091d00000|100%| E|CS|TAMS 0x0000000091c00000, 0x0000000091c00000| Complete 
| 285|0x0000000091d00000, 0x0000000091e00000, 0x0000000091e00000|100%| E|CS|TAMS 0x0000000091d00000, 0x0000000091d00000| Complete 
| 286|0x0000000091e00000, 0x0000000091f00000, 0x0000000091f00000|100%| E|  |TAMS 0x0000000091e00000, 0x0000000091e00000| Complete 
| 287|0x0000000091f00000, 0x0000000092000000, 0x0000000092000000|100%| E|CS|TAMS 0x0000000091f00000, 0x0000000091f00000| Complete 
| 288|0x0000000092000000, 0x0000000092100000, 0x0000000092100000|100%| E|CS|TAMS 0x0000000092000000, 0x0000000092000000| Complete 
| 289|0x0000000092100000, 0x0000000092200000, 0x0000000092200000|100%| E|CS|TAMS 0x0000000092100000, 0x0000000092100000| Complete 
| 290|0x0000000092200000, 0x0000000092300000, 0x0000000092300000|100%| E|CS|TAMS 0x0000000092200000, 0x0000000092200000| Complete 
| 291|0x0000000092300000, 0x0000000092400000, 0x0000000092400000|100%| E|CS|TAMS 0x0000000092300000, 0x0000000092300000| Complete 
| 292|0x0000000092400000, 0x0000000092500000, 0x0000000092500000|100%| E|CS|TAMS 0x0000000092400000, 0x0000000092400000| Complete 
| 293|0x0000000092500000, 0x0000000092600000, 0x0000000092600000|100%| E|CS|TAMS 0x0000000092500000, 0x0000000092500000| Complete 
| 294|0x0000000092600000, 0x0000000092700000, 0x0000000092700000|100%| E|CS|TAMS 0x0000000092600000, 0x0000000092600000| Complete 
| 295|0x0000000092700000, 0x0000000092800000, 0x0000000092800000|100%| E|CS|TAMS 0x0000000092700000, 0x0000000092700000| Complete 
| 296|0x0000000092800000, 0x0000000092900000, 0x0000000092900000|100%| E|CS|TAMS 0x0000000092800000, 0x0000000092800000| Complete 
| 297|0x0000000092900000, 0x0000000092a00000, 0x0000000092a00000|100%| E|CS|TAMS 0x0000000092900000, 0x0000000092900000| Complete 
| 298|0x0000000092a00000, 0x0000000092b00000, 0x0000000092b00000|100%| E|CS|TAMS 0x0000000092a00000, 0x0000000092a00000| Complete 
| 299|0x0000000092b00000, 0x0000000092c00000, 0x0000000092c00000|100%| E|CS|TAMS 0x0000000092b00000, 0x0000000092b00000| Complete 
| 300|0x0000000092c00000, 0x0000000092d00000, 0x0000000092d00000|100%| E|CS|TAMS 0x0000000092c00000, 0x0000000092c00000| Complete 
| 301|0x0000000092d00000, 0x0000000092e00000, 0x0000000092e00000|100%| E|CS|TAMS 0x0000000092d00000, 0x0000000092d00000| Complete 
| 302|0x0000000092e00000, 0x0000000092f00000, 0x0000000092f00000|100%| E|CS|TAMS 0x0000000092e00000, 0x0000000092e00000| Complete 
| 303|0x0000000092f00000, 0x0000000093000000, 0x0000000093000000|100%| E|CS|TAMS 0x0000000092f00000, 0x0000000092f00000| Complete 
| 304|0x0000000093000000, 0x0000000093100000, 0x0000000093100000|100%| E|CS|TAMS 0x0000000093000000, 0x0000000093000000| Complete 
| 305|0x0000000093100000, 0x0000000093200000, 0x0000000093200000|100%| E|CS|TAMS 0x0000000093100000, 0x0000000093100000| Complete 
| 306|0x0000000093200000, 0x0000000093300000, 0x0000000093300000|100%| E|CS|TAMS 0x0000000093200000, 0x0000000093200000| Complete 
| 307|0x0000000093300000, 0x0000000093400000, 0x0000000093400000|100%| E|CS|TAMS 0x0000000093300000, 0x0000000093300000| Complete 
| 308|0x0000000093400000, 0x0000000093500000, 0x0000000093500000|100%| E|CS|TAMS 0x0000000093400000, 0x0000000093400000| Complete 
| 309|0x0000000093500000, 0x0000000093600000, 0x0000000093600000|100%| E|CS|TAMS 0x0000000093500000, 0x0000000093500000| Complete 
| 310|0x0000000093600000, 0x0000000093700000, 0x0000000093700000|100%| E|CS|TAMS 0x0000000093600000, 0x0000000093600000| Complete 
| 311|0x0000000093700000, 0x0000000093800000, 0x0000000093800000|100%| E|CS|TAMS 0x0000000093700000, 0x0000000093700000| Complete 
| 312|0x0000000093800000, 0x00000000938cb930, 0x0000000093900000| 79%| S|CS|TAMS 0x0000000093800000, 0x0000000093800000| Complete 
| 313|0x0000000093900000, 0x0000000093a00000, 0x0000000093a00000|100%| S|CS|TAMS 0x0000000093900000, 0x0000000093900000| Complete 
| 314|0x0000000093a00000, 0x0000000093b00000, 0x0000000093b00000|100%| S|CS|TAMS 0x0000000093a00000, 0x0000000093a00000| Complete 
| 315|0x0000000093b00000, 0x0000000093c00000, 0x0000000093c00000|100%| E|CS|TAMS 0x0000000093b00000, 0x0000000093b00000| Complete 
| 316|0x0000000093c00000, 0x0000000093d00000, 0x0000000093d00000|100%| E|CS|TAMS 0x0000000093c00000, 0x0000000093c00000| Complete 
| 317|0x0000000093d00000, 0x0000000093e00000, 0x0000000093e00000|100%| E|CS|TAMS 0x0000000093d00000, 0x0000000093d00000| Complete 
| 318|0x0000000093e00000, 0x0000000093f00000, 0x0000000093f00000|100%| E|CS|TAMS 0x0000000093e00000, 0x0000000093e00000| Complete 
| 319|0x0000000093f00000, 0x0000000094000000, 0x0000000094000000|100%| E|CS|TAMS 0x0000000093f00000, 0x0000000093f00000| Complete 
| 320|0x0000000094000000, 0x0000000094100000, 0x0000000094100000|100%| E|CS|TAMS 0x0000000094000000, 0x0000000094000000| Complete 
| 321|0x0000000094100000, 0x0000000094200000, 0x0000000094200000|100%| E|CS|TAMS 0x0000000094100000, 0x0000000094100000| Complete 
| 322|0x0000000094200000, 0x0000000094300000, 0x0000000094300000|100%| E|CS|TAMS 0x0000000094200000, 0x0000000094200000| Complete 
| 323|0x0000000094300000, 0x0000000094400000, 0x0000000094400000|100%| E|CS|TAMS 0x0000000094300000, 0x0000000094300000| Complete 
| 324|0x0000000094400000, 0x0000000094500000, 0x0000000094500000|100%| E|CS|TAMS 0x0000000094400000, 0x0000000094400000| Complete 
| 325|0x0000000094500000, 0x0000000094600000, 0x0000000094600000|100%| E|CS|TAMS 0x0000000094500000, 0x0000000094500000| Complete 
| 326|0x0000000094600000, 0x0000000094700000, 0x0000000094700000|100%| E|CS|TAMS 0x0000000094600000, 0x0000000094600000| Complete 
| 327|0x0000000094700000, 0x0000000094800000, 0x0000000094800000|100%| E|CS|TAMS 0x0000000094700000, 0x0000000094700000| Complete 
| 328|0x0000000094800000, 0x0000000094900000, 0x0000000094900000|100%| E|CS|TAMS 0x0000000094800000, 0x0000000094800000| Complete 
| 329|0x0000000094900000, 0x0000000094a00000, 0x0000000094a00000|100%| E|CS|TAMS 0x0000000094900000, 0x0000000094900000| Complete 
| 330|0x0000000094a00000, 0x0000000094b00000, 0x0000000094b00000|100%| E|CS|TAMS 0x0000000094a00000, 0x0000000094a00000| Complete 
| 331|0x0000000094b00000, 0x0000000094c00000, 0x0000000094c00000|100%| E|CS|TAMS 0x0000000094b00000, 0x0000000094b00000| Complete 
| 332|0x0000000094c00000, 0x0000000094d00000, 0x0000000094d00000|100%| E|CS|TAMS 0x0000000094c00000, 0x0000000094c00000| Complete 
| 333|0x0000000094d00000, 0x0000000094e00000, 0x0000000094e00000|100%| E|CS|TAMS 0x0000000094d00000, 0x0000000094d00000| Complete 
| 334|0x0000000094e00000, 0x0000000094f00000, 0x0000000094f00000|100%| E|CS|TAMS 0x0000000094e00000, 0x0000000094e00000| Complete 
| 335|0x0000000094f00000, 0x0000000095000000, 0x0000000095000000|100%| E|CS|TAMS 0x0000000094f00000, 0x0000000094f00000| Complete 
| 336|0x0000000095000000, 0x0000000095100000, 0x0000000095100000|100%| E|CS|TAMS 0x0000000095000000, 0x0000000095000000| Complete 
| 337|0x0000000095100000, 0x0000000095200000, 0x0000000095200000|100%| E|CS|TAMS 0x0000000095100000, 0x0000000095100000| Complete 
| 338|0x0000000095200000, 0x0000000095300000, 0x0000000095300000|100%| E|CS|TAMS 0x0000000095200000, 0x0000000095200000| Complete 
| 339|0x0000000095300000, 0x0000000095400000, 0x0000000095400000|100%| E|CS|TAMS 0x0000000095300000, 0x0000000095300000| Complete 
| 340|0x0000000095400000, 0x0000000095500000, 0x0000000095500000|100%| E|CS|TAMS 0x0000000095400000, 0x0000000095400000| Complete 
| 341|0x0000000095500000, 0x0000000095600000, 0x0000000095600000|100%| E|CS|TAMS 0x0000000095500000, 0x0000000095500000| Complete 
| 342|0x0000000095600000, 0x0000000095700000, 0x0000000095700000|100%| E|CS|TAMS 0x0000000095600000, 0x0000000095600000| Complete 
| 343|0x0000000095700000, 0x0000000095800000, 0x0000000095800000|100%| E|CS|TAMS 0x0000000095700000, 0x0000000095700000| Complete 
| 344|0x0000000095800000, 0x0000000095900000, 0x0000000095900000|100%| E|CS|TAMS 0x0000000095800000, 0x0000000095800000| Complete 
| 345|0x0000000095900000, 0x0000000095a00000, 0x0000000095a00000|100%| E|CS|TAMS 0x0000000095900000, 0x0000000095900000| Complete 
| 346|0x0000000095a00000, 0x0000000095b00000, 0x0000000095b00000|100%| E|CS|TAMS 0x0000000095a00000, 0x0000000095a00000| Complete 
| 347|0x0000000095b00000, 0x0000000095c00000, 0x0000000095c00000|100%| E|CS|TAMS 0x0000000095b00000, 0x0000000095b00000| Complete 
| 348|0x0000000095c00000, 0x0000000095d00000, 0x0000000095d00000|100%| E|CS|TAMS 0x0000000095c00000, 0x0000000095c00000| Complete 
| 349|0x0000000095d00000, 0x0000000095e00000, 0x0000000095e00000|100%| E|CS|TAMS 0x0000000095d00000, 0x0000000095d00000| Complete 
| 350|0x0000000095e00000, 0x0000000095f00000, 0x0000000095f00000|100%| E|CS|TAMS 0x0000000095e00000, 0x0000000095e00000| Complete 
| 351|0x0000000095f00000, 0x0000000096000000, 0x0000000096000000|100%| E|CS|TAMS 0x0000000095f00000, 0x0000000095f00000| Complete 
| 352|0x0000000096000000, 0x0000000096100000, 0x0000000096100000|100%| E|CS|TAMS 0x0000000096000000, 0x0000000096000000| Complete 
| 353|0x0000000096100000, 0x0000000096200000, 0x0000000096200000|100%| E|CS|TAMS 0x0000000096100000, 0x0000000096100000| Complete 
| 354|0x0000000096200000, 0x0000000096300000, 0x0000000096300000|100%| E|CS|TAMS 0x0000000096200000, 0x0000000096200000| Complete 
| 355|0x0000000096300000, 0x0000000096400000, 0x0000000096400000|100%| E|CS|TAMS 0x0000000096300000, 0x0000000096300000| Complete 
| 356|0x0000000096400000, 0x0000000096500000, 0x0000000096500000|100%| E|CS|TAMS 0x0000000096400000, 0x0000000096400000| Complete 
| 357|0x0000000096500000, 0x0000000096600000, 0x0000000096600000|100%| E|CS|TAMS 0x0000000096500000, 0x0000000096500000| Complete 
| 358|0x0000000096600000, 0x0000000096700000, 0x0000000096700000|100%| E|CS|TAMS 0x0000000096600000, 0x0000000096600000| Complete 
| 359|0x0000000096700000, 0x0000000096800000, 0x0000000096800000|100%| E|CS|TAMS 0x0000000096700000, 0x0000000096700000| Complete 
| 360|0x0000000096800000, 0x0000000096900000, 0x0000000096900000|100%| E|CS|TAMS 0x0000000096800000, 0x0000000096800000| Complete 
| 361|0x0000000096900000, 0x0000000096a00000, 0x0000000096a00000|100%| E|CS|TAMS 0x0000000096900000, 0x0000000096900000| Complete 
| 362|0x0000000096a00000, 0x0000000096b00000, 0x0000000096b00000|100%| E|CS|TAMS 0x0000000096a00000, 0x0000000096a00000| Complete 
| 363|0x0000000096b00000, 0x0000000096c00000, 0x0000000096c00000|100%| E|CS|TAMS 0x0000000096b00000, 0x0000000096b00000| Complete 
| 364|0x0000000096c00000, 0x0000000096d00000, 0x0000000096d00000|100%| E|CS|TAMS 0x0000000096c00000, 0x0000000096c00000| Complete 
| 365|0x0000000096d00000, 0x0000000096e00000, 0x0000000096e00000|100%| E|CS|TAMS 0x0000000096d00000, 0x0000000096d00000| Complete 
| 366|0x0000000096e00000, 0x0000000096f00000, 0x0000000096f00000|100%| E|CS|TAMS 0x0000000096e00000, 0x0000000096e00000| Complete 
| 367|0x0000000096f00000, 0x0000000097000000, 0x0000000097000000|100%| E|CS|TAMS 0x0000000096f00000, 0x0000000096f00000| Complete 
| 368|0x0000000097000000, 0x0000000097100000, 0x0000000097100000|100%| E|CS|TAMS 0x0000000097000000, 0x0000000097000000| Complete 
| 369|0x0000000097100000, 0x0000000097200000, 0x0000000097200000|100%| E|CS|TAMS 0x0000000097100000, 0x0000000097100000| Complete 
| 370|0x0000000097200000, 0x0000000097300000, 0x0000000097300000|100%| E|CS|TAMS 0x0000000097200000, 0x0000000097200000| Complete 
| 371|0x0000000097300000, 0x0000000097400000, 0x0000000097400000|100%| E|CS|TAMS 0x0000000097300000, 0x0000000097300000| Complete 
| 372|0x0000000097400000, 0x0000000097500000, 0x0000000097500000|100%| E|CS|TAMS 0x0000000097400000, 0x0000000097400000| Complete 
| 373|0x0000000097500000, 0x0000000097600000, 0x0000000097600000|100%| E|CS|TAMS 0x0000000097500000, 0x0000000097500000| Complete 
| 374|0x0000000097600000, 0x0000000097700000, 0x0000000097700000|100%| E|CS|TAMS 0x0000000097600000, 0x0000000097600000| Complete 
| 375|0x0000000097700000, 0x0000000097800000, 0x0000000097800000|100%| E|CS|TAMS 0x0000000097700000, 0x0000000097700000| Complete 
| 376|0x0000000097800000, 0x0000000097900000, 0x0000000097900000|100%| E|CS|TAMS 0x0000000097800000, 0x0000000097800000| Complete 
| 377|0x0000000097900000, 0x0000000097a00000, 0x0000000097a00000|100%| E|CS|TAMS 0x0000000097900000, 0x0000000097900000| Complete 
| 378|0x0000000097a00000, 0x0000000097b00000, 0x0000000097b00000|100%| E|CS|TAMS 0x0000000097a00000, 0x0000000097a00000| Complete 
| 379|0x0000000097b00000, 0x0000000097c00000, 0x0000000097c00000|100%| E|CS|TAMS 0x0000000097b00000, 0x0000000097b00000| Complete 
| 380|0x0000000097c00000, 0x0000000097d00000, 0x0000000097d00000|100%| E|CS|TAMS 0x0000000097c00000, 0x0000000097c00000| Complete 
| 381|0x0000000097d00000, 0x0000000097e00000, 0x0000000097e00000|100%| E|CS|TAMS 0x0000000097d00000, 0x0000000097d00000| Complete 

Card table byte_map: [0x00000119e0280000,0x00000119e0680000] _byte_map_base: 0x00000119dfe80000

Marking Bits (Prev, Next): (CMBitMap*) 0x00000119cd06d978, (CMBitMap*) 0x00000119cd06d9b0
 Prev Bits: [0x00000119e0a80000, 0x00000119e2a80000)
 Next Bits: [0x00000119e2a80000, 0x00000119e4a80000)

Polling page: 0x00000119cc800000

Metaspace:

Usage:
  Non-class:     38.14 MB capacity,    37.45 MB ( 98%) used,   587.19 KB (  2%) free+waste,   110.81 KB ( <1%) overhead. 
      Class:      5.84 MB capacity,     5.45 MB ( 93%) used,   353.04 KB (  6%) free+waste,    53.38 KB ( <1%) overhead. 
       Both:     43.98 MB capacity,    42.90 MB ( 98%) used,   940.23 KB (  2%) free+waste,   164.19 KB ( <1%) overhead. 

Virtual space:
  Non-class space:       40.00 MB reserved,      38.17 MB ( 95%) committed 
      Class space:        1.00 GB reserved,       5.88 MB ( <1%) committed 
             Both:        1.04 GB reserved,      44.05 MB (  4%) committed 

Chunk freelists:
   Non-Class:  37.00 KB
       Class:  0 bytes
        Both:  37.00 KB

MaxMetaspaceSize: 17179869184.00 GB
CompressedClassSpaceSize: 1.00 GB
Initial GC threshold: 20.80 MB
Current GC threshold: 58.41 MB
CDS: off

CodeHeap 'non-profiled nmethods': size=120000Kb used=2046Kb max_used=2046Kb free=117953Kb
 bounds [0x00000119d8610000, 0x00000119d8880000, 0x00000119dfb40000]
CodeHeap 'profiled nmethods': size=120000Kb used=8385Kb max_used=8385Kb free=111614Kb
 bounds [0x00000119d10e0000, 0x00000119d1920000, 0x00000119d8610000]
CodeHeap 'non-nmethods': size=5760Kb used=2284Kb max_used=2309Kb free=3475Kb
 bounds [0x00000119d0b40000, 0x00000119d0db0000, 0x00000119d10e0000]
 total_blobs=4704 nmethods=3926 adapters=690
 compilation: enabled
              stopped_count=0, restarted_count=0
 full_count=0

Compilation events (20 events):
Event: 8.526 Thread 0x00000119e7e17800 nmethod 3909 0x00000119d18e0510 code [0x00000119d18e07e0, 0x00000119d18e10f8]
Event: 8.526 Thread 0x00000119e7e17800 3910       2       java.time.LocalDateTime::of (30 bytes)
Event: 8.526 Thread 0x00000119e7e17800 nmethod 3910 0x00000119d18e1590 code [0x00000119d18e17e0, 0x00000119d18e1e18]
Event: 8.526 Thread 0x00000119e7e17800 3911       2       java.time.LocalTime::of (51 bytes)
Event: 8.527 Thread 0x00000119e7e17800 nmethod 3911 0x00000119d18e2290 code [0x00000119d18e24c0, 0x00000119d18e2a38]
Event: 8.527 Thread 0x00000119e7e17800 3912       2       java.time.zone.ZoneRules::getOffset (26 bytes)
Event: 8.527 Thread 0x00000119e7e17800 nmethod 3912 0x00000119d18e2e10 code [0x00000119d18e2fe0, 0x00000119d18e31a8]
Event: 8.527 Thread 0x00000119e7e17800 3913       2       java.time.zone.ZoneRules::getOffsetInfo (278 bytes)
Event: 8.527 Thread 0x00000119e7e17800 nmethod 3913 0x00000119d18e3290 code [0x00000119d18e3520, 0x00000119d18e3d78]
Event: 8.527 Thread 0x00000119e7e17800 3915       2       java.time.chrono.ChronoLocalDateTime::toEpochSecond (50 bytes)
Event: 8.528 Thread 0x00000119e7e17800 nmethod 3915 0x00000119d18e4490 code [0x00000119d18e4680, 0x00000119d18e4918]
Event: 8.528 Thread 0x00000119e7e17800 3916       2       org.apache.tools.zip.ZipOutputStream::writeCounted (19 bytes)
Event: 8.528 Thread 0x00000119e7e17800 nmethod 3916 0x00000119d18e4b10 code [0x00000119d18e4ce0, 0x00000119d18e4e78]
Event: 8.528 Thread 0x00000119e7e17800 3917       2       org.objectweb.asm.Label::addLineNumber (89 bytes)
Event: 8.528 Thread 0x00000119e7e17800 nmethod 3917 0x00000119d18e4f90 code [0x00000119d18e5160, 0x00000119d18e55a8]
Event: 8.528 Thread 0x00000119e7e17800 3918       2       org.objectweb.asm.MethodWriter::visitLineNumber (50 bytes)
Event: 8.528 Thread 0x00000119e7e17800 nmethod 3918 0x00000119d18e5790 code [0x00000119d18e5960, 0x00000119d18e5c98]
Event: 8.528 Thread 0x00000119e7e17800 3919       1       java.util.zip.ZipEntry::getCompressedSize (5 bytes)
Event: 8.528 Thread 0x00000119e7e17800 nmethod 3919 0x00000119d880ef90 code [0x00000119d880f140, 0x00000119d880f1f8]
Event: 8.528 Thread 0x00000119e7e17800 3920       2       org.objectweb.asm.ClassReader::readCode (5109 bytes)

GC Heap History (10 events):
Event: 2.031 GC heap before
{Heap before GC invocations=0 (full 0):
 garbage-first heap   total 391168K, used 29696K [0x0000000080000000, 0x0000000100000000)
  region size 1024K, 24 young (24576K), 0 survivors (0K)
 Metaspace       used 10188K, capacity 10394K, committed 10624K, reserved 1058816K
  class space    used 1044K, capacity 1107K, committed 1152K, reserved 1048576K
}
Event: 2.043 GC heap after
{Heap after GC invocations=1 (full 0):
 garbage-first heap   total 391168K, used 9304K [0x0000000080000000, 0x0000000100000000)
  region size 1024K, 3 young (3072K), 3 survivors (3072K)
 Metaspace       used 10188K, capacity 10394K, committed 10624K, reserved 1058816K
  class space    used 1044K, capacity 1107K, committed 1152K, reserved 1048576K
}
Event: 4.983 GC heap before
{Heap before GC invocations=1 (full 0):
 garbage-first heap   total 391168K, used 78936K [0x0000000080000000, 0x0000000100000000)
  region size 1024K, 70 young (71680K), 3 survivors (3072K)
 Metaspace       used 17156K, capacity 17504K, committed 17792K, reserved 1064960K
  class space    used 1949K, capacity 2084K, committed 2176K, reserved 1048576K
}
Event: 4.990 GC heap after
{Heap after GC invocations=2 (full 0):
 garbage-first heap   total 391168K, used 16131K [0x0000000080000000, 0x0000000100000000)
  region size 1024K, 9 young (9216K), 9 survivors (9216K)
 Metaspace       used 17156K, capacity 17504K, committed 17792K, reserved 1064960K
  class space    used 1949K, capacity 2084K, committed 2176K, reserved 1048576K
}
Event: 5.345 GC heap before
{Heap before GC invocations=2 (full 0):
 garbage-first heap   total 391168K, used 50947K [0x0000000080000000, 0x0000000100000000)
  region size 1024K, 44 young (45056K), 9 survivors (9216K)
 Metaspace       used 20744K, capacity 21155K, committed 21296K, reserved 1069056K
  class space    used 2512K, capacity 2664K, committed 2688K, reserved 1048576K
}
Event: 5.354 GC heap after
{Heap after GC invocations=3 (full 0):
 garbage-first heap   total 391168K, used 17172K [0x0000000080000000, 0x0000000100000000)
  region size 1024K, 2 young (2048K), 2 survivors (2048K)
 Metaspace       used 20744K, capacity 21155K, committed 21296K, reserved 1069056K
  class space    used 2512K, capacity 2664K, committed 2688K, reserved 1048576K
}
Event: 6.403 GC heap before
{Heap before GC invocations=4 (full 0):
 garbage-first heap   total 391168K, used 105236K [0x0000000080000000, 0x0000000100000000)
  region size 1024K, 71 young (72704K), 2 survivors (2048K)
 Metaspace       used 27502K, capacity 28325K, committed 28464K, reserved 1073152K
  class space    used 3601K, capacity 3867K, committed 3968K, reserved 1048576K
}
Event: 6.412 GC heap after
{Heap after GC invocations=5 (full 0):
 garbage-first heap   total 391168K, used 43346K [0x0000000080000000, 0x0000000100000000)
  region size 1024K, 9 young (9216K), 9 survivors (9216K)
 Metaspace       used 27502K, capacity 28325K, committed 28464K, reserved 1073152K
  class space    used 3601K, capacity 3867K, committed 3968K, reserved 1048576K
}
Event: 7.289 GC heap before
{Heap before GC invocations=5 (full 0):
 garbage-first heap   total 391168K, used 110930K [0x0000000080000000, 0x0000000100000000)
  region size 1024K, 76 young (77824K), 9 survivors (9216K)
 Metaspace       used 34624K, capacity 35568K, committed 35632K, reserved 1079296K
  class space    used 4589K, capacity 4962K, committed 4992K, reserved 1048576K
}
Event: 7.297 GC heap after
{Heap after GC invocations=6 (full 0):
 garbage-first heap   total 391168K, used 45598K [0x0000000080000000, 0x0000000100000000)
  region size 1024K, 3 young (3072K), 3 survivors (3072K)
 Metaspace       used 34624K, capacity 35568K, committed 35632K, reserved 1079296K
  class space    used 4589K, capacity 4962K, committed 4992K, reserved 1048576K
}

Deoptimization events (20 events):
Event: 8.520 Thread 0x00000119ea549000 DEOPT PACKING pc=0x00000119d18d8f9b sp=0x0000000b850fe0c0
Event: 8.520 Thread 0x00000119ea549000 DEOPT UNPACKING pc=0x00000119d0b8a95e sp=0x0000000b850fd530 mode 0
Event: 8.524 Thread 0x00000119ea549000 DEOPT PACKING pc=0x00000119d18d8f9b sp=0x0000000b850fe4f0
Event: 8.524 Thread 0x00000119ea549000 DEOPT UNPACKING pc=0x00000119d0b8a95e sp=0x0000000b850fd960 mode 0
Event: 8.528 Thread 0x00000119ea549000 DEOPT PACKING pc=0x00000119d18d8f9b sp=0x0000000b850fe220
Event: 8.528 Thread 0x00000119ea549000 DEOPT UNPACKING pc=0x00000119d0b8a95e sp=0x0000000b850fd690 mode 0
Event: 8.530 Thread 0x00000119ea549000 DEOPT PACKING pc=0x00000119d18d8f9b sp=0x0000000b850fe250
Event: 8.530 Thread 0x00000119ea549000 DEOPT UNPACKING pc=0x00000119d0b8a95e sp=0x0000000b850fd6c0 mode 0
Event: 8.530 Thread 0x00000119ea549000 DEOPT PACKING pc=0x00000119d18d62c1 sp=0x0000000b850fde70
Event: 8.530 Thread 0x00000119ea549000 DEOPT UNPACKING pc=0x00000119d0b8a95e sp=0x0000000b850fd380 mode 0
Event: 8.533 Thread 0x00000119ea549000 DEOPT PACKING pc=0x00000119d18d8f9b sp=0x0000000b850fe250
Event: 8.533 Thread 0x00000119ea549000 DEOPT UNPACKING pc=0x00000119d0b8a95e sp=0x0000000b850fd6c0 mode 0
Event: 8.536 Thread 0x00000119ea549000 DEOPT PACKING pc=0x00000119d18d8f9b sp=0x0000000b850fe280
Event: 8.536 Thread 0x00000119ea549000 DEOPT UNPACKING pc=0x00000119d0b8a95e sp=0x0000000b850fd6f0 mode 0
Event: 8.537 Thread 0x00000119ea549000 DEOPT PACKING pc=0x00000119d18d62c1 sp=0x0000000b850fe0f0
Event: 8.537 Thread 0x00000119ea549000 DEOPT UNPACKING pc=0x00000119d0b8a95e sp=0x0000000b850fd600 mode 0
Event: 8.540 Thread 0x00000119ea549000 DEOPT PACKING pc=0x00000119d18d8f9b sp=0x0000000b850fe1d0
Event: 8.540 Thread 0x00000119ea549000 DEOPT UNPACKING pc=0x00000119d0b8a95e sp=0x0000000b850fd640 mode 0
Event: 8.545 Thread 0x00000119ea549000 DEOPT PACKING pc=0x00000119d18d8f9b sp=0x0000000b850fe4f0
Event: 8.545 Thread 0x00000119ea549000 DEOPT UNPACKING pc=0x00000119d0b8a95e sp=0x0000000b850fd960 mode 0

Classes redefined (0 events):
No events

Internal exceptions (20 events):
Event: 7.927 Thread 0x00000119e99ce800 Exception <a 'java/lang/ClassNotFoundException'{0x000000009510c720}: groovy/lang/ClosureBeanInfo> (0x000000009510c720) thrown at [./src/hotspot/share/classfile/systemDictionary.cpp, line 231]
Event: 7.927 Thread 0x00000119e99ce800 Exception <a 'java/lang/ClassNotFoundException'{0x0000000095140c28}: groovy/lang/ClosureCustomizer> (0x0000000095140c28) thrown at [./src/hotspot/share/classfile/systemDictionary.cpp, line 231]
Event: 7.930 Thread 0x00000119e99ce800 Exception <a 'java/lang/ClassNotFoundException'{0x0000000095196c18}: groovy/lang/Closure$1Customizer> (0x0000000095196c18) thrown at [./src/hotspot/share/classfile/systemDictionary.cpp, line 231]
Event: 7.962 Thread 0x00000119ec50c800 Exception <a 'sun/nio/fs/WindowsException'{0x0000000095095cf0}> (0x0000000095095cf0) thrown at [./src/hotspot/share/prims/jni.cpp, line 616]
Event: 7.999 Thread 0x00000119ec50c800 Exception <a 'sun/nio/fs/WindowsException'{0x0000000094f89850}> (0x0000000094f89850) thrown at [./src/hotspot/share/prims/jni.cpp, line 616]
Event: 7.999 Thread 0x00000119ec50c800 Exception <a 'sun/nio/fs/WindowsException'{0x0000000094f89a50}> (0x0000000094f89a50) thrown at [./src/hotspot/share/prims/jni.cpp, line 616]
Event: 8.016 Thread 0x00000119e99ce800 Exception <a 'java/lang/ClassNotFoundException'{0x0000000094e09018}: sync_studio_tooling2833_4j3egu95c8gqup6ft6nzde1n8BeanInfo> (0x0000000094e09018) thrown at [./src/hotspot/share/classfile/systemDictionary.cpp, line 231]
Event: 8.016 Thread 0x00000119e99ce800 Exception <a 'java/lang/ClassNotFoundException'{0x0000000094e16a20}: sync_studio_tooling2833_4j3egu95c8gqup6ft6nzde1n8Customizer> (0x0000000094e16a20) thrown at [./src/hotspot/share/classfile/systemDictionary.cpp, line 231]
Event: 8.026 Thread 0x00000119e99ce800 Exception <a 'java/lang/ClassNotFoundException'{0x0000000094e90f78}: org/gradle/internal/metaobject/ConfigureDelegateBeanInfo> (0x0000000094e90f78) thrown at [./src/hotspot/share/classfile/systemDictionary.cpp, line 231]
Event: 8.026 Thread 0x00000119e99ce800 Exception <a 'java/lang/ClassNotFoundException'{0x0000000094eb8028}: org/gradle/internal/metaobject/ConfigureDelegateCustomizer> (0x0000000094eb8028) thrown at [./src/hotspot/share/classfile/systemDictionary.cpp, line 231]
Event: 8.033 Thread 0x00000119e99ce800 Exception <a 'java/lang/ClassNotFoundException'{0x0000000094d3aab0}: org/gradle/api/internal/initialization/DefaultScriptHandlerBeanInfo> (0x0000000094d3aab0) thrown at [./src/hotspot/share/classfile/systemDictionary.cpp, line 231]
Event: 8.034 Thread 0x00000119e99ce800 Exception <a 'java/lang/ClassNotFoundException'{0x0000000094d64f00}: org/gradle/api/internal/initialization/DefaultScriptHandlerCustomizer> (0x0000000094d64f00) thrown at [./src/hotspot/share/classfile/systemDictionary.cpp, line 231]
Event: 8.159 Thread 0x00000119e99ce800 Exception <a 'java/lang/ClassNotFoundException'{0x00000000944e02c8}: org/gradle/api/internal/artifacts/dsl/dependencies/DefaultDependencyHandler_DecoratedBeanInfo> (0x00000000944e02c8) thrown at [./src/hotspot/share/classfile/systemDictionary.cpp, line 231]
Event: 8.160 Thread 0x00000119e99ce800 Exception <a 'java/lang/ClassNotFoundException'{0x000000009431fa00}: org/gradle/api/internal/artifacts/dsl/dependencies/DefaultDependencyHandlerBeanInfo> (0x000000009431fa00) thrown at [./src/hotspot/share/classfile/systemDictionary.cpp, line 231]
Event: 8.161 Thread 0x00000119e99ce800 Exception <a 'java/lang/ClassNotFoundException'{0x000000009435e868}: org/gradle/api/internal/artifacts/dsl/dependencies/DefaultDependencyHandlerCustomizer> (0x000000009435e868) thrown at [./src/hotspot/share/classfile/systemDictionary.cpp, line 231]
Event: 8.163 Thread 0x00000119e99ce800 Exception <a 'java/lang/ClassNotFoundException'{0x00000000943c8238}: org/gradle/api/internal/artifacts/dsl/dependencies/DefaultDependencyHandler_DecoratedCustomizer> (0x00000000943c8238) thrown at [./src/hotspot/share/classfile/systemDictionary.cpp, line 231]
Event: 8.317 Thread 0x00000119e99ce800 Exception <a 'java/lang/NoSuchMethodError'{0x0000000093382580}: 'int java.lang.invoke.DirectMethodHandle$Holder.invokeInterface(java.lang.Object, java.lang.Object)'> (0x0000000093382580) thrown at [./src/hotspot/share/interpreter/linkResolver.cpp, line 773]
Event: 8.317 Thread 0x00000119e99ce800 Exception <a 'java/lang/IncompatibleClassChangeError'{0x0000000093386060}: Found class java.lang.Object, but interface was expected> (0x0000000093386060) thrown at [./src/hotspot/share/interpreter/linkResolver.cpp, line 839]
Event: 8.439 Thread 0x00000119e99ce800 Exception <a 'java/lang/NoSuchMethodError'{0x00000000929a3a78}: 'int java.lang.invoke.DirectMethodHandle$Holder.invokeStaticInit(java.lang.Object)'> (0x00000000929a3a78) thrown at [./src/hotspot/share/interpreter/linkResolver.cpp, line 773]
Event: 8.494 Thread 0x00000119ea549000 Exception <a 'sun/nio/fs/WindowsException'{0x0000000091e8bc30}> (0x0000000091e8bc30) thrown at [./src/hotspot/share/prims/jni.cpp, line 616]

Events (20 events):
Event: 8.445 loading class org/gradle/api/internal/file/archive/impl/FileZipInput
Event: 8.445 loading class org/gradle/api/internal/file/archive/impl/FileZipInput done
Event: 8.463 loading class org/gradle/api/internal/file/archive/impl/FileZipInput$1
Event: 8.463 loading class org/gradle/api/internal/file/archive/impl/FileZipInput$1 done
Event: 8.463 loading class org/gradle/api/internal/file/archive/ZipEntry
Event: 8.463 loading class org/gradle/api/internal/file/archive/ZipEntry done
Event: 8.463 loading class org/gradle/api/internal/file/archive/impl/JdkZipEntry
Event: 8.463 loading class org/gradle/api/internal/file/archive/impl/JdkZipEntry done
Event: 8.463 loading class org/gradle/api/internal/file/archive/ZipEntry$InputStreamAction
Event: 8.463 loading class org/gradle/api/internal/file/archive/ZipEntry$InputStreamAction done
Event: 8.463 loading class org/gradle/api/internal/file/archive/impl/FileZipInput$1$1
Event: 8.463 loading class org/gradle/api/internal/file/archive/impl/FileZipInput$1$1 done
Event: 8.512 loading class org/gradle/internal/classpath/ClasspathWalker$ZipClasspathEntry
Event: 8.512 loading class org/gradle/internal/classpath/ClasspathWalker$ZipClasspathEntry done
Event: 8.513 loading class org/gradle/api/internal/file/archive/impl/JdkZipEntry$1
Event: 8.513 loading class org/gradle/api/internal/file/archive/impl/JdkZipEntry$1 done
Event: 8.542 loading class org/objectweb/asm/TypeReference
Event: 8.542 loading class org/objectweb/asm/TypeReference done
Event: 8.542 loading class org/objectweb/asm/TypePath
Event: 8.542 loading class org/objectweb/asm/TypePath done


Dynamic libraries:
0x00007ff6a8430000 - 0x00007ff6a843a000 	C:\Program Files\Android\Android Studio\jre\bin\java.exe
0x00007ffb739d0000 - 0x00007ffb73be4000 	C:\WINDOWS\SYSTEM32\ntdll.dll
0x00007ffb722e0000 - 0x00007ffb723a2000 	C:\WINDOWS\System32\KERNEL32.DLL
0x00007ffb70ec0000 - 0x00007ffb7125c000 	C:\WINDOWS\System32\KERNELBASE.dll
0x00007ffb71380000 - 0x00007ffb71491000 	C:\WINDOWS\System32\ucrtbase.dll
0x00007ffb6d730000 - 0x00007ffb6d749000 	C:\Program Files\Android\Android Studio\jre\bin\jli.dll
0x00007ffb60d80000 - 0x00007ffb60d97000 	C:\Program Files\Android\Android Studio\jre\bin\VCRUNTIME140.dll
0x00007ffb72080000 - 0x00007ffb7222a000 	C:\WINDOWS\System32\USER32.dll
0x00007ffb54ad0000 - 0x00007ffb54d5e000 	C:\WINDOWS\WinSxS\amd64_microsoft.windows.common-controls_6595b64144ccf1df_6.0.22621.608_none_a9444ca7c10bb01d\COMCTL32.dll
0x00007ffb715c0000 - 0x00007ffb715e6000 	C:\WINDOWS\System32\win32u.dll
0x00007ffb717d0000 - 0x00007ffb71877000 	C:\WINDOWS\System32\msvcrt.dll
0x00007ffb73960000 - 0x00007ffb73989000 	C:\WINDOWS\System32\GDI32.dll
0x00007ffb714a0000 - 0x00007ffb715b2000 	C:\WINDOWS\System32\gdi32full.dll
0x00007ffb71260000 - 0x00007ffb712fa000 	C:\WINDOWS\System32\msvcp_win.dll
0x00007ffb73920000 - 0x00007ffb73951000 	C:\WINDOWS\System32\IMM32.DLL
0x00007ffb4d9d0000 - 0x00007ffb4da6d000 	C:\Program Files\Android\Android Studio\jre\bin\msvcp140.dll
0x00007ffb27870000 - 0x00007ffb28372000 	C:\Program Files\Android\Android Studio\jre\bin\server\jvm.dll
0x00007ffb72230000 - 0x00007ffb722de000 	C:\WINDOWS\System32\ADVAPI32.dll
0x00007ffb72ae0000 - 0x00007ffb72b84000 	C:\WINDOWS\System32\sechost.dll
0x00007ffb71880000 - 0x00007ffb71995000 	C:\WINDOWS\System32\RPCRT4.dll
0x00007ffb719a0000 - 0x00007ffb719a8000 	C:\WINDOWS\System32\PSAPI.DLL
0x00007ffb60e80000 - 0x00007ffb60e89000 	C:\WINDOWS\SYSTEM32\WSOCK32.dll
0x00007ffb6a910000 - 0x00007ffb6a944000 	C:\WINDOWS\SYSTEM32\WINMM.dll
0x00007ffb6a350000 - 0x00007ffb6a35a000 	C:\WINDOWS\SYSTEM32\VERSION.dll
0x00007ffb719b0000 - 0x00007ffb71a21000 	C:\WINDOWS\System32\WS2_32.dll
0x00007ffb6ff30000 - 0x00007ffb6ff48000 	C:\WINDOWS\SYSTEM32\kernel.appcore.dll
0x00007ffb6ab00000 - 0x00007ffb6ab11000 	C:\Program Files\Android\Android Studio\jre\bin\verify.dll
0x00007ffb5d490000 - 0x00007ffb5d6be000 	C:\WINDOWS\SYSTEM32\DBGHELP.DLL
0x00007ffb72740000 - 0x00007ffb72ac9000 	C:\WINDOWS\System32\combase.dll
0x00007ffb71f80000 - 0x00007ffb72057000 	C:\WINDOWS\System32\OLEAUT32.dll
0x00007ffb5bea0000 - 0x00007ffb5bed2000 	C:\WINDOWS\SYSTEM32\dbgcore.DLL
0x00007ffb71300000 - 0x00007ffb7137b000 	C:\WINDOWS\System32\bcryptPrimitives.dll
0x00007ffb60e50000 - 0x00007ffb60e79000 	C:\Program Files\Android\Android Studio\jre\bin\java.dll
0x00007ffb6d710000 - 0x00007ffb6d71b000 	C:\Program Files\Android\Android Studio\jre\bin\jimage.dll
0x00007ffb60e30000 - 0x00007ffb60e48000 	C:\Program Files\Android\Android Studio\jre\bin\zip.dll
0x00007ffb72b90000 - 0x00007ffb7336d000 	C:\WINDOWS\System32\SHELL32.dll
0x00007ffb6ee20000 - 0x00007ffb6f6d7000 	C:\WINDOWS\SYSTEM32\windows.storage.dll
0x00007ffb6ece0000 - 0x00007ffb6ee1d000 	C:\WINDOWS\SYSTEM32\wintypes.dll
0x00007ffb73820000 - 0x00007ffb73911000 	C:\WINDOWS\System32\SHCORE.dll
0x00007ffb72560000 - 0x00007ffb725be000 	C:\WINDOWS\System32\shlwapi.dll
0x00007ffb70d30000 - 0x00007ffb70d51000 	C:\WINDOWS\SYSTEM32\profapi.dll
0x00007ffb60e10000 - 0x00007ffb60e2a000 	C:\Program Files\Android\Android Studio\jre\bin\net.dll
0x00007ffb6a0c0000 - 0x00007ffb6a1ef000 	C:\WINDOWS\SYSTEM32\WINHTTP.dll
0x00007ffb70380000 - 0x00007ffb703e9000 	C:\WINDOWS\system32\mswsock.dll
0x00007ffb60dc0000 - 0x00007ffb60dd4000 	C:\Program Files\Android\Android Studio\jre\bin\nio.dll
0x00007ffb6a950000 - 0x00007ffb6a977000 	C:\Users\MSI\.gradle\native\e1d6ef7f7dcc3fd88c89a11ec53ec762bb8ba0a96d01ffa2cd45eb1d1d8dd5c5\windows-amd64\native-platform.dll
0x00007ffb2cb50000 - 0x00007ffb2cc94000 	C:\Users\MSI\.gradle\native\0d407fdbe67a94daf76414ababcb853783967236a71b16ec16e742cd7a986fd3\windows-amd64\native-platform-file-events.dll
0x00007ffb6ab30000 - 0x00007ffb6ab3a000 	C:\Program Files\Android\Android Studio\jre\bin\management.dll
0x00007ffb6aa20000 - 0x00007ffb6aa2d000 	C:\Program Files\Android\Android Studio\jre\bin\management_ext.dll
0x00007ffb70580000 - 0x00007ffb7059b000 	C:\WINDOWS\SYSTEM32\CRYPTSP.dll
0x00007ffb6fea0000 - 0x00007ffb6fed5000 	C:\WINDOWS\system32\rsaenh.dll
0x00007ffb70430000 - 0x00007ffb70458000 	C:\WINDOWS\SYSTEM32\USERENV.dll
0x00007ffb707d0000 - 0x00007ffb707f8000 	C:\WINDOWS\SYSTEM32\bcrypt.dll
0x00007ffb705c0000 - 0x00007ffb705cc000 	C:\WINDOWS\SYSTEM32\CRYPTBASE.dll
0x00007ffb6f9a0000 - 0x00007ffb6f9cd000 	C:\WINDOWS\SYSTEM32\IPHLPAPI.DLL
0x00007ffb723b0000 - 0x00007ffb723b9000 	C:\WINDOWS\System32\NSI.dll
0x00007ffb6a470000 - 0x00007ffb6a489000 	C:\WINDOWS\SYSTEM32\dhcpcsvc6.DLL
0x00007ffb6a450000 - 0x00007ffb6a46f000 	C:\WINDOWS\SYSTEM32\dhcpcsvc.DLL
0x00007ffb6fa10000 - 0x00007ffb6fb02000 	C:\WINDOWS\SYSTEM32\DNSAPI.dll

dbghelp: loaded successfully - version: 4.0.5 - missing functions: none
symbol engine: initialized successfully - sym options: 0x614 - pdb path: .;C:\Program Files\Android\Android Studio\jre\bin;C:\WINDOWS\SYSTEM32;C:\WINDOWS\WinSxS\amd64_microsoft.windows.common-controls_6595b64144ccf1df_6.0.22621.608_none_a9444ca7c10bb01d;C:\Program Files\Android\Android Studio\jre\bin\server;C:\Users\MSI\.gradle\native\e1d6ef7f7dcc3fd88c89a11ec53ec762bb8ba0a96d01ffa2cd45eb1d1d8dd5c5\windows-amd64;C:\Users\MSI\.gradle\native\0d407fdbe67a94daf76414ababcb853783967236a71b16ec16e742cd7a986fd3\windows-amd64

VM Arguments:
jvm_args: --add-opens=java.base/java.util=ALL-UNNAMED --add-opens=java.base/java.lang=ALL-UNNAMED --add-opens=java.base/java.lang.invoke=ALL-UNNAMED --add-opens=java.base/java.util=ALL-UNNAMED --add-opens=java.prefs/java.util.prefs=ALL-UNNAMED --add-opens=java.prefs/java.util.prefs=ALL-UNNAMED --add-opens=java.base/java.nio.charset=ALL-UNNAMED --add-opens=java.base/java.net=ALL-UNNAMED --add-opens=java.base/java.util.concurrent.atomic=ALL-UNNAMED -Xmx2048m -Dfile.encoding=UTF-8 -Duser.country=ID -Duser.language=en -Duser.variant 
java_command: org.gradle.launcher.daemon.bootstrap.GradleDaemon 7.4
java_class_path (initial): C:\Users\MSI\.gradle\wrapper\dists\gradle-7.4-bin\c0gwcg53nkjbqw7r0h0umtfvt\gradle-7.4\lib\gradle-launcher-7.4.jar
Launcher Type: SUN_STANDARD

[Global flags]
     intx CICompilerCount                          = 4                                         {product} {ergonomic}
     uint ConcGCThreads                            = 2                                         {product} {ergonomic}
     uint G1ConcRefinementThreads                  = 8                                         {product} {ergonomic}
   size_t G1HeapRegionSize                         = 1048576                                   {product} {ergonomic}
    uintx GCDrainStackTargetSize                   = 64                                        {product} {ergonomic}
   size_t InitialHeapSize                          = 400556032                                 {product} {ergonomic}
   size_t MarkStackSize                            = 4194304                                   {product} {ergonomic}
   size_t MaxHeapSize                              = 2147483648                                {product} {command line}
   size_t MaxNewSize                               = 1287651328                                {product} {ergonomic}
   size_t MinHeapDeltaBytes                        = 1048576                                   {product} {ergonomic}
    uintx NonNMethodCodeHeapSize                   = 5836300                                {pd product} {ergonomic}
    uintx NonProfiledCodeHeapSize                  = 122910970                              {pd product} {ergonomic}
    uintx ProfiledCodeHeapSize                     = 122910970                              {pd product} {ergonomic}
    uintx ReservedCodeCacheSize                    = 251658240                              {pd product} {ergonomic}
     bool SegmentedCodeCache                       = true                                      {product} {ergonomic}
     bool UseCompressedClassPointers               = true                                 {lp64_product} {ergonomic}
     bool UseCompressedOops                        = true                                 {lp64_product} {ergonomic}
     bool UseG1GC                                  = true                                      {product} {ergonomic}
     bool UseLargePagesIndividualAllocation        = false                                  {pd product} {ergonomic}

Logging:
Log output configuration:
 #0: stdout all=warning uptime,level,tags
 #1: stderr all=off uptime,level,tags

Environment Variables:
JAVA_HOME=C:\Program Files\Android\Android Studio\jre
PATH=C:\ProgramData\Oracle\Java\javapath;C:\WINDOWS\system32;C:\WINDOWS;C:\WINDOWS\System32\Wbem;C:\WINDOWS\System32\WindowsPowerShell\v1.0\;C:\WINDOWS\System32\OpenSSH\;C:\Program Files\Git\cmd;C:\Program Files\Go\bin;C:\Program Files\Docker\Docker\resources\bin;C:\ProgramData\DockerDesktop\version-bin;C:\Program Files\nodejs\;C:\ProgramData\chocolatey\bin;C:\Program Files\Tesseract-OCR;C:\Program Files\PuTTY\;C:\Users\MSI\AppData\Local\Microsoft\WindowsApps;C:\Users\MSI\AppData\Local\Programs\Microsoft VS Code\bin;C:\Users\MSI\go\bin;C:\Users\MSI\AppData\Roaming\npm;C:\Users\MSI\AppData\Local\gitkraken\bin;C:\Program Files\Tesseract-OCR;C:\Users\MSI\AppData\Local\Microsoft\WindowsApps;C:\Users\MSI\AppData\Local\GitHubDesktop\bin
USERNAME=MSI
OS=Windows_NT
PROCESSOR_IDENTIFIER=Intel64 Family 6 Model 142 Stepping 12, GenuineIntel



---------------  S Y S T E M  ---------------

OS: Windows 11 , 64 bit Build 22621 (10.0.22621.608)
OS uptime: 1 days 23:45 hours
Hyper-V role detected

CPU:total 8 (initial active 8) (4 cores per cpu, 2 threads per core) family 6 model 142 stepping 12 microcode 0xde, cmov, cx8, fxsr, mmx, sse, sse2, sse3, ssse3, sse4.1, sse4.2, popcnt, avx, avx2, aes, clmul, erms, 3dnowpref, lzcnt, ht, tsc, tscinvbit, bmi1, bmi2, adx, fma

Memory: 4k page, system-wide physical 24411M (364M free)
TotalPageFile size 61817M (AvailPageFile size 5M)
current process WorkingSet (physical memory assigned to process): 324M, peak: 324M
current process commit charge ("private bytes"): 590M, peak: 590M

vm_info: OpenJDK 64-Bit Server VM (11.0.13+0-b1751.21-8125866) for windows-amd64 JRE (11.0.13+0-b1751.21-8125866), built on Feb  2 2022 03:00:22 by "builder" with MS VC++ 14.0 (VS2015)

END.
