#
# There is insufficient memory for the Java Runtime Environment to continue.
# Native memory allocation (malloc) failed to allocate 544256 bytes for Chunk::new
# Possible reasons:
#   The system is out of physical RAM or swap space
#   The process is running with CompressedOops enabled, and the Java Heap may be blocking the growth of the native heap
# Possible solutions:
#   Reduce memory load on the system
#   Increase physical memory or swap space
#   Check if swap backing store is full
#   Decrease Java heap size (-Xmx/-Xms)
#   Decrease number of Java threads
#   Decrease Java thread stack sizes (-Xss)
#   Set larger code cache with -XX:ReservedCodeCacheSize=
#   JVM is running with Unscaled Compressed Oops mode in which the Java heap is
#     placed in the first 4GB address space. The Java Heap base address is the
#     maximum limit for the native heap growth. Please use -XX:HeapBaseMinAddress
#     to set the Java Heap base and to place the Java Heap above 4GB virtual address.
# This output file may be truncated or incomplete.
#
#  Out of Memory Error (./src/hotspot/share/memory/arena.cpp:197), pid=38936, tid=38940
#
# JRE version: OpenJDK Runtime Environment (11.0.13) (build 11.0.13+0-b1751.21-8125866)
# Java VM: OpenJDK 64-Bit Server VM (11.0.13+0-b1751.21-8125866, mixed mode, tiered, compressed oops, g1 gc, windows-amd64)
# No core dump will be written. Minidumps are not enabled by default on client versions of Windows
#

---------------  S U M M A R Y ------------

Command Line: --add-opens=java.base/java.util=ALL-UNNAMED --add-opens=java.base/java.lang=ALL-UNNAMED --add-opens=java.base/java.lang.invoke=ALL-UNNAMED --add-opens=java.base/java.util=ALL-UNNAMED --add-opens=java.prefs/java.util.prefs=ALL-UNNAMED --add-opens=java.prefs/java.util.prefs=ALL-UNNAMED --add-opens=java.base/java.nio.charset=ALL-UNNAMED --add-opens=java.base/java.net=ALL-UNNAMED --add-opens=java.base/java.util.concurrent.atomic=ALL-UNNAMED -Xmx2048m -Dfile.encoding=UTF-8 -Duser.country=ID -Duser.language=en -Duser.variant org.gradle.launcher.daemon.bootstrap.GradleDaemon 7.4

Host: Intel(R) Core(TM) i5-10210U CPU @ 1.60GHz, 8 cores, 23G,  Windows 11 , 64 bit Build 22621 (10.0.22621.608)
Time: Tue Oct 18 10:19:30 2022 SE Asia Standard Time elapsed time: 19.652286 seconds (0d 0h 0m 19s)

---------------  T H R E A D  ---------------

Current thread (0x0000024291916800):  JavaThread "C2 CompilerThread0" daemon [_thread_in_native, id=38940, stack(0x000000ad06400000,0x000000ad06500000)]


Current CompileTask:
C2:  19652 7843       4       sun.security.util.AlgorithmDecomposer::decompose (336 bytes)

Stack: [0x000000ad06400000,0x000000ad06500000]
Native frames: (J=compiled Java code, j=interpreted, Vv=VM code, C=native code)
V  [jvm.dll+0x6100fa]
V  [jvm.dll+0x747090]
V  [jvm.dll+0x7486ad]
V  [jvm.dll+0x748d83]
V  [jvm.dll+0x24ab48]
V  [jvm.dll+0xc04dc]
V  [jvm.dll+0xc0a0c]
V  [jvm.dll+0x2bfab4]
V  [jvm.dll+0x524238]
V  [jvm.dll+0x204802]
V  [jvm.dll+0x2023c2]
V  [jvm.dll+0x188e01]
V  [jvm.dll+0x21106b]
V  [jvm.dll+0x20f8c1]
V  [jvm.dll+0x70de0f]
V  [jvm.dll+0x706a75]
V  [jvm.dll+0x60ed66]
C  [ucrtbase.dll+0x29363]
C  [KERNEL32.DLL+0x1244d]
C  [ntdll.dll+0x5df78]


---------------  P R O C E S S  ---------------

Threads class SMR info:
_java_thread_list=0x0000024298e72f90, length=65, elements={
0x00000242f694b000, 0x00000242918b2000, 0x00000242918b4000, 0x000002429190c800,
0x000002429190d800, 0x0000024291911800, 0x0000024291916800, 0x000002429191b800,
0x000002429191d800, 0x0000024291a89800, 0x0000024292f4a000, 0x0000024293fc6000,
0x00000242937d8000, 0x0000024291b86800, 0x0000024293254800, 0x0000024293c9e800,
0x0000024293c82800, 0x0000024293d95000, 0x0000024293d95800, 0x0000024293d3c800,
0x0000024293a4d800, 0x0000024293a4c000, 0x0000024293a4e800, 0x0000024293a4b800,
0x0000024293a50000, 0x0000024293a4f800, 0x0000024293a51000, 0x0000024293a52000,
0x0000024293a4d000, 0x0000024294fed000, 0x0000024294ff0800, 0x0000024294fee000,
0x0000024294fec800, 0x0000024294fee800, 0x0000024294fef800, 0x0000024294fea800,
0x0000024294ff1000, 0x0000024294feb800, 0x0000024294ff5000, 0x0000024294ff6000,
0x0000024294ff7800, 0x0000024294ff2000, 0x0000024294ff8800, 0x0000024294ff3000,
0x0000024294ff9800, 0x000002429721c000, 0x000002429721b800, 0x0000024297222800,
0x0000024297220000, 0x000002429721f800, 0x0000024297222000, 0x000002429721e800,
0x0000024297221000, 0x000002429721d000, 0x0000024297223800, 0x000002429721e000,
0x0000024297224800, 0x0000024297226000, 0x0000024297228800, 0x0000024297227800,
0x000002429722a000, 0x0000024297225000, 0x0000024297229000, 0x0000024297227000,
0x0000024291cb8000
}

Java Threads: ( => current thread )
  0x00000242f694b000 JavaThread "main" [_thread_blocked, id=16968, stack(0x000000ad05800000,0x000000ad05900000)]
  0x00000242918b2000 JavaThread "Reference Handler" daemon [_thread_blocked, id=33564, stack(0x000000ad05f00000,0x000000ad06000000)]
  0x00000242918b4000 JavaThread "Finalizer" daemon [_thread_blocked, id=38040, stack(0x000000ad06000000,0x000000ad06100000)]
  0x000002429190c800 JavaThread "Signal Dispatcher" daemon [_thread_blocked, id=36648, stack(0x000000ad06100000,0x000000ad06200000)]
  0x000002429190d800 JavaThread "Attach Listener" daemon [_thread_blocked, id=38484, stack(0x000000ad06200000,0x000000ad06300000)]
  0x0000024291911800 JavaThread "Service Thread" daemon [_thread_blocked, id=26676, stack(0x000000ad06300000,0x000000ad06400000)]
=>0x0000024291916800 JavaThread "C2 CompilerThread0" daemon [_thread_in_native, id=38940, stack(0x000000ad06400000,0x000000ad06500000)]
  0x000002429191b800 JavaThread "C1 CompilerThread0" daemon [_thread_blocked, id=31096, stack(0x000000ad06500000,0x000000ad06600000)]
  0x000002429191d800 JavaThread "Sweeper thread" daemon [_thread_blocked, id=14800, stack(0x000000ad06600000,0x000000ad06700000)]
  0x0000024291a89800 JavaThread "Common-Cleaner" daemon [_thread_blocked, id=34628, stack(0x000000ad06700000,0x000000ad06800000)]
  0x0000024292f4a000 JavaThread "Daemon health stats" [_thread_blocked, id=42592, stack(0x000000ad07100000,0x000000ad07200000)]
  0x0000024293fc6000 JavaThread "Incoming local TCP Connector on port 51568" [_thread_in_native, id=38796, stack(0x000000ad06900000,0x000000ad06a00000)]
  0x00000242937d8000 JavaThread "Daemon periodic checks" [_thread_blocked, id=40032, stack(0x000000ad07200000,0x000000ad07300000)]
  0x0000024291b86800 JavaThread "Daemon" [_thread_blocked, id=43920, stack(0x000000ad07300000,0x000000ad07400000)]
  0x0000024293254800 JavaThread "Handler for socket connection from /127.0.0.1:51568 to /127.0.0.1:51569" [_thread_in_native, id=19200, stack(0x000000ad07400000,0x000000ad07500000)]
  0x0000024293c9e800 JavaThread "Cancel handler" [_thread_blocked, id=41324, stack(0x000000ad07600000,0x000000ad07700000)]
  0x0000024293c82800 JavaThread "Daemon worker" [_thread_in_native, id=41540, stack(0x000000ad07700000,0x000000ad07800000)]
  0x0000024293d95000 JavaThread "Asynchronous log dispatcher for DefaultDaemonConnection: socket connection from /127.0.0.1:51568 to /127.0.0.1:51569" [_thread_blocked, id=42832, stack(0x000000ad07800000,0x000000ad07900000)]
  0x0000024293d95800 JavaThread "Stdin handler" [_thread_blocked, id=36212, stack(0x000000ad07900000,0x000000ad07a00000)]
  0x0000024293d3c800 JavaThread "Daemon client event forwarder" [_thread_blocked, id=36180, stack(0x000000ad07a00000,0x000000ad07b00000)]
  0x0000024293a4d800 JavaThread "Cache worker for journal cache (C:\Users\MSI\.gradle\caches\journal-1)" [_thread_blocked, id=28760, stack(0x000000ad07b00000,0x000000ad07c00000)]
  0x0000024293a4c000 JavaThread "File lock request listener" [_thread_in_native, id=27496, stack(0x000000ad07c00000,0x000000ad07d00000)]
  0x0000024293a4e800 JavaThread "Cache worker for file hash cache (C:\Users\MSI\.gradle\caches\7.4\fileHashes)" [_thread_blocked, id=9424, stack(0x000000ad07e00000,0x000000ad07f00000)]
  0x0000024293a4b800 JavaThread "File watcher server" daemon [_thread_in_native, id=15468, stack(0x000000ad07f00000,0x000000ad08000000)]
  0x0000024293a50000 JavaThread "File watcher consumer" daemon [_thread_blocked, id=39436, stack(0x000000ad08000000,0x000000ad08100000)]
  0x0000024293a4f800 JavaThread "jar transforms" [_thread_blocked, id=42228, stack(0x000000ad08100000,0x000000ad08200000)]
  0x0000024293a51000 JavaThread "jar transforms Thread 2" [_thread_blocked, id=29444, stack(0x000000ad08200000,0x000000ad08300000)]
  0x0000024293a52000 JavaThread "jar transforms Thread 3" [_thread_blocked, id=39564, stack(0x000000ad08300000,0x000000ad08400000)]
  0x0000024293a4d000 JavaThread "jar transforms Thread 4" [_thread_blocked, id=43160, stack(0x000000ad08400000,0x000000ad08500000)]
  0x0000024294fed000 JavaThread "jar transforms Thread 5" [_thread_blocked, id=41888, stack(0x000000ad08500000,0x000000ad08600000)]
  0x0000024294ff0800 JavaThread "jar transforms Thread 6" [_thread_blocked, id=17540, stack(0x000000ad08600000,0x000000ad08700000)]
  0x0000024294fee000 JavaThread "jar transforms Thread 7" [_thread_blocked, id=41880, stack(0x000000ad08700000,0x000000ad08800000)]
  0x0000024294fec800 JavaThread "jar transforms Thread 8" [_thread_blocked, id=39884, stack(0x000000ad08800000,0x000000ad08900000)]
  0x0000024294fee800 JavaThread "Cache worker for checksums cache (C:\Users\MSI\AndroidStudioProjects\GreetingCard\.gradle\7.4\checksums)" [_thread_blocked, id=40076, stack(0x000000ad08900000,0x000000ad08a00000)]
  0x0000024294fef800 JavaThread "Cache worker for cache directory md-rule (C:\Users\MSI\.gradle\caches\7.4\md-rule)" [_thread_blocked, id=37520, stack(0x000000ad08a00000,0x000000ad08b00000)]
  0x0000024294fea800 JavaThread "Cache worker for file hash cache (C:\Users\MSI\AndroidStudioProjects\GreetingCard\.gradle\7.4\fileHashes)" [_thread_blocked, id=40060, stack(0x000000ad08b00000,0x000000ad08c00000)]
  0x0000024294ff1000 JavaThread "Cache worker for cache directory md-supplier (C:\Users\MSI\.gradle\caches\7.4\md-supplier)" [_thread_blocked, id=37988, stack(0x000000ad08c00000,0x000000ad08d00000)]
  0x0000024294feb800 JavaThread "Cache worker for execution history cache (C:\Users\MSI\.gradle\caches\7.4\executionHistory)" [_thread_blocked, id=42284, stack(0x000000ad08d00000,0x000000ad08e00000)]
  0x0000024294ff5000 JavaThread "Cache worker for file content cache (C:\Users\MSI\.gradle\caches\7.4\fileContent)" [_thread_blocked, id=28072, stack(0x000000ad08e00000,0x000000ad08f00000)]
  0x0000024294ff6000 JavaThread "Cache worker for dependencies-accessors (C:\Users\MSI\AndroidStudioProjects\GreetingCard\.gradle\7.4\dependencies-accessors)" [_thread_blocked, id=26892, stack(0x000000ad07500000,0x000000ad07600000)]
  0x0000024294ff7800 JavaThread "Cache worker for Build Output Cleanup Cache (C:\Users\MSI\AndroidStudioProjects\GreetingCard\.gradle\buildOutputCleanup)" [_thread_blocked, id=41644, stack(0x000000ad08f00000,0x000000ad09000000)]
  0x0000024294ff2000 JavaThread "Unconstrained build operations" [_thread_blocked, id=43868, stack(0x000000ad09100000,0x000000ad09200000)]
  0x0000024294ff8800 JavaThread "Unconstrained build operations Thread 2" [_thread_in_native, id=32208, stack(0x000000ad09200000,0x000000ad09300000)]
  0x0000024294ff3000 JavaThread "Unconstrained build operations Thread 3" [_thread_in_native, id=16708, stack(0x000000ad09300000,0x000000ad09400000)]
  0x0000024294ff9800 JavaThread "Unconstrained build operations Thread 4" [_thread_in_native, id=2644, stack(0x000000ad09400000,0x000000ad09500000)]
  0x000002429721c000 JavaThread "Unconstrained build operations Thread 5" [_thread_in_native, id=42032, stack(0x000000ad09500000,0x000000ad09600000)]
  0x000002429721b800 JavaThread "Unconstrained build operations Thread 6" [_thread_in_native, id=40192, stack(0x000000ad09600000,0x000000ad09700000)]
  0x0000024297222800 JavaThread "Unconstrained build operations Thread 7" [_thread_in_native, id=8216, stack(0x000000ad09700000,0x000000ad09800000)]
  0x0000024297220000 JavaThread "Unconstrained build operations Thread 8" [_thread_blocked, id=17544, stack(0x000000ad09800000,0x000000ad09900000)]
  0x000002429721f800 JavaThread "Unconstrained build operations Thread 9" [_thread_blocked, id=17112, stack(0x000000ad09900000,0x000000ad09a00000)]
  0x0000024297222000 JavaThread "Unconstrained build operations Thread 10" [_thread_blocked, id=43260, stack(0x000000ad09a00000,0x000000ad09b00000)]
  0x000002429721e800 JavaThread "Unconstrained build operations Thread 11" [_thread_blocked, id=12552, stack(0x000000ad09b00000,0x000000ad09c00000)]
  0x0000024297221000 JavaThread "Unconstrained build operations Thread 12" [_thread_blocked, id=24420, stack(0x000000ad09c00000,0x000000ad09d00000)]
  0x000002429721d000 JavaThread "Unconstrained build operations Thread 13" [_thread_blocked, id=17572, stack(0x000000ad09d00000,0x000000ad09e00000)]
  0x0000024297223800 JavaThread "Unconstrained build operations Thread 14" [_thread_blocked, id=9288, stack(0x000000ad09e00000,0x000000ad09f00000)]
  0x000002429721e000 JavaThread "Unconstrained build operations Thread 15" [_thread_blocked, id=38112, stack(0x000000ad09f00000,0x000000ad0a000000)]
  0x0000024297224800 JavaThread "Unconstrained build operations Thread 16" [_thread_blocked, id=37800, stack(0x000000ad0a000000,0x000000ad0a100000)]
  0x0000024297226000 JavaThread "Unconstrained build operations Thread 17" [_thread_blocked, id=39800, stack(0x000000ad0a100000,0x000000ad0a200000)]
  0x0000024297228800 JavaThread "Unconstrained build operations Thread 18" [_thread_in_native, id=27204, stack(0x000000ad0a200000,0x000000ad0a300000)]
  0x0000024297227800 JavaThread "Unconstrained build operations Thread 19" [_thread_blocked, id=41068, stack(0x000000ad0a300000,0x000000ad0a400000)]
  0x000002429722a000 JavaThread "Unconstrained build operations Thread 20" [_thread_blocked, id=10728, stack(0x000000ad0a400000,0x000000ad0a500000)]
  0x0000024297225000 JavaThread "Unconstrained build operations Thread 21" [_thread_blocked, id=40516, stack(0x000000ad0a500000,0x000000ad0a600000)]
  0x0000024297229000 JavaThread "Unconstrained build operations Thread 22" [_thread_blocked, id=1124, stack(0x000000ad0a600000,0x000000ad0a700000)]
  0x0000024297227000 JavaThread "Unconstrained build operations Thread 23" [_thread_blocked, id=11464, stack(0x000000ad0a700000,0x000000ad0a800000)]
  0x0000024291cb8000 JavaThread "Unconstrained build operations Thread 24" [_thread_blocked, id=42568, stack(0x000000ad0a800000,0x000000ad0a900000)]

Other Threads:
  0x00000242918ad800 VMThread "VM Thread" [stack: 0x000000ad05e00000,0x000000ad05f00000] [id=19752]
  0x0000024291acb000 WatcherThread [stack: 0x000000ad06800000,0x000000ad06900000] [id=43600]
  0x00000242f6963800 GCTaskThread "GC Thread#0" [stack: 0x000000ad05900000,0x000000ad05a00000] [id=2928]
  0x00000242928f2000 GCTaskThread "GC Thread#1" [stack: 0x000000ad06a00000,0x000000ad06b00000] [id=20956]
  0x00000242926f6800 GCTaskThread "GC Thread#2" [stack: 0x000000ad06b00000,0x000000ad06c00000] [id=37328]
  0x000002429276a800 GCTaskThread "GC Thread#3" [stack: 0x000000ad06c00000,0x000000ad06d00000] [id=37080]
  0x0000024292769000 GCTaskThread "GC Thread#4" [stack: 0x000000ad06d00000,0x000000ad06e00000] [id=40068]
  0x000002429276b800 GCTaskThread "GC Thread#5" [stack: 0x000000ad06e00000,0x000000ad06f00000] [id=28200]
  0x000002429276d000 GCTaskThread "GC Thread#6" [stack: 0x000000ad06f00000,0x000000ad07000000] [id=22544]
  0x0000024292766000 GCTaskThread "GC Thread#7" [stack: 0x000000ad07000000,0x000000ad07100000] [id=40120]
  0x00000242f6997000 ConcurrentGCThread "G1 Main Marker" [stack: 0x000000ad05a00000,0x000000ad05b00000] [id=17140]
  0x00000242f6999000 ConcurrentGCThread "G1 Conc#0" [stack: 0x000000ad05b00000,0x000000ad05c00000] [id=36944]
  0x0000024292767000 ConcurrentGCThread "G1 Conc#1" [stack: 0x000000ad07d00000,0x000000ad07e00000] [id=35284]
  0x00000242ffd17000 ConcurrentGCThread "G1 Refine#0" [stack: 0x000000ad05c00000,0x000000ad05d00000] [id=2024]
  0x00000242ffd18000 ConcurrentGCThread "G1 Young RemSet Sampling" [stack: 0x000000ad05d00000,0x000000ad05e00000] [id=16440]

Threads with active compile tasks:
C2 CompilerThread0  19674 7843       4       sun.security.util.AlgorithmDecomposer::decompose (336 bytes)

VM state:not at safepoint (normal execution)

VM Mutex/Monitor currently owned by a thread: None

Heap address: 0x0000000080000000, size: 2048 MB, Compressed Oops mode: 32-bit
Narrow klass base: 0x0000000000000000, Narrow klass shift: 3
Compressed class space size: 1073741824 Address: 0x0000000100000000

Heap:
 garbage-first heap   total 391168K, used 160535K [0x0000000080000000, 0x0000000100000000)
  region size 1024K, 95 young (97280K), 17 survivors (17408K)
 Metaspace       used 66020K, capacity 67957K, committed 68144K, reserved 1107968K
  class space    used 8348K, capacity 8972K, committed 9088K, reserved 1048576K
Heap Regions: E=young(eden), S=young(survivor), O=old, HS=humongous(starts), HC=humongous(continues), CS=collection set, F=free, A=archive, TAMS=top-at-mark-start (previous, next)
|   0|0x0000000080000000, 0x0000000080100000, 0x0000000080100000|100%| O|  |TAMS 0x0000000080100000, 0x0000000080000000| Untracked 
|   1|0x0000000080100000, 0x0000000080200000, 0x0000000080200000|100%| O|  |TAMS 0x0000000080200000, 0x0000000080100000| Untracked 
|   2|0x0000000080200000, 0x0000000080300000, 0x0000000080300000|100%| O|  |TAMS 0x0000000080300000, 0x0000000080200000| Untracked 
|   3|0x0000000080300000, 0x0000000080400000, 0x0000000080400000|100%|HS|  |TAMS 0x0000000080400000, 0x0000000080300000| Complete 
|   4|0x0000000080400000, 0x0000000080500000, 0x0000000080500000|100%|HC|  |TAMS 0x0000000080500000, 0x0000000080400000| Complete 
|   5|0x0000000080500000, 0x0000000080600000, 0x0000000080600000|100%|HC|  |TAMS 0x0000000080600000, 0x0000000080500000| Complete 
|   6|0x0000000080600000, 0x0000000080700000, 0x0000000080700000|100%| O|  |TAMS 0x0000000080700000, 0x0000000080600000| Untracked 
|   7|0x0000000080700000, 0x0000000080800000, 0x0000000080800000|100%| O|  |TAMS 0x0000000080800000, 0x0000000080700000| Untracked 
|   8|0x0000000080800000, 0x0000000080900000, 0x0000000080900000|100%| O|  |TAMS 0x0000000080900000, 0x0000000080800000| Untracked 
|   9|0x0000000080900000, 0x0000000080a00000, 0x0000000080a00000|100%| O|  |TAMS 0x0000000080a00000, 0x0000000080900000| Untracked 
|  10|0x0000000080a00000, 0x0000000080b00000, 0x0000000080b00000|100%| O|  |TAMS 0x0000000080b00000, 0x0000000080a00000| Untracked 
|  11|0x0000000080b00000, 0x0000000080c00000, 0x0000000080c00000|100%| O|  |TAMS 0x0000000080c00000, 0x0000000080b00000| Untracked 
|  12|0x0000000080c00000, 0x0000000080d00000, 0x0000000080d00000|100%| O|  |TAMS 0x0000000080d00000, 0x0000000080c00000| Untracked 
|  13|0x0000000080d00000, 0x0000000080e00000, 0x0000000080e00000|100%| O|  |TAMS 0x0000000080e00000, 0x0000000080d00000| Untracked 
|  14|0x0000000080e00000, 0x0000000080f00000, 0x0000000080f00000|100%| O|  |TAMS 0x0000000080f00000, 0x0000000080e00000| Untracked 
|  15|0x0000000080f00000, 0x0000000081000000, 0x0000000081000000|100%| O|  |TAMS 0x0000000081000000, 0x0000000080f00000| Untracked 
|  16|0x0000000081000000, 0x0000000081100000, 0x0000000081100000|100%| O|  |TAMS 0x0000000081100000, 0x0000000081000000| Untracked 
|  17|0x0000000081100000, 0x0000000081200000, 0x0000000081200000|100%|HS|  |TAMS 0x0000000081200000, 0x0000000081100000| Complete 
|  18|0x0000000081200000, 0x0000000081300000, 0x0000000081300000|100%|HC|  |TAMS 0x0000000081300000, 0x0000000081200000| Complete 
|  19|0x0000000081300000, 0x0000000081400000, 0x0000000081400000|100%|HS|  |TAMS 0x0000000081400000, 0x0000000081300000| Complete 
|  20|0x0000000081400000, 0x0000000081500000, 0x0000000081500000|100%|HC|  |TAMS 0x0000000081500000, 0x0000000081400000| Complete 
|  21|0x0000000081500000, 0x0000000081600000, 0x0000000081600000|100%|HC|  |TAMS 0x0000000081600000, 0x0000000081500000| Complete 
|  22|0x0000000081600000, 0x0000000081700000, 0x0000000081700000|100%|HS|  |TAMS 0x0000000081700000, 0x0000000081600000| Complete 
|  23|0x0000000081700000, 0x0000000081800000, 0x0000000081800000|100%|HC|  |TAMS 0x0000000081800000, 0x0000000081700000| Complete 
|  24|0x0000000081800000, 0x0000000081900000, 0x0000000081900000|100%|HC|  |TAMS 0x0000000081900000, 0x0000000081800000| Complete 
|  25|0x0000000081900000, 0x0000000081a00000, 0x0000000081a00000|100%|HS|  |TAMS 0x0000000081a00000, 0x0000000081900000| Complete 
|  26|0x0000000081a00000, 0x0000000081b00000, 0x0000000081b00000|100%|HC|  |TAMS 0x0000000081b00000, 0x0000000081a00000| Complete 
|  27|0x0000000081b00000, 0x0000000081c00000, 0x0000000081c00000|100%|HC|  |TAMS 0x0000000081c00000, 0x0000000081b00000| Complete 
|  28|0x0000000081c00000, 0x0000000081d00000, 0x0000000081d00000|100%|HC|  |TAMS 0x0000000081d00000, 0x0000000081c00000| Complete 
|  29|0x0000000081d00000, 0x0000000081e00000, 0x0000000081e00000|100%|HC|  |TAMS 0x0000000081e00000, 0x0000000081d00000| Complete 
|  30|0x0000000081e00000, 0x0000000081f00000, 0x0000000081f00000|100%|HS|  |TAMS 0x0000000081f00000, 0x0000000081e00000| Complete 
|  31|0x0000000081f00000, 0x0000000082000000, 0x0000000082000000|100%| O|  |TAMS 0x0000000082000000, 0x0000000081f00000| Untracked 
|  32|0x0000000082000000, 0x0000000082100000, 0x0000000082100000|100%| O|  |TAMS 0x0000000082100000, 0x0000000082000000| Untracked 
|  33|0x0000000082100000, 0x0000000082200000, 0x0000000082200000|100%| O|  |TAMS 0x0000000082200000, 0x0000000082100000| Untracked 
|  34|0x0000000082200000, 0x0000000082300000, 0x0000000082300000|100%| O|  |TAMS 0x0000000082300000, 0x0000000082200000| Untracked 
|  35|0x0000000082300000, 0x0000000082400000, 0x0000000082400000|100%| O|  |TAMS 0x0000000082400000, 0x0000000082300000| Untracked 
|  36|0x0000000082400000, 0x0000000082500000, 0x0000000082500000|100%| O|  |TAMS 0x0000000082500000, 0x0000000082400000| Untracked 
|  37|0x0000000082500000, 0x0000000082600000, 0x0000000082600000|100%| O|  |TAMS 0x0000000082600000, 0x0000000082500000| Untracked 
|  38|0x0000000082600000, 0x0000000082700000, 0x0000000082700000|100%| O|  |TAMS 0x0000000082700000, 0x0000000082600000| Untracked 
|  39|0x0000000082700000, 0x0000000082800000, 0x0000000082800000|100%|HS|  |TAMS 0x0000000082800000, 0x0000000082700000| Complete 
|  40|0x0000000082800000, 0x0000000082900000, 0x0000000082900000|100%|HC|  |TAMS 0x0000000082900000, 0x0000000082800000| Complete 
|  41|0x0000000082900000, 0x0000000082a00000, 0x0000000082a00000|100%|HC|  |TAMS 0x0000000082a00000, 0x0000000082900000| Complete 
|  42|0x0000000082a00000, 0x0000000082b00000, 0x0000000082b00000|100%|HC|  |TAMS 0x0000000082b00000, 0x0000000082a00000| Complete 
|  43|0x0000000082b00000, 0x0000000082c00000, 0x0000000082c00000|100%|HC|  |TAMS 0x0000000082c00000, 0x0000000082b00000| Complete 
|  44|0x0000000082c00000, 0x0000000082d00000, 0x0000000082d00000|100%| O|  |TAMS 0x0000000082d00000, 0x0000000082c00000| Untracked 
|  45|0x0000000082d00000, 0x0000000082e00000, 0x0000000082e00000|100%| O|  |TAMS 0x0000000082e00000, 0x0000000082d00000| Untracked 
|  46|0x0000000082e00000, 0x0000000082f00000, 0x0000000082f00000|100%| O|  |TAMS 0x0000000082f00000, 0x0000000082e00000| Untracked 
|  47|0x0000000082f00000, 0x0000000083000000, 0x0000000083000000|100%| O|  |TAMS 0x0000000083000000, 0x0000000082f00000| Untracked 
|  48|0x0000000083000000, 0x0000000083100000, 0x0000000083100000|100%| O|  |TAMS 0x0000000083100000, 0x0000000083000000| Untracked 
|  49|0x0000000083100000, 0x0000000083200000, 0x0000000083200000|100%| O|  |TAMS 0x0000000083200000, 0x0000000083100000| Untracked 
|  50|0x0000000083200000, 0x00000000832c5c00, 0x0000000083300000| 77%| O|  |TAMS 0x00000000832c5c00, 0x0000000083200000| Untracked 
|  51|0x0000000083300000, 0x0000000083300000, 0x0000000083400000|  0%| F|  |TAMS 0x0000000083300000, 0x0000000083300000| Untracked 
|  52|0x0000000083400000, 0x0000000083400000, 0x0000000083500000|  0%| F|  |TAMS 0x0000000083400000, 0x0000000083400000| Untracked 
|  53|0x0000000083500000, 0x0000000083500000, 0x0000000083600000|  0%| F|  |TAMS 0x0000000083500000, 0x0000000083500000| Untracked 
|  54|0x0000000083600000, 0x0000000083700000, 0x0000000083700000|100%|HS|  |TAMS 0x0000000083700000, 0x0000000083600000| Complete 
|  55|0x0000000083700000, 0x0000000083800000, 0x0000000083800000|100%|HC|  |TAMS 0x0000000083800000, 0x0000000083700000| Complete 
|  56|0x0000000083800000, 0x0000000083900000, 0x0000000083900000|100%|HC|  |TAMS 0x0000000083900000, 0x0000000083800000| Complete 
|  57|0x0000000083900000, 0x0000000083a00000, 0x0000000083a00000|100%|HC|  |TAMS 0x0000000083a00000, 0x0000000083900000| Complete 
|  58|0x0000000083a00000, 0x0000000083b00000, 0x0000000083b00000|100%|HS|  |TAMS 0x0000000083b00000, 0x0000000083a00000| Complete 
|  59|0x0000000083b00000, 0x0000000083c00000, 0x0000000083c00000|100%|HC|  |TAMS 0x0000000083c00000, 0x0000000083b00000| Complete 
|  60|0x0000000083c00000, 0x0000000083d00000, 0x0000000083d00000|100%|HC|  |TAMS 0x0000000083d00000, 0x0000000083c00000| Complete 
|  61|0x0000000083d00000, 0x0000000083e00000, 0x0000000083e00000|100%|HS|  |TAMS 0x0000000083e00000, 0x0000000083d00000| Complete 
|  62|0x0000000083e00000, 0x0000000083f00000, 0x0000000083f00000|100%|HC|  |TAMS 0x0000000083f00000, 0x0000000083e00000| Complete 
|  63|0x0000000083f00000, 0x0000000084000000, 0x0000000084000000|100%|HS|  |TAMS 0x0000000084000000, 0x0000000083f00000| Complete 
|  64|0x0000000084000000, 0x0000000084100000, 0x0000000084100000|100%|HC|  |TAMS 0x0000000084100000, 0x0000000084000000| Complete 
|  65|0x0000000084100000, 0x0000000084200000, 0x0000000084200000|100%|HC|  |TAMS 0x0000000084200000, 0x0000000084100000| Complete 
|  66|0x0000000084200000, 0x0000000084200000, 0x0000000084300000|  0%| F|  |TAMS 0x0000000084200000, 0x0000000084200000| Untracked 
|  67|0x0000000084300000, 0x0000000084300000, 0x0000000084400000|  0%| F|  |TAMS 0x0000000084300000, 0x0000000084300000| Untracked 
|  68|0x0000000084400000, 0x0000000084400000, 0x0000000084500000|  0%| F|  |TAMS 0x0000000084400000, 0x0000000084400000| Untracked 
|  69|0x0000000084500000, 0x0000000084500000, 0x0000000084600000|  0%| F|  |TAMS 0x0000000084500000, 0x0000000084500000| Untracked 
|  70|0x0000000084600000, 0x0000000084600000, 0x0000000084700000|  0%| F|  |TAMS 0x0000000084600000, 0x0000000084600000| Untracked 
|  71|0x0000000084700000, 0x0000000084700000, 0x0000000084800000|  0%| F|  |TAMS 0x0000000084700000, 0x0000000084700000| Untracked 
|  72|0x0000000084800000, 0x0000000084800000, 0x0000000084900000|  0%| F|  |TAMS 0x0000000084800000, 0x0000000084800000| Untracked 
|  73|0x0000000084900000, 0x0000000084900000, 0x0000000084a00000|  0%| F|  |TAMS 0x0000000084900000, 0x0000000084900000| Untracked 
|  74|0x0000000084a00000, 0x0000000084a00000, 0x0000000084b00000|  0%| F|  |TAMS 0x0000000084a00000, 0x0000000084a00000| Untracked 
|  75|0x0000000084b00000, 0x0000000084b00000, 0x0000000084c00000|  0%| F|  |TAMS 0x0000000084b00000, 0x0000000084b00000| Untracked 
|  76|0x0000000084c00000, 0x0000000084c00000, 0x0000000084d00000|  0%| F|  |TAMS 0x0000000084c00000, 0x0000000084c00000| Untracked 
|  77|0x0000000084d00000, 0x0000000084d00000, 0x0000000084e00000|  0%| F|  |TAMS 0x0000000084d00000, 0x0000000084d00000| Untracked 
|  78|0x0000000084e00000, 0x0000000084e00000, 0x0000000084f00000|  0%| F|  |TAMS 0x0000000084e00000, 0x0000000084e00000| Untracked 
|  79|0x0000000084f00000, 0x0000000084f00000, 0x0000000085000000|  0%| F|  |TAMS 0x0000000084f00000, 0x0000000084f00000| Untracked 
|  80|0x0000000085000000, 0x0000000085000000, 0x0000000085100000|  0%| F|  |TAMS 0x0000000085000000, 0x0000000085000000| Untracked 
|  81|0x0000000085100000, 0x0000000085100000, 0x0000000085200000|  0%| F|  |TAMS 0x0000000085100000, 0x0000000085100000| Untracked 
|  82|0x0000000085200000, 0x0000000085200000, 0x0000000085300000|  0%| F|  |TAMS 0x0000000085200000, 0x0000000085200000| Untracked 
|  83|0x0000000085300000, 0x0000000085300000, 0x0000000085400000|  0%| F|  |TAMS 0x0000000085300000, 0x0000000085300000| Untracked 
|  84|0x0000000085400000, 0x0000000085400000, 0x0000000085500000|  0%| F|  |TAMS 0x0000000085400000, 0x0000000085400000| Untracked 
|  85|0x0000000085500000, 0x0000000085500000, 0x0000000085600000|  0%| F|  |TAMS 0x0000000085500000, 0x0000000085500000| Untracked 
|  86|0x0000000085600000, 0x0000000085600000, 0x0000000085700000|  0%| F|  |TAMS 0x0000000085600000, 0x0000000085600000| Untracked 
|  87|0x0000000085700000, 0x0000000085700000, 0x0000000085800000|  0%| F|  |TAMS 0x0000000085700000, 0x0000000085700000| Untracked 
|  88|0x0000000085800000, 0x0000000085800000, 0x0000000085900000|  0%| F|  |TAMS 0x0000000085800000, 0x0000000085800000| Untracked 
|  89|0x0000000085900000, 0x0000000085900000, 0x0000000085a00000|  0%| F|  |TAMS 0x0000000085900000, 0x0000000085900000| Untracked 
|  90|0x0000000085a00000, 0x0000000085a00000, 0x0000000085b00000|  0%| F|  |TAMS 0x0000000085a00000, 0x0000000085a00000| Untracked 
|  91|0x0000000085b00000, 0x0000000085b00000, 0x0000000085c00000|  0%| F|  |TAMS 0x0000000085b00000, 0x0000000085b00000| Untracked 
|  92|0x0000000085c00000, 0x0000000085c00000, 0x0000000085d00000|  0%| F|  |TAMS 0x0000000085c00000, 0x0000000085c00000| Untracked 
|  93|0x0000000085d00000, 0x0000000085d00000, 0x0000000085e00000|  0%| F|  |TAMS 0x0000000085d00000, 0x0000000085d00000| Untracked 
|  94|0x0000000085e00000, 0x0000000085e00000, 0x0000000085f00000|  0%| F|  |TAMS 0x0000000085e00000, 0x0000000085e00000| Untracked 
|  95|0x0000000085f00000, 0x0000000085f00000, 0x0000000086000000|  0%| F|  |TAMS 0x0000000085f00000, 0x0000000085f00000| Untracked 
|  96|0x0000000086000000, 0x0000000086000000, 0x0000000086100000|  0%| F|  |TAMS 0x0000000086000000, 0x0000000086000000| Untracked 
|  97|0x0000000086100000, 0x0000000086100000, 0x0000000086200000|  0%| F|  |TAMS 0x0000000086100000, 0x0000000086100000| Untracked 
|  98|0x0000000086200000, 0x0000000086200000, 0x0000000086300000|  0%| F|  |TAMS 0x0000000086200000, 0x0000000086200000| Untracked 
|  99|0x0000000086300000, 0x0000000086300000, 0x0000000086400000|  0%| F|  |TAMS 0x0000000086300000, 0x0000000086300000| Untracked 
| 100|0x0000000086400000, 0x0000000086400000, 0x0000000086500000|  0%| F|  |TAMS 0x0000000086400000, 0x0000000086400000| Untracked 
| 101|0x0000000086500000, 0x0000000086500000, 0x0000000086600000|  0%| F|  |TAMS 0x0000000086500000, 0x0000000086500000| Untracked 
| 102|0x0000000086600000, 0x0000000086600000, 0x0000000086700000|  0%| F|  |TAMS 0x0000000086600000, 0x0000000086600000| Untracked 
| 103|0x0000000086700000, 0x0000000086700000, 0x0000000086800000|  0%| F|  |TAMS 0x0000000086700000, 0x0000000086700000| Untracked 
| 104|0x0000000086800000, 0x0000000086800000, 0x0000000086900000|  0%| F|  |TAMS 0x0000000086800000, 0x0000000086800000| Untracked 
| 105|0x0000000086900000, 0x0000000086900000, 0x0000000086a00000|  0%| F|  |TAMS 0x0000000086900000, 0x0000000086900000| Untracked 
| 106|0x0000000086a00000, 0x0000000086a00000, 0x0000000086b00000|  0%| F|  |TAMS 0x0000000086a00000, 0x0000000086a00000| Untracked 
| 107|0x0000000086b00000, 0x0000000086b00000, 0x0000000086c00000|  0%| F|  |TAMS 0x0000000086b00000, 0x0000000086b00000| Untracked 
| 108|0x0000000086c00000, 0x0000000086c00000, 0x0000000086d00000|  0%| F|  |TAMS 0x0000000086c00000, 0x0000000086c00000| Untracked 
| 109|0x0000000086d00000, 0x0000000086d00000, 0x0000000086e00000|  0%| F|  |TAMS 0x0000000086d00000, 0x0000000086d00000| Untracked 
| 110|0x0000000086e00000, 0x0000000086e00000, 0x0000000086f00000|  0%| F|  |TAMS 0x0000000086e00000, 0x0000000086e00000| Untracked 
| 111|0x0000000086f00000, 0x0000000086f00000, 0x0000000087000000|  0%| F|  |TAMS 0x0000000086f00000, 0x0000000086f00000| Untracked 
| 112|0x0000000087000000, 0x0000000087000000, 0x0000000087100000|  0%| F|  |TAMS 0x0000000087000000, 0x0000000087000000| Untracked 
| 113|0x0000000087100000, 0x0000000087100000, 0x0000000087200000|  0%| F|  |TAMS 0x0000000087100000, 0x0000000087100000| Untracked 
| 114|0x0000000087200000, 0x0000000087200000, 0x0000000087300000|  0%| F|  |TAMS 0x0000000087200000, 0x0000000087200000| Untracked 
| 115|0x0000000087300000, 0x0000000087300000, 0x0000000087400000|  0%| F|  |TAMS 0x0000000087300000, 0x0000000087300000| Untracked 
| 116|0x0000000087400000, 0x0000000087400000, 0x0000000087500000|  0%| F|  |TAMS 0x0000000087400000, 0x0000000087400000| Untracked 
| 117|0x0000000087500000, 0x0000000087500000, 0x0000000087600000|  0%| F|  |TAMS 0x0000000087500000, 0x0000000087500000| Untracked 
| 118|0x0000000087600000, 0x0000000087600000, 0x0000000087700000|  0%| F|  |TAMS 0x0000000087600000, 0x0000000087600000| Untracked 
| 119|0x0000000087700000, 0x0000000087700000, 0x0000000087800000|  0%| F|  |TAMS 0x0000000087700000, 0x0000000087700000| Untracked 
| 120|0x0000000087800000, 0x0000000087800000, 0x0000000087900000|  0%| F|  |TAMS 0x0000000087800000, 0x0000000087800000| Untracked 
| 121|0x0000000087900000, 0x0000000087900000, 0x0000000087a00000|  0%| F|  |TAMS 0x0000000087900000, 0x0000000087900000| Untracked 
| 122|0x0000000087a00000, 0x0000000087a00000, 0x0000000087b00000|  0%| F|  |TAMS 0x0000000087a00000, 0x0000000087a00000| Untracked 
| 123|0x0000000087b00000, 0x0000000087b00000, 0x0000000087c00000|  0%| F|  |TAMS 0x0000000087b00000, 0x0000000087b00000| Untracked 
| 124|0x0000000087c00000, 0x0000000087c00000, 0x0000000087d00000|  0%| F|  |TAMS 0x0000000087c00000, 0x0000000087c00000| Untracked 
| 125|0x0000000087d00000, 0x0000000087d00000, 0x0000000087e00000|  0%| F|  |TAMS 0x0000000087d00000, 0x0000000087d00000| Untracked 
| 126|0x0000000087e00000, 0x0000000087e00000, 0x0000000087f00000|  0%| F|  |TAMS 0x0000000087e00000, 0x0000000087e00000| Untracked 
| 127|0x0000000087f00000, 0x0000000087f00000, 0x0000000088000000|  0%| F|  |TAMS 0x0000000087f00000, 0x0000000087f00000| Untracked 
| 128|0x0000000088000000, 0x0000000088000000, 0x0000000088100000|  0%| F|  |TAMS 0x0000000088000000, 0x0000000088000000| Untracked 
| 129|0x0000000088100000, 0x0000000088100000, 0x0000000088200000|  0%| F|  |TAMS 0x0000000088100000, 0x0000000088100000| Untracked 
| 130|0x0000000088200000, 0x0000000088200000, 0x0000000088300000|  0%| F|  |TAMS 0x0000000088200000, 0x0000000088200000| Untracked 
| 131|0x0000000088300000, 0x0000000088300000, 0x0000000088400000|  0%| F|  |TAMS 0x0000000088300000, 0x0000000088300000| Untracked 
| 132|0x0000000088400000, 0x0000000088400000, 0x0000000088500000|  0%| F|  |TAMS 0x0000000088400000, 0x0000000088400000| Untracked 
| 133|0x0000000088500000, 0x0000000088500000, 0x0000000088600000|  0%| F|  |TAMS 0x0000000088500000, 0x0000000088500000| Untracked 
| 134|0x0000000088600000, 0x0000000088600000, 0x0000000088700000|  0%| F|  |TAMS 0x0000000088600000, 0x0000000088600000| Untracked 
| 135|0x0000000088700000, 0x0000000088700000, 0x0000000088800000|  0%| F|  |TAMS 0x0000000088700000, 0x0000000088700000| Untracked 
| 136|0x0000000088800000, 0x0000000088800000, 0x0000000088900000|  0%| F|  |TAMS 0x0000000088800000, 0x0000000088800000| Untracked 
| 137|0x0000000088900000, 0x0000000088900000, 0x0000000088a00000|  0%| F|  |TAMS 0x0000000088900000, 0x0000000088900000| Untracked 
| 138|0x0000000088a00000, 0x0000000088a00000, 0x0000000088b00000|  0%| F|  |TAMS 0x0000000088a00000, 0x0000000088a00000| Untracked 
| 139|0x0000000088b00000, 0x0000000088b00000, 0x0000000088c00000|  0%| F|  |TAMS 0x0000000088b00000, 0x0000000088b00000| Untracked 
| 140|0x0000000088c00000, 0x0000000088c00000, 0x0000000088d00000|  0%| F|  |TAMS 0x0000000088c00000, 0x0000000088c00000| Untracked 
| 141|0x0000000088d00000, 0x0000000088d00000, 0x0000000088e00000|  0%| F|  |TAMS 0x0000000088d00000, 0x0000000088d00000| Untracked 
| 142|0x0000000088e00000, 0x0000000088e00000, 0x0000000088f00000|  0%| F|  |TAMS 0x0000000088e00000, 0x0000000088e00000| Untracked 
| 143|0x0000000088f00000, 0x0000000088f00000, 0x0000000089000000|  0%| F|  |TAMS 0x0000000088f00000, 0x0000000088f00000| Untracked 
| 144|0x0000000089000000, 0x0000000089000000, 0x0000000089100000|  0%| F|  |TAMS 0x0000000089000000, 0x0000000089000000| Untracked 
| 145|0x0000000089100000, 0x0000000089100000, 0x0000000089200000|  0%| F|  |TAMS 0x0000000089100000, 0x0000000089100000| Untracked 
| 146|0x0000000089200000, 0x0000000089200000, 0x0000000089300000|  0%| F|  |TAMS 0x0000000089200000, 0x0000000089200000| Untracked 
| 147|0x0000000089300000, 0x0000000089300000, 0x0000000089400000|  0%| F|  |TAMS 0x0000000089300000, 0x0000000089300000| Untracked 
| 148|0x0000000089400000, 0x0000000089400000, 0x0000000089500000|  0%| F|  |TAMS 0x0000000089400000, 0x0000000089400000| Untracked 
| 149|0x0000000089500000, 0x0000000089500000, 0x0000000089600000|  0%| F|  |TAMS 0x0000000089500000, 0x0000000089500000| Untracked 
| 150|0x0000000089600000, 0x0000000089600000, 0x0000000089700000|  0%| F|  |TAMS 0x0000000089600000, 0x0000000089600000| Untracked 
| 151|0x0000000089700000, 0x0000000089700000, 0x0000000089800000|  0%| F|  |TAMS 0x0000000089700000, 0x0000000089700000| Untracked 
| 152|0x0000000089800000, 0x0000000089800000, 0x0000000089900000|  0%| F|  |TAMS 0x0000000089800000, 0x0000000089800000| Untracked 
| 153|0x0000000089900000, 0x0000000089900000, 0x0000000089a00000|  0%| F|  |TAMS 0x0000000089900000, 0x0000000089900000| Untracked 
| 154|0x0000000089a00000, 0x0000000089a00000, 0x0000000089b00000|  0%| F|  |TAMS 0x0000000089a00000, 0x0000000089a00000| Untracked 
| 155|0x0000000089b00000, 0x0000000089b00000, 0x0000000089c00000|  0%| F|  |TAMS 0x0000000089b00000, 0x0000000089b00000| Untracked 
| 156|0x0000000089c00000, 0x0000000089c00000, 0x0000000089d00000|  0%| F|  |TAMS 0x0000000089c00000, 0x0000000089c00000| Untracked 
| 157|0x0000000089d00000, 0x0000000089d00000, 0x0000000089e00000|  0%| F|  |TAMS 0x0000000089d00000, 0x0000000089d00000| Untracked 
| 158|0x0000000089e00000, 0x0000000089e00000, 0x0000000089f00000|  0%| F|  |TAMS 0x0000000089e00000, 0x0000000089e00000| Untracked 
| 159|0x0000000089f00000, 0x0000000089f00000, 0x000000008a000000|  0%| F|  |TAMS 0x0000000089f00000, 0x0000000089f00000| Untracked 
| 160|0x000000008a000000, 0x000000008a000000, 0x000000008a100000|  0%| F|  |TAMS 0x000000008a000000, 0x000000008a000000| Untracked 
| 161|0x000000008a100000, 0x000000008a100000, 0x000000008a200000|  0%| F|  |TAMS 0x000000008a100000, 0x000000008a100000| Untracked 
| 162|0x000000008a200000, 0x000000008a200000, 0x000000008a300000|  0%| F|  |TAMS 0x000000008a200000, 0x000000008a200000| Untracked 
| 163|0x000000008a300000, 0x000000008a300000, 0x000000008a400000|  0%| F|  |TAMS 0x000000008a300000, 0x000000008a300000| Untracked 
| 164|0x000000008a400000, 0x000000008a400000, 0x000000008a500000|  0%| F|  |TAMS 0x000000008a400000, 0x000000008a400000| Untracked 
| 165|0x000000008a500000, 0x000000008a500000, 0x000000008a600000|  0%| F|  |TAMS 0x000000008a500000, 0x000000008a500000| Untracked 
| 166|0x000000008a600000, 0x000000008a600000, 0x000000008a700000|  0%| F|  |TAMS 0x000000008a600000, 0x000000008a600000| Untracked 
| 167|0x000000008a700000, 0x000000008a700000, 0x000000008a800000|  0%| F|  |TAMS 0x000000008a700000, 0x000000008a700000| Untracked 
| 168|0x000000008a800000, 0x000000008a800000, 0x000000008a900000|  0%| F|  |TAMS 0x000000008a800000, 0x000000008a800000| Untracked 
| 169|0x000000008a900000, 0x000000008a900000, 0x000000008aa00000|  0%| F|  |TAMS 0x000000008a900000, 0x000000008a900000| Untracked 
| 170|0x000000008aa00000, 0x000000008aa00000, 0x000000008ab00000|  0%| F|  |TAMS 0x000000008aa00000, 0x000000008aa00000| Untracked 
| 171|0x000000008ab00000, 0x000000008ab00000, 0x000000008ac00000|  0%| F|  |TAMS 0x000000008ab00000, 0x000000008ab00000| Untracked 
| 172|0x000000008ac00000, 0x000000008ac00000, 0x000000008ad00000|  0%| F|  |TAMS 0x000000008ac00000, 0x000000008ac00000| Untracked 
| 173|0x000000008ad00000, 0x000000008ad00000, 0x000000008ae00000|  0%| F|  |TAMS 0x000000008ad00000, 0x000000008ad00000| Untracked 
| 174|0x000000008ae00000, 0x000000008ae00000, 0x000000008af00000|  0%| F|  |TAMS 0x000000008ae00000, 0x000000008ae00000| Untracked 
| 175|0x000000008af00000, 0x000000008af00000, 0x000000008b000000|  0%| F|  |TAMS 0x000000008af00000, 0x000000008af00000| Untracked 
| 176|0x000000008b000000, 0x000000008b000000, 0x000000008b100000|  0%| F|  |TAMS 0x000000008b000000, 0x000000008b000000| Untracked 
| 177|0x000000008b100000, 0x000000008b100000, 0x000000008b200000|  0%| F|  |TAMS 0x000000008b100000, 0x000000008b100000| Untracked 
| 178|0x000000008b200000, 0x000000008b200000, 0x000000008b300000|  0%| F|  |TAMS 0x000000008b200000, 0x000000008b200000| Untracked 
| 179|0x000000008b300000, 0x000000008b300000, 0x000000008b400000|  0%| F|  |TAMS 0x000000008b300000, 0x000000008b300000| Untracked 
| 180|0x000000008b400000, 0x000000008b400000, 0x000000008b500000|  0%| F|  |TAMS 0x000000008b400000, 0x000000008b400000| Untracked 
| 181|0x000000008b500000, 0x000000008b500000, 0x000000008b600000|  0%| F|  |TAMS 0x000000008b500000, 0x000000008b500000| Untracked 
| 182|0x000000008b600000, 0x000000008b600000, 0x000000008b700000|  0%| F|  |TAMS 0x000000008b600000, 0x000000008b600000| Untracked 
| 183|0x000000008b700000, 0x000000008b700000, 0x000000008b800000|  0%| F|  |TAMS 0x000000008b700000, 0x000000008b700000| Untracked 
| 184|0x000000008b800000, 0x000000008b800000, 0x000000008b900000|  0%| F|  |TAMS 0x000000008b800000, 0x000000008b800000| Untracked 
| 185|0x000000008b900000, 0x000000008b900000, 0x000000008ba00000|  0%| F|  |TAMS 0x000000008b900000, 0x000000008b900000| Untracked 
| 186|0x000000008ba00000, 0x000000008ba00000, 0x000000008bb00000|  0%| F|  |TAMS 0x000000008ba00000, 0x000000008ba00000| Untracked 
| 187|0x000000008bb00000, 0x000000008bb00000, 0x000000008bc00000|  0%| F|  |TAMS 0x000000008bb00000, 0x000000008bb00000| Untracked 
| 188|0x000000008bc00000, 0x000000008bc00000, 0x000000008bd00000|  0%| F|  |TAMS 0x000000008bc00000, 0x000000008bc00000| Untracked 
| 189|0x000000008bd00000, 0x000000008bd00000, 0x000000008be00000|  0%| F|  |TAMS 0x000000008bd00000, 0x000000008bd00000| Untracked 
| 190|0x000000008be00000, 0x000000008be00000, 0x000000008bf00000|  0%| F|  |TAMS 0x000000008be00000, 0x000000008be00000| Untracked 
| 191|0x000000008bf00000, 0x000000008bf00000, 0x000000008c000000|  0%| F|  |TAMS 0x000000008bf00000, 0x000000008bf00000| Untracked 
| 192|0x000000008c000000, 0x000000008c000000, 0x000000008c100000|  0%| F|  |TAMS 0x000000008c000000, 0x000000008c000000| Untracked 
| 193|0x000000008c100000, 0x000000008c100000, 0x000000008c200000|  0%| F|  |TAMS 0x000000008c100000, 0x000000008c100000| Untracked 
| 194|0x000000008c200000, 0x000000008c200000, 0x000000008c300000|  0%| F|  |TAMS 0x000000008c200000, 0x000000008c200000| Untracked 
| 195|0x000000008c300000, 0x000000008c300000, 0x000000008c400000|  0%| F|  |TAMS 0x000000008c300000, 0x000000008c300000| Untracked 
| 196|0x000000008c400000, 0x000000008c400000, 0x000000008c500000|  0%| F|  |TAMS 0x000000008c400000, 0x000000008c400000| Untracked 
| 197|0x000000008c500000, 0x000000008c500000, 0x000000008c600000|  0%| F|  |TAMS 0x000000008c500000, 0x000000008c500000| Untracked 
| 198|0x000000008c600000, 0x000000008c600000, 0x000000008c700000|  0%| F|  |TAMS 0x000000008c600000, 0x000000008c600000| Untracked 
| 199|0x000000008c700000, 0x000000008c700000, 0x000000008c800000|  0%| F|  |TAMS 0x000000008c700000, 0x000000008c700000| Untracked 
| 200|0x000000008c800000, 0x000000008c800000, 0x000000008c900000|  0%| F|  |TAMS 0x000000008c800000, 0x000000008c800000| Untracked 
| 201|0x000000008c900000, 0x000000008c900000, 0x000000008ca00000|  0%| F|  |TAMS 0x000000008c900000, 0x000000008c900000| Untracked 
| 202|0x000000008ca00000, 0x000000008ca00000, 0x000000008cb00000|  0%| F|  |TAMS 0x000000008ca00000, 0x000000008ca00000| Untracked 
| 203|0x000000008cb00000, 0x000000008cb00000, 0x000000008cc00000|  0%| F|  |TAMS 0x000000008cb00000, 0x000000008cb00000| Untracked 
| 204|0x000000008cc00000, 0x000000008cc00000, 0x000000008cd00000|  0%| F|  |TAMS 0x000000008cc00000, 0x000000008cc00000| Untracked 
| 205|0x000000008cd00000, 0x000000008cd00000, 0x000000008ce00000|  0%| F|  |TAMS 0x000000008cd00000, 0x000000008cd00000| Untracked 
| 206|0x000000008ce00000, 0x000000008ce00000, 0x000000008cf00000|  0%| F|  |TAMS 0x000000008ce00000, 0x000000008ce00000| Untracked 
| 207|0x000000008cf00000, 0x000000008cf00000, 0x000000008d000000|  0%| F|  |TAMS 0x000000008cf00000, 0x000000008cf00000| Untracked 
| 208|0x000000008d000000, 0x000000008d000000, 0x000000008d100000|  0%| F|  |TAMS 0x000000008d000000, 0x000000008d000000| Untracked 
| 209|0x000000008d100000, 0x000000008d100000, 0x000000008d200000|  0%| F|  |TAMS 0x000000008d100000, 0x000000008d100000| Untracked 
| 210|0x000000008d200000, 0x000000008d200000, 0x000000008d300000|  0%| F|  |TAMS 0x000000008d200000, 0x000000008d200000| Untracked 
| 211|0x000000008d300000, 0x000000008d300000, 0x000000008d400000|  0%| F|  |TAMS 0x000000008d300000, 0x000000008d300000| Untracked 
| 212|0x000000008d400000, 0x000000008d400000, 0x000000008d500000|  0%| F|  |TAMS 0x000000008d400000, 0x000000008d400000| Untracked 
| 213|0x000000008d500000, 0x000000008d500000, 0x000000008d600000|  0%| F|  |TAMS 0x000000008d500000, 0x000000008d500000| Untracked 
| 214|0x000000008d600000, 0x000000008d600000, 0x000000008d700000|  0%| F|  |TAMS 0x000000008d600000, 0x000000008d600000| Untracked 
| 215|0x000000008d700000, 0x000000008d700000, 0x000000008d800000|  0%| F|  |TAMS 0x000000008d700000, 0x000000008d700000| Untracked 
| 216|0x000000008d800000, 0x000000008d800000, 0x000000008d900000|  0%| F|  |TAMS 0x000000008d800000, 0x000000008d800000| Untracked 
| 217|0x000000008d900000, 0x000000008d900000, 0x000000008da00000|  0%| F|  |TAMS 0x000000008d900000, 0x000000008d900000| Untracked 
| 218|0x000000008da00000, 0x000000008da00000, 0x000000008db00000|  0%| F|  |TAMS 0x000000008da00000, 0x000000008da00000| Untracked 
| 219|0x000000008db00000, 0x000000008db00000, 0x000000008dc00000|  0%| F|  |TAMS 0x000000008db00000, 0x000000008db00000| Untracked 
| 220|0x000000008dc00000, 0x000000008dc00000, 0x000000008dd00000|  0%| F|  |TAMS 0x000000008dc00000, 0x000000008dc00000| Untracked 
| 221|0x000000008dd00000, 0x000000008dd00000, 0x000000008de00000|  0%| F|  |TAMS 0x000000008dd00000, 0x000000008dd00000| Untracked 
| 222|0x000000008de00000, 0x000000008de00000, 0x000000008df00000|  0%| F|  |TAMS 0x000000008de00000, 0x000000008de00000| Untracked 
| 223|0x000000008df00000, 0x000000008df00000, 0x000000008e000000|  0%| F|  |TAMS 0x000000008df00000, 0x000000008df00000| Untracked 
| 224|0x000000008e000000, 0x000000008e000000, 0x000000008e100000|  0%| F|  |TAMS 0x000000008e000000, 0x000000008e000000| Untracked 
| 225|0x000000008e100000, 0x000000008e100000, 0x000000008e200000|  0%| F|  |TAMS 0x000000008e100000, 0x000000008e100000| Untracked 
| 226|0x000000008e200000, 0x000000008e200000, 0x000000008e300000|  0%| F|  |TAMS 0x000000008e200000, 0x000000008e200000| Untracked 
| 227|0x000000008e300000, 0x000000008e300000, 0x000000008e400000|  0%| F|  |TAMS 0x000000008e300000, 0x000000008e300000| Untracked 
| 228|0x000000008e400000, 0x000000008e400000, 0x000000008e500000|  0%| F|  |TAMS 0x000000008e400000, 0x000000008e400000| Untracked 
| 229|0x000000008e500000, 0x000000008e500000, 0x000000008e600000|  0%| F|  |TAMS 0x000000008e500000, 0x000000008e500000| Untracked 
| 230|0x000000008e600000, 0x000000008e600000, 0x000000008e700000|  0%| F|  |TAMS 0x000000008e600000, 0x000000008e600000| Untracked 
| 231|0x000000008e700000, 0x000000008e700000, 0x000000008e800000|  0%| F|  |TAMS 0x000000008e700000, 0x000000008e700000| Untracked 
| 232|0x000000008e800000, 0x000000008e800000, 0x000000008e900000|  0%| F|  |TAMS 0x000000008e800000, 0x000000008e800000| Untracked 
| 233|0x000000008e900000, 0x000000008e900000, 0x000000008ea00000|  0%| F|  |TAMS 0x000000008e900000, 0x000000008e900000| Untracked 
| 234|0x000000008ea00000, 0x000000008ea00000, 0x000000008eb00000|  0%| F|  |TAMS 0x000000008ea00000, 0x000000008ea00000| Untracked 
| 235|0x000000008eb00000, 0x000000008eb00000, 0x000000008ec00000|  0%| F|  |TAMS 0x000000008eb00000, 0x000000008eb00000| Untracked 
| 236|0x000000008ec00000, 0x000000008ec00000, 0x000000008ed00000|  0%| F|  |TAMS 0x000000008ec00000, 0x000000008ec00000| Untracked 
| 237|0x000000008ed00000, 0x000000008ed00000, 0x000000008ee00000|  0%| F|  |TAMS 0x000000008ed00000, 0x000000008ed00000| Untracked 
| 238|0x000000008ee00000, 0x000000008ee00000, 0x000000008ef00000|  0%| F|  |TAMS 0x000000008ee00000, 0x000000008ee00000| Untracked 
| 239|0x000000008ef00000, 0x000000008ef00000, 0x000000008f000000|  0%| F|  |TAMS 0x000000008ef00000, 0x000000008ef00000| Untracked 
| 240|0x000000008f000000, 0x000000008f000000, 0x000000008f100000|  0%| F|  |TAMS 0x000000008f000000, 0x000000008f000000| Untracked 
| 241|0x000000008f100000, 0x000000008f100000, 0x000000008f200000|  0%| F|  |TAMS 0x000000008f100000, 0x000000008f100000| Untracked 
| 242|0x000000008f200000, 0x000000008f200000, 0x000000008f300000|  0%| F|  |TAMS 0x000000008f200000, 0x000000008f200000| Untracked 
| 243|0x000000008f300000, 0x000000008f300000, 0x000000008f400000|  0%| F|  |TAMS 0x000000008f300000, 0x000000008f300000| Untracked 
| 244|0x000000008f400000, 0x000000008f400000, 0x000000008f500000|  0%| F|  |TAMS 0x000000008f400000, 0x000000008f400000| Untracked 
| 245|0x000000008f500000, 0x000000008f500000, 0x000000008f600000|  0%| F|  |TAMS 0x000000008f500000, 0x000000008f500000| Untracked 
| 246|0x000000008f600000, 0x000000008f600000, 0x000000008f700000|  0%| F|  |TAMS 0x000000008f600000, 0x000000008f600000| Untracked 
| 247|0x000000008f700000, 0x000000008f700000, 0x000000008f800000|  0%| F|  |TAMS 0x000000008f700000, 0x000000008f700000| Untracked 
| 248|0x000000008f800000, 0x000000008f800000, 0x000000008f900000|  0%| F|  |TAMS 0x000000008f800000, 0x000000008f800000| Untracked 
| 249|0x000000008f900000, 0x000000008f900000, 0x000000008fa00000|  0%| F|  |TAMS 0x000000008f900000, 0x000000008f900000| Untracked 
| 250|0x000000008fa00000, 0x000000008fa00000, 0x000000008fb00000|  0%| F|  |TAMS 0x000000008fa00000, 0x000000008fa00000| Untracked 
| 251|0x000000008fb00000, 0x000000008fb00000, 0x000000008fc00000|  0%| F|  |TAMS 0x000000008fb00000, 0x000000008fb00000| Untracked 
| 252|0x000000008fc00000, 0x000000008fc00000, 0x000000008fd00000|  0%| F|  |TAMS 0x000000008fc00000, 0x000000008fc00000| Untracked 
| 253|0x000000008fd00000, 0x000000008fd00000, 0x000000008fe00000|  0%| F|  |TAMS 0x000000008fd00000, 0x000000008fd00000| Untracked 
| 254|0x000000008fe00000, 0x000000008fe00000, 0x000000008ff00000|  0%| F|  |TAMS 0x000000008fe00000, 0x000000008fe00000| Untracked 
| 255|0x000000008ff00000, 0x000000008ff00000, 0x0000000090000000|  0%| F|  |TAMS 0x000000008ff00000, 0x000000008ff00000| Untracked 
| 256|0x0000000090000000, 0x0000000090000000, 0x0000000090100000|  0%| F|  |TAMS 0x0000000090000000, 0x0000000090000000| Untracked 
| 257|0x0000000090100000, 0x0000000090100000, 0x0000000090200000|  0%| F|  |TAMS 0x0000000090100000, 0x0000000090100000| Untracked 
| 258|0x0000000090200000, 0x0000000090200000, 0x0000000090300000|  0%| F|  |TAMS 0x0000000090200000, 0x0000000090200000| Untracked 
| 259|0x0000000090300000, 0x0000000090300000, 0x0000000090400000|  0%| F|  |TAMS 0x0000000090300000, 0x0000000090300000| Untracked 
| 260|0x0000000090400000, 0x0000000090400000, 0x0000000090500000|  0%| F|  |TAMS 0x0000000090400000, 0x0000000090400000| Untracked 
| 261|0x0000000090500000, 0x0000000090500000, 0x0000000090600000|  0%| F|  |TAMS 0x0000000090500000, 0x0000000090500000| Untracked 
| 262|0x0000000090600000, 0x0000000090600000, 0x0000000090700000|  0%| F|  |TAMS 0x0000000090600000, 0x0000000090600000| Untracked 
| 263|0x0000000090700000, 0x0000000090700000, 0x0000000090800000|  0%| F|  |TAMS 0x0000000090700000, 0x0000000090700000| Untracked 
| 264|0x0000000090800000, 0x0000000090800000, 0x0000000090900000|  0%| F|  |TAMS 0x0000000090800000, 0x0000000090800000| Untracked 
| 265|0x0000000090900000, 0x0000000090900000, 0x0000000090a00000|  0%| F|  |TAMS 0x0000000090900000, 0x0000000090900000| Untracked 
| 266|0x0000000090a00000, 0x0000000090a00000, 0x0000000090b00000|  0%| F|  |TAMS 0x0000000090a00000, 0x0000000090a00000| Untracked 
| 267|0x0000000090b00000, 0x0000000090b00000, 0x0000000090c00000|  0%| F|  |TAMS 0x0000000090b00000, 0x0000000090b00000| Untracked 
| 268|0x0000000090c00000, 0x0000000090c00000, 0x0000000090d00000|  0%| F|  |TAMS 0x0000000090c00000, 0x0000000090c00000| Untracked 
| 269|0x0000000090d00000, 0x0000000090d00000, 0x0000000090e00000|  0%| F|  |TAMS 0x0000000090d00000, 0x0000000090d00000| Untracked 
| 270|0x0000000090e00000, 0x0000000090e00000, 0x0000000090f00000|  0%| F|  |TAMS 0x0000000090e00000, 0x0000000090e00000| Untracked 
| 271|0x0000000090f00000, 0x0000000090f00000, 0x0000000091000000|  0%| F|  |TAMS 0x0000000090f00000, 0x0000000090f00000| Untracked 
| 272|0x0000000091000000, 0x0000000091000000, 0x0000000091100000|  0%| F|  |TAMS 0x0000000091000000, 0x0000000091000000| Untracked 
| 273|0x0000000091100000, 0x0000000091100000, 0x0000000091200000|  0%| F|  |TAMS 0x0000000091100000, 0x0000000091100000| Untracked 
| 274|0x0000000091200000, 0x0000000091200000, 0x0000000091300000|  0%| F|  |TAMS 0x0000000091200000, 0x0000000091200000| Untracked 
| 275|0x0000000091300000, 0x0000000091300000, 0x0000000091400000|  0%| F|  |TAMS 0x0000000091300000, 0x0000000091300000| Untracked 
| 276|0x0000000091400000, 0x0000000091400000, 0x0000000091500000|  0%| F|  |TAMS 0x0000000091400000, 0x0000000091400000| Untracked 
| 277|0x0000000091500000, 0x0000000091500000, 0x0000000091600000|  0%| F|  |TAMS 0x0000000091500000, 0x0000000091500000| Untracked 
| 278|0x0000000091600000, 0x0000000091600000, 0x0000000091700000|  0%| F|  |TAMS 0x0000000091600000, 0x0000000091600000| Untracked 
| 279|0x0000000091700000, 0x0000000091700000, 0x0000000091800000|  0%| F|  |TAMS 0x0000000091700000, 0x0000000091700000| Untracked 
| 280|0x0000000091800000, 0x0000000091800000, 0x0000000091900000|  0%| F|  |TAMS 0x0000000091800000, 0x0000000091800000| Untracked 
| 281|0x0000000091900000, 0x0000000091900000, 0x0000000091a00000|  0%| F|  |TAMS 0x0000000091900000, 0x0000000091900000| Untracked 
| 282|0x0000000091a00000, 0x0000000091a00000, 0x0000000091b00000|  0%| F|  |TAMS 0x0000000091a00000, 0x0000000091a00000| Untracked 
| 283|0x0000000091b00000, 0x0000000091b00000, 0x0000000091c00000|  0%| F|  |TAMS 0x0000000091b00000, 0x0000000091b00000| Untracked 
| 284|0x0000000091c00000, 0x0000000091c00000, 0x0000000091d00000|  0%| F|  |TAMS 0x0000000091c00000, 0x0000000091c00000| Untracked 
| 285|0x0000000091d00000, 0x0000000091d00000, 0x0000000091e00000|  0%| F|  |TAMS 0x0000000091d00000, 0x0000000091d00000| Untracked 
| 286|0x0000000091e00000, 0x0000000091e00000, 0x0000000091f00000|  0%| F|  |TAMS 0x0000000091e00000, 0x0000000091e00000| Untracked 
| 287|0x0000000091f00000, 0x0000000091ff3bf0, 0x0000000092000000| 95%| E|  |TAMS 0x0000000091f00000, 0x0000000091f00000| Complete 
| 288|0x0000000092000000, 0x0000000092100000, 0x0000000092100000|100%| E|CS|TAMS 0x0000000092000000, 0x0000000092000000| Complete 
| 289|0x0000000092100000, 0x0000000092200000, 0x0000000092200000|100%| E|CS|TAMS 0x0000000092100000, 0x0000000092100000| Complete 
| 290|0x0000000092200000, 0x0000000092300000, 0x0000000092300000|100%| E|CS|TAMS 0x0000000092200000, 0x0000000092200000| Complete 
| 291|0x0000000092300000, 0x0000000092400000, 0x0000000092400000|100%| E|CS|TAMS 0x0000000092300000, 0x0000000092300000| Complete 
| 292|0x0000000092400000, 0x0000000092500000, 0x0000000092500000|100%| E|CS|TAMS 0x0000000092400000, 0x0000000092400000| Complete 
| 293|0x0000000092500000, 0x0000000092600000, 0x0000000092600000|100%| E|CS|TAMS 0x0000000092500000, 0x0000000092500000| Complete 
| 294|0x0000000092600000, 0x0000000092700000, 0x0000000092700000|100%| E|CS|TAMS 0x0000000092600000, 0x0000000092600000| Complete 
| 295|0x0000000092700000, 0x0000000092800000, 0x0000000092800000|100%| E|CS|TAMS 0x0000000092700000, 0x0000000092700000| Complete 
| 296|0x0000000092800000, 0x0000000092900000, 0x0000000092900000|100%| E|CS|TAMS 0x0000000092800000, 0x0000000092800000| Complete 
| 297|0x0000000092900000, 0x0000000092a00000, 0x0000000092a00000|100%| E|CS|TAMS 0x0000000092900000, 0x0000000092900000| Complete 
| 298|0x0000000092a00000, 0x0000000092b00000, 0x0000000092b00000|100%| E|CS|TAMS 0x0000000092a00000, 0x0000000092a00000| Complete 
| 299|0x0000000092b00000, 0x0000000092c00000, 0x0000000092c00000|100%| E|CS|TAMS 0x0000000092b00000, 0x0000000092b00000| Complete 
| 300|0x0000000092c00000, 0x0000000092d00000, 0x0000000092d00000|100%| E|CS|TAMS 0x0000000092c00000, 0x0000000092c00000| Complete 
| 301|0x0000000092d00000, 0x0000000092e00000, 0x0000000092e00000|100%| E|CS|TAMS 0x0000000092d00000, 0x0000000092d00000| Complete 
| 302|0x0000000092e00000, 0x0000000092f00000, 0x0000000092f00000|100%| E|CS|TAMS 0x0000000092e00000, 0x0000000092e00000| Complete 
| 303|0x0000000092f00000, 0x0000000093000000, 0x0000000093000000|100%| E|CS|TAMS 0x0000000092f00000, 0x0000000092f00000| Complete 
| 304|0x0000000093000000, 0x0000000093100000, 0x0000000093100000|100%| E|CS|TAMS 0x0000000093000000, 0x0000000093000000| Complete 
| 305|0x0000000093100000, 0x0000000093200000, 0x0000000093200000|100%| S|CS|TAMS 0x0000000093100000, 0x0000000093100000| Complete 
| 306|0x0000000093200000, 0x0000000093300000, 0x0000000093300000|100%| S|CS|TAMS 0x0000000093200000, 0x0000000093200000| Complete 
| 307|0x0000000093300000, 0x0000000093400000, 0x0000000093400000|100%| S|CS|TAMS 0x0000000093300000, 0x0000000093300000| Complete 
| 308|0x0000000093400000, 0x0000000093500000, 0x0000000093500000|100%| S|CS|TAMS 0x0000000093400000, 0x0000000093400000| Complete 
| 309|0x0000000093500000, 0x0000000093600000, 0x0000000093600000|100%| S|CS|TAMS 0x0000000093500000, 0x0000000093500000| Complete 
| 310|0x0000000093600000, 0x0000000093700000, 0x0000000093700000|100%| S|CS|TAMS 0x0000000093600000, 0x0000000093600000| Complete 
| 311|0x0000000093700000, 0x0000000093800000, 0x0000000093800000|100%| S|CS|TAMS 0x0000000093700000, 0x0000000093700000| Complete 
| 312|0x0000000093800000, 0x0000000093900000, 0x0000000093900000|100%| S|CS|TAMS 0x0000000093800000, 0x0000000093800000| Complete 
| 313|0x0000000093900000, 0x0000000093a00000, 0x0000000093a00000|100%| S|CS|TAMS 0x0000000093900000, 0x0000000093900000| Complete 
| 314|0x0000000093a00000, 0x0000000093b00000, 0x0000000093b00000|100%| S|CS|TAMS 0x0000000093a00000, 0x0000000093a00000| Complete 
| 315|0x0000000093b00000, 0x0000000093c00000, 0x0000000093c00000|100%| S|CS|TAMS 0x0000000093b00000, 0x0000000093b00000| Complete 
| 316|0x0000000093c00000, 0x0000000093d00000, 0x0000000093d00000|100%| S|CS|TAMS 0x0000000093c00000, 0x0000000093c00000| Complete 
| 317|0x0000000093d00000, 0x0000000093e00000, 0x0000000093e00000|100%| S|CS|TAMS 0x0000000093d00000, 0x0000000093d00000| Complete 
| 318|0x0000000093e00000, 0x0000000093f00000, 0x0000000093f00000|100%| S|CS|TAMS 0x0000000093e00000, 0x0000000093e00000| Complete 
| 319|0x0000000093f00000, 0x0000000094000000, 0x0000000094000000|100%| S|CS|TAMS 0x0000000093f00000, 0x0000000093f00000| Complete 
| 320|0x0000000094000000, 0x0000000094100000, 0x0000000094100000|100%| S|CS|TAMS 0x0000000094000000, 0x0000000094000000| Complete 
| 321|0x0000000094100000, 0x0000000094200000, 0x0000000094200000|100%| S|CS|TAMS 0x0000000094100000, 0x0000000094100000| Complete 
| 322|0x0000000094200000, 0x0000000094300000, 0x0000000094300000|100%| E|CS|TAMS 0x0000000094200000, 0x0000000094200000| Complete 
| 323|0x0000000094300000, 0x0000000094400000, 0x0000000094400000|100%| E|CS|TAMS 0x0000000094300000, 0x0000000094300000| Complete 
| 324|0x0000000094400000, 0x0000000094500000, 0x0000000094500000|100%| E|CS|TAMS 0x0000000094400000, 0x0000000094400000| Complete 
| 325|0x0000000094500000, 0x0000000094600000, 0x0000000094600000|100%| E|CS|TAMS 0x0000000094500000, 0x0000000094500000| Complete 
| 326|0x0000000094600000, 0x0000000094700000, 0x0000000094700000|100%| E|CS|TAMS 0x0000000094600000, 0x0000000094600000| Complete 
| 327|0x0000000094700000, 0x0000000094800000, 0x0000000094800000|100%| E|CS|TAMS 0x0000000094700000, 0x0000000094700000| Complete 
| 328|0x0000000094800000, 0x0000000094900000, 0x0000000094900000|100%| E|CS|TAMS 0x0000000094800000, 0x0000000094800000| Complete 
| 329|0x0000000094900000, 0x0000000094a00000, 0x0000000094a00000|100%| E|CS|TAMS 0x0000000094900000, 0x0000000094900000| Complete 
| 330|0x0000000094a00000, 0x0000000094b00000, 0x0000000094b00000|100%| E|CS|TAMS 0x0000000094a00000, 0x0000000094a00000| Complete 
| 331|0x0000000094b00000, 0x0000000094c00000, 0x0000000094c00000|100%| E|CS|TAMS 0x0000000094b00000, 0x0000000094b00000| Complete 
| 332|0x0000000094c00000, 0x0000000094d00000, 0x0000000094d00000|100%| E|CS|TAMS 0x0000000094c00000, 0x0000000094c00000| Complete 
| 333|0x0000000094d00000, 0x0000000094e00000, 0x0000000094e00000|100%| E|CS|TAMS 0x0000000094d00000, 0x0000000094d00000| Complete 
| 334|0x0000000094e00000, 0x0000000094f00000, 0x0000000094f00000|100%| E|CS|TAMS 0x0000000094e00000, 0x0000000094e00000| Complete 
| 335|0x0000000094f00000, 0x0000000095000000, 0x0000000095000000|100%| E|CS|TAMS 0x0000000094f00000, 0x0000000094f00000| Complete 
| 336|0x0000000095000000, 0x0000000095100000, 0x0000000095100000|100%| E|CS|TAMS 0x0000000095000000, 0x0000000095000000| Complete 
| 337|0x0000000095100000, 0x0000000095200000, 0x0000000095200000|100%| E|CS|TAMS 0x0000000095100000, 0x0000000095100000| Complete 
| 338|0x0000000095200000, 0x0000000095300000, 0x0000000095300000|100%| E|CS|TAMS 0x0000000095200000, 0x0000000095200000| Complete 
| 339|0x0000000095300000, 0x0000000095400000, 0x0000000095400000|100%| E|CS|TAMS 0x0000000095300000, 0x0000000095300000| Complete 
| 340|0x0000000095400000, 0x0000000095500000, 0x0000000095500000|100%| E|CS|TAMS 0x0000000095400000, 0x0000000095400000| Complete 
| 341|0x0000000095500000, 0x0000000095600000, 0x0000000095600000|100%| E|CS|TAMS 0x0000000095500000, 0x0000000095500000| Complete 
| 342|0x0000000095600000, 0x0000000095700000, 0x0000000095700000|100%| E|CS|TAMS 0x0000000095600000, 0x0000000095600000| Complete 
| 343|0x0000000095700000, 0x0000000095800000, 0x0000000095800000|100%| E|CS|TAMS 0x0000000095700000, 0x0000000095700000| Complete 
| 344|0x0000000095800000, 0x0000000095900000, 0x0000000095900000|100%| E|CS|TAMS 0x0000000095800000, 0x0000000095800000| Complete 
| 345|0x0000000095900000, 0x0000000095a00000, 0x0000000095a00000|100%| E|CS|TAMS 0x0000000095900000, 0x0000000095900000| Complete 
| 346|0x0000000095a00000, 0x0000000095b00000, 0x0000000095b00000|100%| E|CS|TAMS 0x0000000095a00000, 0x0000000095a00000| Complete 
| 347|0x0000000095b00000, 0x0000000095c00000, 0x0000000095c00000|100%| E|CS|TAMS 0x0000000095b00000, 0x0000000095b00000| Complete 
| 348|0x0000000095c00000, 0x0000000095d00000, 0x0000000095d00000|100%| E|CS|TAMS 0x0000000095c00000, 0x0000000095c00000| Complete 
| 349|0x0000000095d00000, 0x0000000095e00000, 0x0000000095e00000|100%| E|CS|TAMS 0x0000000095d00000, 0x0000000095d00000| Complete 
| 350|0x0000000095e00000, 0x0000000095f00000, 0x0000000095f00000|100%| E|CS|TAMS 0x0000000095e00000, 0x0000000095e00000| Complete 
| 351|0x0000000095f00000, 0x0000000096000000, 0x0000000096000000|100%| E|CS|TAMS 0x0000000095f00000, 0x0000000095f00000| Complete 
| 352|0x0000000096000000, 0x0000000096100000, 0x0000000096100000|100%| E|CS|TAMS 0x0000000096000000, 0x0000000096000000| Complete 
| 353|0x0000000096100000, 0x0000000096200000, 0x0000000096200000|100%| E|CS|TAMS 0x0000000096100000, 0x0000000096100000| Complete 
| 354|0x0000000096200000, 0x0000000096300000, 0x0000000096300000|100%| E|CS|TAMS 0x0000000096200000, 0x0000000096200000| Complete 
| 355|0x0000000096300000, 0x0000000096400000, 0x0000000096400000|100%| E|CS|TAMS 0x0000000096300000, 0x0000000096300000| Complete 
| 356|0x0000000096400000, 0x0000000096500000, 0x0000000096500000|100%| E|CS|TAMS 0x0000000096400000, 0x0000000096400000| Complete 
| 357|0x0000000096500000, 0x0000000096600000, 0x0000000096600000|100%| E|CS|TAMS 0x0000000096500000, 0x0000000096500000| Complete 
| 358|0x0000000096600000, 0x0000000096700000, 0x0000000096700000|100%| E|CS|TAMS 0x0000000096600000, 0x0000000096600000| Complete 
| 359|0x0000000096700000, 0x0000000096800000, 0x0000000096800000|100%| E|CS|TAMS 0x0000000096700000, 0x0000000096700000| Complete 
| 360|0x0000000096800000, 0x0000000096900000, 0x0000000096900000|100%| E|CS|TAMS 0x0000000096800000, 0x0000000096800000| Complete 
| 361|0x0000000096900000, 0x0000000096a00000, 0x0000000096a00000|100%| E|CS|TAMS 0x0000000096900000, 0x0000000096900000| Complete 
| 362|0x0000000096a00000, 0x0000000096b00000, 0x0000000096b00000|100%| E|CS|TAMS 0x0000000096a00000, 0x0000000096a00000| Complete 
| 363|0x0000000096b00000, 0x0000000096c00000, 0x0000000096c00000|100%| E|CS|TAMS 0x0000000096b00000, 0x0000000096b00000| Complete 
| 364|0x0000000096c00000, 0x0000000096d00000, 0x0000000096d00000|100%| E|CS|TAMS 0x0000000096c00000, 0x0000000096c00000| Complete 
| 365|0x0000000096d00000, 0x0000000096e00000, 0x0000000096e00000|100%| E|CS|TAMS 0x0000000096d00000, 0x0000000096d00000| Complete 
| 366|0x0000000096e00000, 0x0000000096f00000, 0x0000000096f00000|100%| E|CS|TAMS 0x0000000096e00000, 0x0000000096e00000| Complete 
| 367|0x0000000096f00000, 0x0000000097000000, 0x0000000097000000|100%| E|CS|TAMS 0x0000000096f00000, 0x0000000096f00000| Complete 
| 368|0x0000000097000000, 0x0000000097100000, 0x0000000097100000|100%| E|CS|TAMS 0x0000000097000000, 0x0000000097000000| Complete 
| 369|0x0000000097100000, 0x0000000097200000, 0x0000000097200000|100%| E|CS|TAMS 0x0000000097100000, 0x0000000097100000| Complete 
| 370|0x0000000097200000, 0x0000000097300000, 0x0000000097300000|100%| E|CS|TAMS 0x0000000097200000, 0x0000000097200000| Complete 
| 371|0x0000000097300000, 0x0000000097400000, 0x0000000097400000|100%| E|CS|TAMS 0x0000000097300000, 0x0000000097300000| Complete 
| 372|0x0000000097400000, 0x0000000097500000, 0x0000000097500000|100%| E|CS|TAMS 0x0000000097400000, 0x0000000097400000| Complete 
| 373|0x0000000097500000, 0x0000000097600000, 0x0000000097600000|100%| E|CS|TAMS 0x0000000097500000, 0x0000000097500000| Complete 
| 374|0x0000000097600000, 0x0000000097700000, 0x0000000097700000|100%| E|CS|TAMS 0x0000000097600000, 0x0000000097600000| Complete 
| 375|0x0000000097700000, 0x0000000097800000, 0x0000000097800000|100%| E|CS|TAMS 0x0000000097700000, 0x0000000097700000| Complete 
| 376|0x0000000097800000, 0x0000000097900000, 0x0000000097900000|100%| E|CS|TAMS 0x0000000097800000, 0x0000000097800000| Complete 
| 377|0x0000000097900000, 0x0000000097a00000, 0x0000000097a00000|100%| E|CS|TAMS 0x0000000097900000, 0x0000000097900000| Complete 
| 378|0x0000000097a00000, 0x0000000097b00000, 0x0000000097b00000|100%| E|CS|TAMS 0x0000000097a00000, 0x0000000097a00000| Complete 
| 379|0x0000000097b00000, 0x0000000097c00000, 0x0000000097c00000|100%| E|CS|TAMS 0x0000000097b00000, 0x0000000097b00000| Complete 
| 380|0x0000000097c00000, 0x0000000097d00000, 0x0000000097d00000|100%| E|CS|TAMS 0x0000000097c00000, 0x0000000097c00000| Complete 
| 381|0x0000000097d00000, 0x0000000097e00000, 0x0000000097e00000|100%| E|CS|TAMS 0x0000000097d00000, 0x0000000097d00000| Complete 

Card table byte_map: [0x00000242fab90000,0x00000242faf90000] _byte_map_base: 0x00000242fa790000

Marking Bits (Prev, Next): (CMBitMap*) 0x00000242f698df20, (CMBitMap*) 0x00000242f698dee8
 Prev Bits: [0x00000242fd390000, 0x00000242ff390000)
 Next Bits: [0x00000242fb390000, 0x00000242fd390000)

Polling page: 0x00000242f4950000

Metaspace:

Usage:
  Non-class:     57.60 MB capacity,    56.33 MB ( 98%) used,     1.09 MB (  2%) free+waste,   179.94 KB ( <1%) overhead. 
      Class:      8.76 MB capacity,     8.15 MB ( 93%) used,   538.34 KB (  6%) free+waste,    85.56 KB ( <1%) overhead. 
       Both:     66.36 MB capacity,    64.49 MB ( 97%) used,     1.62 MB (  2%) free+waste,   265.50 KB ( <1%) overhead. 

Virtual space:
  Non-class space:       58.00 MB reserved,      57.67 MB (>99%) committed 
      Class space:        1.00 GB reserved,       8.88 MB ( <1%) committed 
             Both:        1.06 GB reserved,      66.55 MB (  6%) committed 

Chunk freelists:
   Non-Class:  7.00 KB
       Class:  0 bytes
        Both:  7.00 KB

MaxMetaspaceSize: 17179869184.00 GB
CompressedClassSpaceSize: 1.00 GB
Initial GC threshold: 20.80 MB
Current GC threshold: 98.44 MB
CDS: off

CodeHeap 'non-profiled nmethods': size=120000Kb used=5895Kb max_used=5895Kb free=114105Kb
 bounds [0x0000024287ad0000, 0x00000242880a0000, 0x000002428f000000]
CodeHeap 'profiled nmethods': size=120000Kb used=17343Kb max_used=17343Kb free=102656Kb
 bounds [0x00000242805a0000, 0x0000024281690000, 0x0000024287ad0000]
CodeHeap 'non-nmethods': size=5760Kb used=2353Kb max_used=2378Kb free=3407Kb
 bounds [0x0000024280000000, 0x0000024280270000, 0x00000242805a0000]
 total_blobs=8640 nmethods=7773 adapters=777
 compilation: enabled
              stopped_count=0, restarted_count=0
 full_count=0

Compilation events (20 events):
Event: 19.648 Thread 0x000002429191b800 nmethod 7885 0x0000024281677490 code [0x0000024281677660, 0x00000242816778b8]
Event: 19.648 Thread 0x000002429191b800 7882       1       org.gradle.api.internal.artifacts.dependencies.DefaultImmutableVersionConstraint::getBranch (5 bytes)
Event: 19.648 Thread 0x000002429191b800 nmethod 7882 0x000002428808fe10 code [0x000002428808ffc0, 0x0000024288090078]
Event: 19.648 Thread 0x000002429191b800 7886       1       sun.security.ec.XDHPublicKeyImpl::getAlgorithm (3 bytes)
Event: 19.648 Thread 0x000002429191b800 nmethod 7886 0x0000024288090110 code [0x00000242880902c0, 0x0000024288090378]
Event: 19.648 Thread 0x000002429191b800 7883       1       org.apache.http.HttpHost::getHostName (5 bytes)
Event: 19.649 Thread 0x000002429191b800 nmethod 7883 0x0000024288090410 code [0x00000242880905c0, 0x0000024288090678]
Event: 19.649 Thread 0x000002429191b800 7890       1       com.sun.crypto.provider.CipherCore::getMode (5 bytes)
Event: 19.649 Thread 0x000002429191b800 nmethod 7890 0x0000024288090710 code [0x00000242880908c0, 0x0000024288090978]
Event: 19.649 Thread 0x000002429191b800 7889       1       javax.crypto.spec.GCMParameterSpec::getTLen (5 bytes)
Event: 19.649 Thread 0x000002429191b800 nmethod 7889 0x0000024288090a10 code [0x0000024288090bc0, 0x0000024288090c78]
Event: 19.649 Thread 0x000002429191b800 7879       1       org.gradle.api.internal.artifacts.ivyservice.modulecache.ModuleComponentAtRepositoryKey::hashCode (5 bytes)
Event: 19.649 Thread 0x000002429191b800 nmethod 7879 0x0000024288090d10 code [0x0000024288090ec0, 0x0000024288090f78]
Event: 19.649 Thread 0x000002429191b800 7891       3       java.math.BigInteger::implMulAddCheck (173 bytes)
Event: 19.650 Thread 0x000002429191b800 nmethod 7891 0x0000024281677a10 code [0x0000024281677f20, 0x000002428167a158]
Event: 19.651 Thread 0x000002429191b800 7892       3       java.math.BigInteger::addOne (77 bytes)
Event: 19.651 Thread 0x000002429191b800 nmethod 7892 0x000002428167ad10 code [0x000002428167aee0, 0x000002428167b1f8]
Event: 19.651 Thread 0x000002429191b800 7893       3       javax.crypto.Mac::getMacLength (12 bytes)
Event: 19.651 Thread 0x000002429191b800 nmethod 7893 0x000002428167b310 code [0x000002428167b4e0, 0x000002428167b6f8]
Event: 19.651 Thread 0x000002429191b800 7894       3       com.sun.crypto.provider.HmacCore::engineGetMacLength (8 bytes)

GC Heap History (20 events):
Event: 10.008 GC heap before
{Heap before GC invocations=10 (full 0):
 garbage-first heap   total 391168K, used 286192K [0x0000000080000000, 0x0000000100000000)
  region size 1024K, 229 young (234496K), 14 survivors (14336K)
 Metaspace       used 44118K, capacity 45277K, committed 45488K, reserved 1089536K
  class space    used 5590K, capacity 6022K, committed 6144K, reserved 1048576K
}
Event: 10.018 GC heap after
{Heap after GC invocations=11 (full 0):
 garbage-first heap   total 391168K, used 67351K [0x0000000080000000, 0x0000000100000000)
  region size 1024K, 15 young (15360K), 15 survivors (15360K)
 Metaspace       used 44118K, capacity 45277K, committed 45488K, reserved 1089536K
  class space    used 5590K, capacity 6022K, committed 6144K, reserved 1048576K
}
Event: 10.875 GC heap before
{Heap before GC invocations=11 (full 0):
 garbage-first heap   total 391168K, used 290583K [0x0000000080000000, 0x0000000100000000)
  region size 1024K, 229 young (234496K), 15 survivors (15360K)
 Metaspace       used 44251K, capacity 45366K, committed 45488K, reserved 1089536K
  class space    used 5605K, capacity 6030K, committed 6144K, reserved 1048576K
}
Event: 10.878 GC heap after
{Heap after GC invocations=12 (full 0):
 garbage-first heap   total 391168K, used 58824K [0x0000000080000000, 0x0000000100000000)
  region size 1024K, 7 young (7168K), 7 survivors (7168K)
 Metaspace       used 44251K, capacity 45366K, committed 45488K, reserved 1089536K
  class space    used 5605K, capacity 6030K, committed 6144K, reserved 1048576K
}
Event: 11.268 GC heap before
{Heap before GC invocations=12 (full 0):
 garbage-first heap   total 391168K, used 286152K [0x0000000080000000, 0x0000000100000000)
  region size 1024K, 229 young (234496K), 7 survivors (7168K)
 Metaspace       used 44319K, capacity 45515K, committed 45744K, reserved 1089536K
  class space    used 5618K, capacity 6037K, committed 6144K, reserved 1048576K
}
Event: 11.272 GC heap after
{Heap after GC invocations=13 (full 0):
 garbage-first heap   total 391168K, used 61183K [0x0000000080000000, 0x0000000100000000)
  region size 1024K, 9 young (9216K), 9 survivors (9216K)
 Metaspace       used 44319K, capacity 45515K, committed 45744K, reserved 1089536K
  class space    used 5618K, capacity 6037K, committed 6144K, reserved 1048576K
}
Event: 12.468 GC heap before
{Heap before GC invocations=13 (full 0):
 garbage-first heap   total 391168K, used 296703K [0x0000000080000000, 0x0000000100000000)
  region size 1024K, 229 young (234496K), 9 survivors (9216K)
 Metaspace       used 49667K, capacity 50941K, committed 51120K, reserved 1093632K
  class space    used 6344K, capacity 6814K, committed 6912K, reserved 1048576K
}
Event: 12.474 GC heap after
{Heap after GC invocations=14 (full 0):
 garbage-first heap   total 391168K, used 64013K [0x0000000080000000, 0x0000000100000000)
  region size 1024K, 9 young (9216K), 9 survivors (9216K)
 Metaspace       used 49667K, capacity 50941K, committed 51120K, reserved 1093632K
  class space    used 6344K, capacity 6814K, committed 6912K, reserved 1048576K
}
Event: 13.176 GC heap before
{Heap before GC invocations=14 (full 0):
 garbage-first heap   total 391168K, used 289293K [0x0000000080000000, 0x0000000100000000)
  region size 1024K, 229 young (234496K), 9 survivors (9216K)
 Metaspace       used 49713K, capacity 51005K, committed 51120K, reserved 1093632K
  class space    used 6353K, capacity 6814K, committed 6912K, reserved 1048576K
}
Event: 13.181 GC heap after
{Heap after GC invocations=15 (full 0):
 garbage-first heap   total 391168K, used 66327K [0x0000000080000000, 0x0000000100000000)
  region size 1024K, 11 young (11264K), 11 survivors (11264K)
 Metaspace       used 49713K, capacity 51005K, committed 51120K, reserved 1093632K
  class space    used 6353K, capacity 6814K, committed 6912K, reserved 1048576K
}
Event: 13.839 GC heap before
{Heap before GC invocations=15 (full 0):
 garbage-first heap   total 391168K, used 289559K [0x0000000080000000, 0x0000000100000000)
  region size 1024K, 229 young (234496K), 11 survivors (11264K)
 Metaspace       used 49713K, capacity 51005K, committed 51120K, reserved 1093632K
  class space    used 6353K, capacity 6814K, committed 6912K, reserved 1048576K
}
Event: 13.844 GC heap after
{Heap after GC invocations=16 (full 0):
 garbage-first heap   total 391168K, used 67351K [0x0000000080000000, 0x0000000100000000)
  region size 1024K, 12 young (12288K), 12 survivors (12288K)
 Metaspace       used 49713K, capacity 51005K, committed 51120K, reserved 1093632K
  class space    used 6353K, capacity 6814K, committed 6912K, reserved 1048576K
}
Event: 14.529 GC heap before
{Heap before GC invocations=16 (full 0):
 garbage-first heap   total 391168K, used 289559K [0x0000000080000000, 0x0000000100000000)
  region size 1024K, 229 young (234496K), 12 survivors (12288K)
 Metaspace       used 49724K, capacity 51005K, committed 51120K, reserved 1093632K
  class space    used 6353K, capacity 6814K, committed 6912K, reserved 1048576K
}
Event: 14.537 GC heap after
{Heap after GC invocations=17 (full 0):
 garbage-first heap   total 391168K, used 69636K [0x0000000080000000, 0x0000000100000000)
  region size 1024K, 15 young (15360K), 15 survivors (15360K)
 Metaspace       used 49724K, capacity 51005K, committed 51120K, reserved 1093632K
  class space    used 6353K, capacity 6814K, committed 6912K, reserved 1048576K
}
Event: 15.280 GC heap before
{Heap before GC invocations=17 (full 0):
 garbage-first heap   total 391168K, used 291844K [0x0000000080000000, 0x0000000100000000)
  region size 1024K, 229 young (234496K), 15 survivors (15360K)
 Metaspace       used 49747K, capacity 51005K, committed 51120K, reserved 1093632K
  class space    used 6353K, capacity 6814K, committed 6912K, reserved 1048576K
}
Event: 15.284 GC heap after
{Heap after GC invocations=18 (full 0):
 garbage-first heap   total 391168K, used 65876K [0x0000000080000000, 0x0000000100000000)
  region size 1024K, 11 young (11264K), 11 survivors (11264K)
 Metaspace       used 49747K, capacity 51005K, committed 51120K, reserved 1093632K
  class space    used 6353K, capacity 6814K, committed 6912K, reserved 1048576K
}
Event: 16.377 GC heap before
{Heap before GC invocations=18 (full 0):
 garbage-first heap   total 391168K, used 301396K [0x0000000080000000, 0x0000000100000000)
  region size 1024K, 229 young (234496K), 11 survivors (11264K)
 Metaspace       used 53370K, capacity 54886K, committed 55088K, reserved 1097728K
  class space    used 6711K, capacity 7206K, committed 7296K, reserved 1048576K
}
Event: 16.385 GC heap after
{Heap after GC invocations=19 (full 0):
 garbage-first heap   total 391168K, used 79552K [0x0000000080000000, 0x0000000100000000)
  region size 1024K, 15 young (15360K), 15 survivors (15360K)
 Metaspace       used 53370K, capacity 54886K, committed 55088K, reserved 1097728K
  class space    used 6711K, capacity 7206K, committed 7296K, reserved 1048576K
}
Event: 17.044 GC heap before
{Heap before GC invocations=19 (full 0):
 garbage-first heap   total 391168K, used 139968K [0x0000000080000000, 0x0000000100000000)
  region size 1024K, 75 young (76800K), 15 survivors (15360K)
 Metaspace       used 57944K, capacity 59637K, committed 59816K, reserved 1101824K
  class space    used 7403K, capacity 8003K, committed 8064K, reserved 1048576K
}
Event: 17.058 GC heap after
{Heap after GC invocations=20 (full 0):
 garbage-first heap   total 391168K, used 81687K [0x0000000080000000, 0x0000000100000000)
  region size 1024K, 17 young (17408K), 17 survivors (17408K)
 Metaspace       used 57944K, capacity 59637K, committed 59816K, reserved 1101824K
  class space    used 7403K, capacity 8003K, committed 8064K, reserved 1048576K
}

Deoptimization events (20 events):
Event: 19.487 Thread 0x0000024294ff2000 Uncommon trap: trap_request=0xffffffbe fr.pc=0x0000024288070490 relative=0x00000000000002d0
Event: 19.487 Thread 0x0000024294ff2000 Uncommon trap: reason=profile_predicate action=maybe_recompile pc=0x0000024288070490 method=java.util.regex.Pattern$Slice.match(Ljava/util/regex/Matcher;ILjava/lang/CharSequence;)Z @ 18 c2
Event: 19.489 Thread 0x0000024294ff2000 DEOPT PACKING pc=0x0000024288070490 sp=0x000000ad091fb740
Event: 19.489 Thread 0x0000024294ff2000 DEOPT UNPACKING pc=0x000002428004a1af sp=0x000000ad091fb6b0 mode 2
Event: 19.489 Thread 0x0000024294ff2000 Uncommon trap: trap_request=0xffffffbe fr.pc=0x0000024288070490 relative=0x00000000000002d0
Event: 19.489 Thread 0x0000024294ff2000 Uncommon trap: reason=profile_predicate action=maybe_recompile pc=0x0000024288070490 method=java.util.regex.Pattern$Slice.match(Ljava/util/regex/Matcher;ILjava/lang/CharSequence;)Z @ 18 c2
Event: 19.489 Thread 0x0000024294ff2000 DEOPT PACKING pc=0x0000024288070490 sp=0x000000ad091fb740
Event: 19.489 Thread 0x0000024294ff2000 DEOPT UNPACKING pc=0x000002428004a1af sp=0x000000ad091fb6b0 mode 2
Event: 19.489 Thread 0x0000024294ff2000 Uncommon trap: trap_request=0xffffffbe fr.pc=0x0000024288070490 relative=0x00000000000002d0
Event: 19.489 Thread 0x0000024294ff2000 Uncommon trap: reason=profile_predicate action=maybe_recompile pc=0x0000024288070490 method=java.util.regex.Pattern$Slice.match(Ljava/util/regex/Matcher;ILjava/lang/CharSequence;)Z @ 18 c2
Event: 19.490 Thread 0x0000024294ff2000 DEOPT PACKING pc=0x0000024288070490 sp=0x000000ad091fb740
Event: 19.490 Thread 0x0000024294ff2000 DEOPT UNPACKING pc=0x000002428004a1af sp=0x000000ad091fb6b0 mode 2
Event: 19.490 Thread 0x0000024294ff2000 Uncommon trap: trap_request=0xffffffbe fr.pc=0x0000024288070490 relative=0x00000000000002d0
Event: 19.490 Thread 0x0000024294ff2000 Uncommon trap: reason=profile_predicate action=maybe_recompile pc=0x0000024288070490 method=java.util.regex.Pattern$Slice.match(Ljava/util/regex/Matcher;ILjava/lang/CharSequence;)Z @ 18 c2
Event: 19.490 Thread 0x0000024294ff2000 DEOPT PACKING pc=0x0000024288070490 sp=0x000000ad091fb740
Event: 19.490 Thread 0x0000024294ff2000 DEOPT UNPACKING pc=0x000002428004a1af sp=0x000000ad091fb6b0 mode 2
Event: 19.574 Thread 0x0000024293a4d800 DEOPT PACKING pc=0x00000242812e02e9 sp=0x000000ad07bfe3f0
Event: 19.574 Thread 0x0000024293a4d800 DEOPT UNPACKING pc=0x000002428004a95e sp=0x000000ad07bfd890 mode 0
Event: 19.582 Thread 0x0000024294ff8800 DEOPT PACKING pc=0x00000242815453d0 sp=0x000000ad092fb7a0
Event: 19.582 Thread 0x0000024294ff8800 DEOPT UNPACKING pc=0x000002428004a95e sp=0x000000ad092fabb8 mode 0

Classes redefined (0 events):
No events

Internal exceptions (20 events):
Event: 16.663 Thread 0x0000024293c82800 Implicit null exception at 0x0000024287d30be6 to 0x0000024287d313b0
Event: 16.663 Thread 0x0000024293c82800 Implicit null exception at 0x0000024287d39244 to 0x0000024287d3985c
Event: 16.663 Thread 0x0000024293c82800 Implicit null exception at 0x0000024287dd343b to 0x0000024287dd4128
Event: 16.746 Thread 0x0000024294fee000 Exception <a 'sun/nio/fs/WindowsException'{0x000000009599de58}> (0x000000009599de58) thrown at [./src/hotspot/share/prims/jni.cpp, line 616]
Event: 16.750 Thread 0x0000024294fee000 Exception <a 'sun/nio/fs/WindowsException'{0x00000000959e7fd8}> (0x00000000959e7fd8) thrown at [./src/hotspot/share/prims/jni.cpp, line 616]
Event: 16.751 Thread 0x0000024294fee000 Exception <a 'sun/nio/fs/WindowsException'{0x00000000959e8148}> (0x00000000959e8148) thrown at [./src/hotspot/share/prims/jni.cpp, line 616]
Event: 16.756 Thread 0x0000024293c82800 Exception <a 'java/lang/ClassNotFoundException'{0x000000009586cee0}: build_5rvowavobtpvevlv8wkxwmrf0BeanInfo> (0x000000009586cee0) thrown at [./src/hotspot/share/classfile/systemDictionary.cpp, line 231]
Event: 16.757 Thread 0x0000024293c82800 Exception <a 'java/lang/ClassNotFoundException'{0x0000000095884540}: org/gradle/api/internal/project/ProjectScriptBeanInfo> (0x0000000095884540) thrown at [./src/hotspot/share/classfile/systemDictionary.cpp, line 231]
Event: 16.757 Thread 0x0000024293c82800 Exception <a 'java/lang/ClassNotFoundException'{0x000000009589bfb8}: org/gradle/api/internal/project/ProjectScriptCustomizer> (0x000000009589bfb8) thrown at [./src/hotspot/share/classfile/systemDictionary.cpp, line 231]
Event: 16.758 Thread 0x0000024293c82800 Exception <a 'java/lang/ClassNotFoundException'{0x00000000958b8130}: build_5rvowavobtpvevlv8wkxwmrf0Customizer> (0x00000000958b8130) thrown at [./src/hotspot/share/classfile/systemDictionary.cpp, line 231]
Event: 16.765 Thread 0x0000024293c82800 Exception <a 'java/lang/ClassNotFoundException'{0x000000009576e3d0}: org/gradle/plugin/use/internal/PluginRequestCollector$PluginDependenciesSpecImplBeanInfo> (0x000000009576e3d0) thrown at [./src/hotspot/share/classfile/systemDictionary.cpp, line 231]
Event: 16.766 Thread 0x0000024293c82800 Exception <a 'java/lang/ClassNotFoundException'{0x000000009579eb60}: org/gradle/plugin/use/internal/PluginRequestCollector$PluginDependenciesSpecImplCustomizer> (0x000000009579eb60) thrown at [./src/hotspot/share/classfile/systemDictionary.cpp, line 231]
Event: 16.769 Thread 0x0000024293c82800 Exception <a 'java/lang/ClassNotFoundException'{0x0000000095602c80}: org/gradle/plugin/use/internal/PluginRequestCollector$PluginDependencySpecImplBeanInfo> (0x0000000095602c80) thrown at [./src/hotspot/share/classfile/systemDictionary.cpp, line 231]
Event: 16.770 Thread 0x0000024293c82800 Exception <a 'java/lang/ClassNotFoundException'{0x0000000095631380}: org/gradle/plugin/use/internal/PluginRequestCollector$PluginDependencySpecImplCustomizer> (0x0000000095631380) thrown at [./src/hotspot/share/classfile/systemDictionary.cpp, line 231]
Event: 16.889 Thread 0x0000024293c82800 Implicit null exception at 0x0000024287b08bf4 to 0x0000024287b09128
Event: 16.981 Thread 0x0000024293c82800 Exception <a 'sun/nio/fs/WindowsException'{0x0000000094423480}> (0x0000000094423480) thrown at [./src/hotspot/share/prims/jni.cpp, line 616]
Event: 18.175 Thread 0x0000024293c82800 Exception <a 'java/lang/NoSuchMethodError'{0x0000000095cc5b70}: 'java.lang.Object java.lang.invoke.DirectMethodHandle$Holder.invokeSpecial(java.lang.Object, java.lang.Object, int, int, java.lang.Object, java.lang.Object, java.lang.Object)'> (0x0000000095cc5b70) thrown at [./src/hotspot/share/interpreter/linkResolver.cpp, line 773]
Event: 18.175 Thread 0x0000024293c82800 Exception <a 'java/lang/NoSuchMethodError'{0x0000000095cca398}: 'java.lang.Object java.lang.invoke.DelegatingMethodHandle$Holder.reinvoke_L(java.lang.Object, int, int, java.lang.Object, java.lang.Object, java.lang.Object)'> (0x0000000095cca398) thrown at [./src/hotspot/share/interpreter/linkResolver.cpp, line 773]
Event: 18.176 Thread 0x0000024293c82800 Exception <a 'java/lang/NoSuchMethodError'{0x0000000095ccf608}: 'java.lang.Object java.lang.invoke.DirectMethodHandle$Holder.invokeStatic(java.lang.Object, java.lang.Object, java.lang.Object, java.lang.Object, int)'> (0x0000000095ccf608) thrown at [./src/hotspot/share/interpreter/linkResolver.cpp, line 773]
Event: 18.372 Thread 0x0000024293c82800 Exception <a 'java/lang/NoSuchMethodError'{0x000000009546d950}: 'void java.lang.invoke.DirectMethodHandle$Holder.invokeStatic(java.lang.Object, java.lang.Object, java.lang.Object, int, java.lang.Object)'> (0x000000009546d950) thrown at [./src/hotspot/share/interpreter/linkResolver.cpp, line 773]

Events (20 events):
Event: 19.574 Executing VM operation: RevokeBias
Event: 19.574 Executing VM operation: RevokeBias done
Event: 19.580 Executing VM operation: RevokeBias
Event: 19.581 Executing VM operation: RevokeBias done
Event: 19.626 Executing VM operation: RevokeBias
Event: 19.626 Executing VM operation: RevokeBias done
Event: 19.643 Executing VM operation: RevokeBias
Event: 19.643 Executing VM operation: RevokeBias done
Event: 19.643 Executing VM operation: RevokeBias
Event: 19.643 Executing VM operation: RevokeBias done
Event: 19.644 Executing VM operation: RevokeBias
Event: 19.644 Executing VM operation: RevokeBias done
Event: 19.644 Executing VM operation: RevokeBias
Event: 19.644 Executing VM operation: RevokeBias done
Event: 19.645 Executing VM operation: RevokeBias
Event: 19.645 Executing VM operation: RevokeBias done
Event: 19.647 Executing VM operation: RevokeBias
Event: 19.647 Executing VM operation: RevokeBias done
Event: 19.648 Executing VM operation: RevokeBias
Event: 19.649 Executing VM operation: RevokeBias done


Dynamic libraries:
0x00007ff6a8430000 - 0x00007ff6a843a000 	C:\Program Files\Android\Android Studio\jre\bin\java.exe
0x00007ffb739d0000 - 0x00007ffb73be4000 	C:\WINDOWS\SYSTEM32\ntdll.dll
0x00007ffb722e0000 - 0x00007ffb723a2000 	C:\WINDOWS\System32\KERNEL32.DLL
0x00007ffb70ec0000 - 0x00007ffb7125c000 	C:\WINDOWS\System32\KERNELBASE.dll
0x00007ffb71380000 - 0x00007ffb71491000 	C:\WINDOWS\System32\ucrtbase.dll
0x00007ffb6d730000 - 0x00007ffb6d749000 	C:\Program Files\Android\Android Studio\jre\bin\jli.dll
0x00007ffb60d80000 - 0x00007ffb60d97000 	C:\Program Files\Android\Android Studio\jre\bin\VCRUNTIME140.dll
0x00007ffb72080000 - 0x00007ffb7222a000 	C:\WINDOWS\System32\USER32.dll
0x00007ffb54ad0000 - 0x00007ffb54d5e000 	C:\WINDOWS\WinSxS\amd64_microsoft.windows.common-controls_6595b64144ccf1df_6.0.22621.608_none_a9444ca7c10bb01d\COMCTL32.dll
0x00007ffb715c0000 - 0x00007ffb715e6000 	C:\WINDOWS\System32\win32u.dll
0x00007ffb717d0000 - 0x00007ffb71877000 	C:\WINDOWS\System32\msvcrt.dll
0x00007ffb73960000 - 0x00007ffb73989000 	C:\WINDOWS\System32\GDI32.dll
0x00007ffb714a0000 - 0x00007ffb715b2000 	C:\WINDOWS\System32\gdi32full.dll
0x00007ffb71260000 - 0x00007ffb712fa000 	C:\WINDOWS\System32\msvcp_win.dll
0x00007ffb73920000 - 0x00007ffb73951000 	C:\WINDOWS\System32\IMM32.DLL
0x00007ffb4d9d0000 - 0x00007ffb4da6d000 	C:\Program Files\Android\Android Studio\jre\bin\msvcp140.dll
0x00007ffb27870000 - 0x00007ffb28372000 	C:\Program Files\Android\Android Studio\jre\bin\server\jvm.dll
0x00007ffb72230000 - 0x00007ffb722de000 	C:\WINDOWS\System32\ADVAPI32.dll
0x00007ffb72ae0000 - 0x00007ffb72b84000 	C:\WINDOWS\System32\sechost.dll
0x00007ffb71880000 - 0x00007ffb71995000 	C:\WINDOWS\System32\RPCRT4.dll
0x00007ffb719a0000 - 0x00007ffb719a8000 	C:\WINDOWS\System32\PSAPI.DLL
0x00007ffb60e80000 - 0x00007ffb60e89000 	C:\WINDOWS\SYSTEM32\WSOCK32.dll
0x00007ffb6a910000 - 0x00007ffb6a944000 	C:\WINDOWS\SYSTEM32\WINMM.dll
0x00007ffb6a350000 - 0x00007ffb6a35a000 	C:\WINDOWS\SYSTEM32\VERSION.dll
0x00007ffb719b0000 - 0x00007ffb71a21000 	C:\WINDOWS\System32\WS2_32.dll
0x00007ffb6ff30000 - 0x00007ffb6ff48000 	C:\WINDOWS\SYSTEM32\kernel.appcore.dll
0x00007ffb6ab00000 - 0x00007ffb6ab11000 	C:\Program Files\Android\Android Studio\jre\bin\verify.dll
0x00007ffb5d490000 - 0x00007ffb5d6be000 	C:\WINDOWS\SYSTEM32\DBGHELP.DLL
0x00007ffb72740000 - 0x00007ffb72ac9000 	C:\WINDOWS\System32\combase.dll
0x00007ffb71f80000 - 0x00007ffb72057000 	C:\WINDOWS\System32\OLEAUT32.dll
0x00007ffb5bea0000 - 0x00007ffb5bed2000 	C:\WINDOWS\SYSTEM32\dbgcore.DLL
0x00007ffb71300000 - 0x00007ffb7137b000 	C:\WINDOWS\System32\bcryptPrimitives.dll
0x00007ffb60e50000 - 0x00007ffb60e79000 	C:\Program Files\Android\Android Studio\jre\bin\java.dll
0x00007ffb6d710000 - 0x00007ffb6d71b000 	C:\Program Files\Android\Android Studio\jre\bin\jimage.dll
0x00007ffb60e30000 - 0x00007ffb60e48000 	C:\Program Files\Android\Android Studio\jre\bin\zip.dll
0x00007ffb72b90000 - 0x00007ffb7336d000 	C:\WINDOWS\System32\SHELL32.dll
0x00007ffb6ee20000 - 0x00007ffb6f6d7000 	C:\WINDOWS\SYSTEM32\windows.storage.dll
0x00007ffb6ece0000 - 0x00007ffb6ee1d000 	C:\WINDOWS\SYSTEM32\wintypes.dll
0x00007ffb73820000 - 0x00007ffb73911000 	C:\WINDOWS\System32\SHCORE.dll
0x00007ffb72560000 - 0x00007ffb725be000 	C:\WINDOWS\System32\shlwapi.dll
0x00007ffb70d30000 - 0x00007ffb70d51000 	C:\WINDOWS\SYSTEM32\profapi.dll
0x00007ffb60e10000 - 0x00007ffb60e2a000 	C:\Program Files\Android\Android Studio\jre\bin\net.dll
0x00007ffb6a0c0000 - 0x00007ffb6a1ef000 	C:\WINDOWS\SYSTEM32\WINHTTP.dll
0x00007ffb70380000 - 0x00007ffb703e9000 	C:\WINDOWS\system32\mswsock.dll
0x00007ffb60dc0000 - 0x00007ffb60dd4000 	C:\Program Files\Android\Android Studio\jre\bin\nio.dll
0x00007ffb6a950000 - 0x00007ffb6a977000 	C:\Users\MSI\.gradle\native\e1d6ef7f7dcc3fd88c89a11ec53ec762bb8ba0a96d01ffa2cd45eb1d1d8dd5c5\windows-amd64\native-platform.dll
0x00007ffb2cb50000 - 0x00007ffb2cc94000 	C:\Users\MSI\.gradle\native\0d407fdbe67a94daf76414ababcb853783967236a71b16ec16e742cd7a986fd3\windows-amd64\native-platform-file-events.dll
0x00007ffb6ab30000 - 0x00007ffb6ab3a000 	C:\Program Files\Android\Android Studio\jre\bin\management.dll
0x00007ffb6aa20000 - 0x00007ffb6aa2d000 	C:\Program Files\Android\Android Studio\jre\bin\management_ext.dll
0x00007ffb70580000 - 0x00007ffb7059b000 	C:\WINDOWS\SYSTEM32\CRYPTSP.dll
0x00007ffb6fea0000 - 0x00007ffb6fed5000 	C:\WINDOWS\system32\rsaenh.dll
0x00007ffb70430000 - 0x00007ffb70458000 	C:\WINDOWS\SYSTEM32\USERENV.dll
0x00007ffb707d0000 - 0x00007ffb707f8000 	C:\WINDOWS\SYSTEM32\bcrypt.dll
0x00007ffb705c0000 - 0x00007ffb705cc000 	C:\WINDOWS\SYSTEM32\CRYPTBASE.dll
0x00007ffb6f9a0000 - 0x00007ffb6f9cd000 	C:\WINDOWS\SYSTEM32\IPHLPAPI.DLL
0x00007ffb723b0000 - 0x00007ffb723b9000 	C:\WINDOWS\System32\NSI.dll
0x00007ffb6a470000 - 0x00007ffb6a489000 	C:\WINDOWS\SYSTEM32\dhcpcsvc6.DLL
0x00007ffb6a450000 - 0x00007ffb6a46f000 	C:\WINDOWS\SYSTEM32\dhcpcsvc.DLL
0x00007ffb6fa10000 - 0x00007ffb6fb02000 	C:\WINDOWS\SYSTEM32\DNSAPI.dll
0x00007ffb60470000 - 0x00007ffb60497000 	C:\Program Files\Android\Android Studio\jre\bin\sunec.dll
0x00007ffb6a1f0000 - 0x00007ffb6a1fa000 	C:\Windows\System32\rasadhlp.dll
0x00007ffb6a200000 - 0x00007ffb6a283000 	C:\WINDOWS\System32\fwpuclnt.dll

dbghelp: loaded successfully - version: 4.0.5 - missing functions: none
symbol engine: initialized successfully - sym options: 0x614 - pdb path: .;C:\Program Files\Android\Android Studio\jre\bin;C:\WINDOWS\SYSTEM32;C:\WINDOWS\WinSxS\amd64_microsoft.windows.common-controls_6595b64144ccf1df_6.0.22621.608_none_a9444ca7c10bb01d;C:\Program Files\Android\Android Studio\jre\bin\server;C:\Users\MSI\.gradle\native\e1d6ef7f7dcc3fd88c89a11ec53ec762bb8ba0a96d01ffa2cd45eb1d1d8dd5c5\windows-amd64;C:\Users\MSI\.gradle\native\0d407fdbe67a94daf76414ababcb853783967236a71b16ec16e742cd7a986fd3\windows-amd64

VM Arguments:
jvm_args: --add-opens=java.base/java.util=ALL-UNNAMED --add-opens=java.base/java.lang=ALL-UNNAMED --add-opens=java.base/java.lang.invoke=ALL-UNNAMED --add-opens=java.base/java.util=ALL-UNNAMED --add-opens=java.prefs/java.util.prefs=ALL-UNNAMED --add-opens=java.prefs/java.util.prefs=ALL-UNNAMED --add-opens=java.base/java.nio.charset=ALL-UNNAMED --add-opens=java.base/java.net=ALL-UNNAMED --add-opens=java.base/java.util.concurrent.atomic=ALL-UNNAMED -Xmx2048m -Dfile.encoding=UTF-8 -Duser.country=ID -Duser.language=en -Duser.variant 
java_command: org.gradle.launcher.daemon.bootstrap.GradleDaemon 7.4
java_class_path (initial): C:\Users\MSI\.gradle\wrapper\dists\gradle-7.4-bin\c0gwcg53nkjbqw7r0h0umtfvt\gradle-7.4\lib\gradle-launcher-7.4.jar
Launcher Type: SUN_STANDARD

[Global flags]
     intx CICompilerCount                          = 4                                         {product} {ergonomic}
     uint ConcGCThreads                            = 2                                         {product} {ergonomic}
     uint G1ConcRefinementThreads                  = 8                                         {product} {ergonomic}
   size_t G1HeapRegionSize                         = 1048576                                   {product} {ergonomic}
    uintx GCDrainStackTargetSize                   = 64                                        {product} {ergonomic}
   size_t InitialHeapSize                          = 400556032                                 {product} {ergonomic}
   size_t MarkStackSize                            = 4194304                                   {product} {ergonomic}
   size_t MaxHeapSize                              = 2147483648                                {product} {command line}
   size_t MaxNewSize                               = 1287651328                                {product} {ergonomic}
   size_t MinHeapDeltaBytes                        = 1048576                                   {product} {ergonomic}
    uintx NonNMethodCodeHeapSize                   = 5836300                                {pd product} {ergonomic}
    uintx NonProfiledCodeHeapSize                  = 122910970                              {pd product} {ergonomic}
    uintx ProfiledCodeHeapSize                     = 122910970                              {pd product} {ergonomic}
    uintx ReservedCodeCacheSize                    = 251658240                              {pd product} {ergonomic}
     bool SegmentedCodeCache                       = true                                      {product} {ergonomic}
     bool UseCompressedClassPointers               = true                                 {lp64_product} {ergonomic}
     bool UseCompressedOops                        = true                                 {lp64_product} {ergonomic}
     bool UseG1GC                                  = true                                      {product} {ergonomic}
     bool UseLargePagesIndividualAllocation        = false                                  {pd product} {ergonomic}

Logging:
Log output configuration:
 #0: stdout all=warning uptime,level,tags
 #1: stderr all=off uptime,level,tags

Environment Variables:
JAVA_HOME=C:\Program Files\Android\Android Studio\jre
PATH=C:\ProgramData\Oracle\Java\javapath;C:\WINDOWS\system32;C:\WINDOWS;C:\WINDOWS\System32\Wbem;C:\WINDOWS\System32\WindowsPowerShell\v1.0\;C:\WINDOWS\System32\OpenSSH\;C:\Program Files\Git\cmd;C:\Program Files\Go\bin;C:\Program Files\Docker\Docker\resources\bin;C:\ProgramData\DockerDesktop\version-bin;C:\Program Files\nodejs\;C:\ProgramData\chocolatey\bin;C:\Program Files\Tesseract-OCR;C:\Program Files\PuTTY\;C:\Users\MSI\AppData\Local\Microsoft\WindowsApps;C:\Users\MSI\AppData\Local\Programs\Microsoft VS Code\bin;C:\Users\MSI\go\bin;C:\Users\MSI\AppData\Roaming\npm;C:\Users\MSI\AppData\Local\gitkraken\bin;C:\Program Files\Tesseract-OCR;C:\Users\MSI\AppData\Local\Microsoft\WindowsApps;C:\Users\MSI\AppData\Local\GitHubDesktop\bin
USERNAME=MSI
OS=Windows_NT
PROCESSOR_IDENTIFIER=Intel64 Family 6 Model 142 Stepping 12, GenuineIntel



---------------  S Y S T E M  ---------------

OS: Windows 11 , 64 bit Build 22621 (10.0.22621.608)
OS uptime: 1 days 23:46 hours
Hyper-V role detected

CPU:total 8 (initial active 8) (4 cores per cpu, 2 threads per core) family 6 model 142 stepping 12 microcode 0xde, cmov, cx8, fxsr, mmx, sse, sse2, sse3, ssse3, sse4.1, sse4.2, popcnt, avx, avx2, aes, clmul, erms, 3dnowpref, lzcnt, ht, tsc, tscinvbit, bmi1, bmi2, adx, fma

Memory: 4k page, system-wide physical 24411M (327M free)
TotalPageFile size 61817M (AvailPageFile size 8M)
current process WorkingSet (physical memory assigned to process): 523M, peak: 524M
current process commit charge ("private bytes"): 629M, peak: 629M

vm_info: OpenJDK 64-Bit Server VM (11.0.13+0-b1751.21-8125866) for windows-amd64 JRE (11.0.13+0-b1751.21-8125866), built on Feb  2 2022 03:00:22 by "builder" with MS VC++ 14.0 (VS2015)

END.
