#
# There is insufficient memory for the Java Runtime Environment to continue.
# Native memory allocation (malloc) failed to allocate 32744 bytes for ChunkPool::allocate
# Possible reasons:
#   The system is out of physical RAM or swap space
#   The process is running with CompressedOops enabled, and the Java Heap may be blocking the growth of the native heap
# Possible solutions:
#   Reduce memory load on the system
#   Increase physical memory or swap space
#   Check if swap backing store is full
#   Decrease Java heap size (-Xmx/-Xms)
#   Decrease number of Java threads
#   Decrease Java thread stack sizes (-Xss)
#   Set larger code cache with -XX:ReservedCodeCacheSize=
#   JVM is running with Unscaled Compressed Oops mode in which the Java heap is
#     placed in the first 4GB address space. The Java Heap base address is the
#     maximum limit for the native heap growth. Please use -XX:HeapBaseMinAddress
#     to set the Java Heap base and to place the Java Heap above 4GB virtual address.
# This output file may be truncated or incomplete.
#
#  Out of Memory Error (./src/hotspot/share/memory/arena.cpp:81), pid=32208, tid=29980
#
# JRE version: OpenJDK Runtime Environment (11.0.13) (build 11.0.13+0-b1751.21-8125866)
# Java VM: OpenJDK 64-Bit Server VM (11.0.13+0-b1751.21-8125866, mixed mode, tiered, compressed oops, g1 gc, windows-amd64)
# No core dump will be written. Minidumps are not enabled by default on client versions of Windows
#

---------------  S U M M A R Y ------------

Command Line: --add-opens=java.base/java.util=ALL-UNNAMED --add-opens=java.base/java.lang=ALL-UNNAMED --add-opens=java.base/java.lang.invoke=ALL-UNNAMED --add-opens=java.base/java.util=ALL-UNNAMED --add-opens=java.prefs/java.util.prefs=ALL-UNNAMED --add-opens=java.prefs/java.util.prefs=ALL-UNNAMED --add-opens=java.base/java.nio.charset=ALL-UNNAMED --add-opens=java.base/java.net=ALL-UNNAMED --add-opens=java.base/java.util.concurrent.atomic=ALL-UNNAMED -Xmx2048m -Dfile.encoding=UTF-8 -Duser.country=ID -Duser.language=en -Duser.variant org.gradle.launcher.daemon.bootstrap.GradleDaemon 7.4

Host: Intel(R) Core(TM) i5-10210U CPU @ 1.60GHz, 8 cores, 23G,  Windows 11 , 64 bit Build 22621 (10.0.22621.608)
Time: Tue Oct 18 10:17:55 2022 SE Asia Standard Time elapsed time: 7.478269 seconds (0d 0h 0m 7s)

---------------  T H R E A D  ---------------

Current thread (0x000001b65ce71000):  JavaThread "C1 CompilerThread0" daemon [_thread_in_native, id=29980, stack(0x00000044ecd00000,0x00000044ece00000)]


Current CompileTask:
C1:   7478 4204       2       org.objectweb.asm.SymbolTable::addConstantUtf8 (98 bytes)

Stack: [0x00000044ecd00000,0x00000044ece00000]
Native frames: (J=compiled Java code, j=interpreted, Vv=VM code, C=native code)
V  [jvm.dll+0x6100fa]
V  [jvm.dll+0x747090]
V  [jvm.dll+0x7486ad]
V  [jvm.dll+0x748d83]
V  [jvm.dll+0x24ab48]
V  [jvm.dll+0xc075b]
V  [jvm.dll+0xc0a0c]
V  [jvm.dll+0x16dbe2]
V  [jvm.dll+0x16d894]
V  [jvm.dll+0x16c5d7]
V  [jvm.dll+0x16c73c]
V  [jvm.dll+0x16f0fa]
V  [jvm.dll+0x128d5c]
V  [jvm.dll+0x128869]
V  [jvm.dll+0x1289d3]
V  [jvm.dll+0x127ce7]
V  [jvm.dll+0x1298b7]
V  [jvm.dll+0x21106b]
V  [jvm.dll+0x20f8c1]
V  [jvm.dll+0x70de0f]
V  [jvm.dll+0x706a75]
V  [jvm.dll+0x60ed66]
C  [ucrtbase.dll+0x29363]
C  [KERNEL32.DLL+0x1244d]
C  [ntdll.dll+0x5df78]


---------------  P R O C E S S  ---------------

Threads class SMR info:
_java_thread_list=0x000001b660a60b60, length=39, elements={
0x000001b64208b000, 0x000001b65ce03800, 0x000001b65ce10800, 0x000001b65ce5e800,
0x000001b65ce5f800, 0x000001b65ce63800, 0x000001b65ce66000, 0x000001b65ce71000,
0x000001b65ce76800, 0x000001b65cfe7000, 0x000001b65fffe800, 0x000001b65fa63000,
0x000001b65f00f000, 0x000001b65e592800, 0x000001b65d357800, 0x000001b65fffc000,
0x000001b65ed8c000, 0x000001b660381000, 0x000001b65efc3800, 0x000001b65e06f800,
0x000001b65fdfe000, 0x000001b65fdfa800, 0x000001b65fdfd000, 0x000001b65fdf8800,
0x000001b65fdfc800, 0x000001b65fdff000, 0x000001b65fdfb800, 0x000001b65fdf9000,
0x000001b65fdfa000, 0x000001b660b2e800, 0x000001b660b29000, 0x000001b660b29800,
0x000001b660b2f800, 0x000001b660b2c000, 0x000001b660b30800, 0x000001b660b2e000,
0x000001b660b2a800, 0x000001b660b31000, 0x000001b660b2b800
}

Java Threads: ( => current thread )
  0x000001b64208b000 JavaThread "main" [_thread_blocked, id=34264, stack(0x00000044ec000000,0x00000044ec100000)]
  0x000001b65ce03800 JavaThread "Reference Handler" daemon [_thread_blocked, id=40060, stack(0x00000044ec700000,0x00000044ec800000)]
  0x000001b65ce10800 JavaThread "Finalizer" daemon [_thread_blocked, id=37988, stack(0x00000044ec800000,0x00000044ec900000)]
  0x000001b65ce5e800 JavaThread "Signal Dispatcher" daemon [_thread_blocked, id=27232, stack(0x00000044ec900000,0x00000044eca00000)]
  0x000001b65ce5f800 JavaThread "Attach Listener" daemon [_thread_blocked, id=42284, stack(0x00000044eca00000,0x00000044ecb00000)]
  0x000001b65ce63800 JavaThread "Service Thread" daemon [_thread_blocked, id=37892, stack(0x00000044ecb00000,0x00000044ecc00000)]
  0x000001b65ce66000 JavaThread "C2 CompilerThread0" daemon [_thread_in_native, id=38740, stack(0x00000044ecc00000,0x00000044ecd00000)]
=>0x000001b65ce71000 JavaThread "C1 CompilerThread0" daemon [_thread_in_native, id=29980, stack(0x00000044ecd00000,0x00000044ece00000)]
  0x000001b65ce76800 JavaThread "Sweeper thread" daemon [_thread_blocked, id=40424, stack(0x00000044ece00000,0x00000044ecf00000)]
  0x000001b65cfe7000 JavaThread "Common-Cleaner" daemon [_thread_blocked, id=21744, stack(0x00000044ecf00000,0x00000044ed000000)]
  0x000001b65fffe800 JavaThread "Daemon health stats" [_thread_blocked, id=25780, stack(0x00000044ed900000,0x00000044eda00000)]
  0x000001b65fa63000 JavaThread "Incoming local TCP Connector on port 58633" [_thread_in_native, id=37860, stack(0x00000044ed100000,0x00000044ed200000)]
  0x000001b65f00f000 JavaThread "Daemon periodic checks" [_thread_blocked, id=42384, stack(0x00000044eda00000,0x00000044edb00000)]
  0x000001b65e592800 JavaThread "Daemon" [_thread_blocked, id=42364, stack(0x00000044edb00000,0x00000044edc00000)]
  0x000001b65d357800 JavaThread "Handler for socket connection from /127.0.0.1:58633 to /127.0.0.1:58637" [_thread_in_native, id=38180, stack(0x00000044edc00000,0x00000044edd00000)]
  0x000001b65fffc000 JavaThread "Cancel handler" [_thread_blocked, id=15860, stack(0x00000044edd00000,0x00000044ede00000)]
  0x000001b65ed8c000 JavaThread "Daemon worker" [_thread_blocked, id=35008, stack(0x00000044ede00000,0x00000044edf00000)]
  0x000001b660381000 JavaThread "Asynchronous log dispatcher for DefaultDaemonConnection: socket connection from /127.0.0.1:58633 to /127.0.0.1:58637" [_thread_blocked, id=38924, stack(0x00000044edf00000,0x00000044ee000000)]
  0x000001b65efc3800 JavaThread "Stdin handler" [_thread_blocked, id=28604, stack(0x00000044ee000000,0x00000044ee100000)]
  0x000001b65e06f800 JavaThread "Daemon client event forwarder" [_thread_blocked, id=38604, stack(0x00000044ee100000,0x00000044ee200000)]
  0x000001b65fdfe000 JavaThread "Cache worker for journal cache (C:\Users\MSI\.gradle\caches\journal-1)" [_thread_blocked, id=14348, stack(0x00000044ee300000,0x00000044ee400000)]
  0x000001b65fdfa800 JavaThread "File lock request listener" [_thread_in_native, id=41904, stack(0x00000044ee400000,0x00000044ee500000)]
  0x000001b65fdfd000 JavaThread "Cache worker for file hash cache (C:\Users\MSI\.gradle\caches\7.4\fileHashes)" [_thread_blocked, id=43416, stack(0x00000044ee600000,0x00000044ee700000)]
  0x000001b65fdf8800 JavaThread "File watcher server" daemon [_thread_in_native, id=38928, stack(0x00000044ee700000,0x00000044ee800000)]
  0x000001b65fdfc800 JavaThread "File watcher consumer" daemon [_thread_blocked, id=32308, stack(0x00000044ee800000,0x00000044ee900000)]
  0x000001b65fdff000 JavaThread "jar transforms" [_thread_in_Java, id=35596, stack(0x00000044ee200000,0x00000044ee300000)]
  0x000001b65fdfb800 JavaThread "jar transforms Thread 2" [_thread_blocked, id=16136, stack(0x00000044ee900000,0x00000044eea00000)]
  0x000001b65fdf9000 JavaThread "jar transforms Thread 3" [_thread_blocked, id=41436, stack(0x00000044eea00000,0x00000044eeb00000)]
  0x000001b65fdfa000 JavaThread "jar transforms Thread 4" [_thread_blocked, id=40048, stack(0x00000044eeb00000,0x00000044eec00000)]
  0x000001b660b2e800 JavaThread "jar transforms Thread 5" [_thread_blocked, id=38848, stack(0x00000044eec00000,0x00000044eed00000)]
  0x000001b660b29000 JavaThread "jar transforms Thread 6" [_thread_blocked, id=41660, stack(0x00000044eed00000,0x00000044eee00000)]
  0x000001b660b29800 JavaThread "jar transforms Thread 7" [_thread_blocked, id=17640, stack(0x00000044eee00000,0x00000044eef00000)]
  0x000001b660b2f800 JavaThread "jar transforms Thread 8" [_thread_blocked, id=40164, stack(0x00000044eef00000,0x00000044ef000000)]
  0x000001b660b2c000 JavaThread "Cache worker for checksums cache (C:\Users\MSI\AndroidStudioProjects\GreetingCard\.gradle\7.4\checksums)" [_thread_blocked, id=39892, stack(0x00000044ef000000,0x00000044ef100000)]
  0x000001b660b30800 JavaThread "Cache worker for cache directory md-rule (C:\Users\MSI\.gradle\caches\7.4\md-rule)" [_thread_blocked, id=34072, stack(0x00000044ef100000,0x00000044ef200000)]
  0x000001b660b2e000 JavaThread "Cache worker for file hash cache (C:\Users\MSI\AndroidStudioProjects\GreetingCard\.gradle\7.4\fileHashes)" [_thread_blocked, id=42160, stack(0x00000044ef200000,0x00000044ef300000)]
  0x000001b660b2a800 JavaThread "Cache worker for cache directory md-supplier (C:\Users\MSI\.gradle\caches\7.4\md-supplier)" [_thread_blocked, id=30736, stack(0x00000044ef300000,0x00000044ef400000)]
  0x000001b660b31000 JavaThread "Cache worker for execution history cache (C:\Users\MSI\.gradle\caches\7.4\executionHistory)" [_thread_blocked, id=26892, stack(0x00000044ef400000,0x00000044ef500000)]
  0x000001b660b2b800 JavaThread "Cache worker for file content cache (C:\Users\MSI\.gradle\caches\7.4\fileContent)" [_thread_blocked, id=41644, stack(0x00000044ef500000,0x00000044ef600000)]

Other Threads:
  0x000001b65cdfe800 VMThread "VM Thread" [stack: 0x00000044ec600000,0x00000044ec700000] [id=37520]
  0x000001b65cff2000 WatcherThread [stack: 0x00000044ed000000,0x00000044ed100000] [id=20916]
  0x000001b6420a3800 GCTaskThread "GC Thread#0" [stack: 0x00000044ec100000,0x00000044ec200000] [id=39884]
  0x000001b65d6cf800 GCTaskThread "GC Thread#1" [stack: 0x00000044ed200000,0x00000044ed300000] [id=9040]
  0x000001b65e3ef800 GCTaskThread "GC Thread#2" [stack: 0x00000044ed300000,0x00000044ed400000] [id=28072]
  0x000001b65e2a5000 GCTaskThread "GC Thread#3" [stack: 0x00000044ed400000,0x00000044ed500000] [id=35384]
  0x000001b65ddd2000 GCTaskThread "GC Thread#4" [stack: 0x00000044ed500000,0x00000044ed600000] [id=35348]
  0x000001b65dd28800 GCTaskThread "GC Thread#5" [stack: 0x00000044ed600000,0x00000044ed700000] [id=42476]
  0x000001b65dfb8000 GCTaskThread "GC Thread#6" [stack: 0x00000044ed700000,0x00000044ed800000] [id=17612]
  0x000001b65dded000 GCTaskThread "GC Thread#7" [stack: 0x00000044ed800000,0x00000044ed900000] [id=30780]
  0x000001b6420d6800 ConcurrentGCThread "G1 Main Marker" [stack: 0x00000044ec200000,0x00000044ec300000] [id=8596]
  0x000001b6420d9000 ConcurrentGCThread "G1 Conc#0" [stack: 0x00000044ec300000,0x00000044ec400000] [id=40776]
  0x000001b65e1f0800 ConcurrentGCThread "G1 Conc#1" [stack: 0x00000044ee500000,0x00000044ee600000] [id=33632]
  0x000001b64215e000 ConcurrentGCThread "G1 Refine#0" [stack: 0x00000044ec400000,0x00000044ec500000] [id=40076]
  0x000001b65c44a800 ConcurrentGCThread "G1 Young RemSet Sampling" [stack: 0x00000044ec500000,0x00000044ec600000] [id=42360]

Threads with active compile tasks:
C2 CompilerThread0   7508 4088       4       org.objectweb.asm.ClassReader::readCode (5109 bytes)
C1 CompilerThread0   7508 4204       2       org.objectweb.asm.SymbolTable::addConstantUtf8 (98 bytes)

VM state:not at safepoint (normal execution)

VM Mutex/Monitor currently owned by a thread: None

Heap address: 0x0000000080000000, size: 2048 MB, Compressed Oops mode: 32-bit
Narrow klass base: 0x0000000000000000, Narrow klass shift: 3
Compressed class space size: 1073741824 Address: 0x0000000100000000

Heap:
 garbage-first heap   total 391168K, used 84755K [0x0000000080000000, 0x0000000100000000)
  region size 1024K, 37 young (37888K), 10 survivors (10240K)
 Metaspace       used 44037K, capacity 45161K, committed 45360K, reserved 1089536K
  class space    used 5579K, capacity 5983K, committed 6016K, reserved 1048576K
Heap Regions: E=young(eden), S=young(survivor), O=old, HS=humongous(starts), HC=humongous(continues), CS=collection set, F=free, A=archive, TAMS=top-at-mark-start (previous, next)
|   0|0x0000000080000000, 0x0000000080100000, 0x0000000080100000|100%| O|  |TAMS 0x0000000080100000, 0x0000000080000000| Untracked 
|   1|0x0000000080100000, 0x0000000080200000, 0x0000000080200000|100%| O|  |TAMS 0x0000000080200000, 0x0000000080100000| Untracked 
|   2|0x0000000080200000, 0x0000000080300000, 0x0000000080300000|100%| O|  |TAMS 0x0000000080300000, 0x0000000080200000| Untracked 
|   3|0x0000000080300000, 0x0000000080400000, 0x0000000080400000|100%|HS|  |TAMS 0x0000000080400000, 0x0000000080300000| Complete 
|   4|0x0000000080400000, 0x0000000080500000, 0x0000000080500000|100%|HC|  |TAMS 0x0000000080500000, 0x0000000080400000| Complete 
|   5|0x0000000080500000, 0x0000000080600000, 0x0000000080600000|100%|HC|  |TAMS 0x0000000080600000, 0x0000000080500000| Complete 
|   6|0x0000000080600000, 0x0000000080700000, 0x0000000080700000|100%| O|  |TAMS 0x0000000080700000, 0x0000000080600000| Untracked 
|   7|0x0000000080700000, 0x0000000080800000, 0x0000000080800000|100%| O|  |TAMS 0x0000000080800000, 0x0000000080700000| Untracked 
|   8|0x0000000080800000, 0x0000000080900000, 0x0000000080900000|100%| O|  |TAMS 0x0000000080900000, 0x0000000080800000| Untracked 
|   9|0x0000000080900000, 0x0000000080a00000, 0x0000000080a00000|100%| O|  |TAMS 0x0000000080a00000, 0x0000000080900000| Untracked 
|  10|0x0000000080a00000, 0x0000000080b00000, 0x0000000080b00000|100%| O|  |TAMS 0x0000000080b00000, 0x0000000080a00000| Untracked 
|  11|0x0000000080b00000, 0x0000000080c00000, 0x0000000080c00000|100%| O|  |TAMS 0x0000000080c00000, 0x0000000080b00000| Untracked 
|  12|0x0000000080c00000, 0x0000000080d00000, 0x0000000080d00000|100%| O|  |TAMS 0x0000000080d00000, 0x0000000080c00000| Untracked 
|  13|0x0000000080d00000, 0x0000000080e00000, 0x0000000080e00000|100%| O|  |TAMS 0x0000000080e00000, 0x0000000080d00000| Untracked 
|  14|0x0000000080e00000, 0x0000000080f00000, 0x0000000080f00000|100%| O|  |TAMS 0x0000000080f00000, 0x0000000080e00000| Untracked 
|  15|0x0000000080f00000, 0x0000000081000000, 0x0000000081000000|100%| O|  |TAMS 0x0000000080f86400, 0x0000000080f00000| Untracked 
|  16|0x0000000081000000, 0x0000000081100000, 0x0000000081100000|100%|HS|  |TAMS 0x0000000081100000, 0x0000000081000000| Complete 
|  17|0x0000000081100000, 0x0000000081200000, 0x0000000081200000|100%|HC|  |TAMS 0x0000000081200000, 0x0000000081100000| Complete 
|  18|0x0000000081200000, 0x0000000081300000, 0x0000000081300000|100%|HS|  |TAMS 0x0000000081300000, 0x0000000081200000| Complete 
|  19|0x0000000081300000, 0x0000000081400000, 0x0000000081400000|100%|HC|  |TAMS 0x0000000081400000, 0x0000000081300000| Complete 
|  20|0x0000000081400000, 0x0000000081500000, 0x0000000081500000|100%|HC|  |TAMS 0x0000000081500000, 0x0000000081400000| Complete 
|  21|0x0000000081500000, 0x0000000081600000, 0x0000000081600000|100%|HS|  |TAMS 0x0000000081600000, 0x0000000081500000| Complete 
|  22|0x0000000081600000, 0x0000000081700000, 0x0000000081700000|100%|HC|  |TAMS 0x0000000081700000, 0x0000000081600000| Complete 
|  23|0x0000000081700000, 0x0000000081800000, 0x0000000081800000|100%|HC|  |TAMS 0x0000000081800000, 0x0000000081700000| Complete 
|  24|0x0000000081800000, 0x0000000081900000, 0x0000000081900000|100%|HS|  |TAMS 0x0000000081900000, 0x0000000081800000| Complete 
|  25|0x0000000081900000, 0x0000000081a00000, 0x0000000081a00000|100%|HC|  |TAMS 0x0000000081a00000, 0x0000000081900000| Complete 
|  26|0x0000000081a00000, 0x0000000081b00000, 0x0000000081b00000|100%|HC|  |TAMS 0x0000000081b00000, 0x0000000081a00000| Complete 
|  27|0x0000000081b00000, 0x0000000081c00000, 0x0000000081c00000|100%|HC|  |TAMS 0x0000000081c00000, 0x0000000081b00000| Complete 
|  28|0x0000000081c00000, 0x0000000081d00000, 0x0000000081d00000|100%|HC|  |TAMS 0x0000000081d00000, 0x0000000081c00000| Complete 
|  29|0x0000000081d00000, 0x0000000081e00000, 0x0000000081e00000|100%|HS|  |TAMS 0x0000000081e00000, 0x0000000081d00000| Complete 
|  30|0x0000000081e00000, 0x0000000081f00000, 0x0000000081f00000|100%|HS|  |TAMS 0x0000000081f00000, 0x0000000081e00000| Complete 
|  31|0x0000000081f00000, 0x0000000082000000, 0x0000000082000000|100%|HC|  |TAMS 0x0000000082000000, 0x0000000081f00000| Complete 
|  32|0x0000000082000000, 0x0000000082100000, 0x0000000082100000|100%|HC|  |TAMS 0x0000000082100000, 0x0000000082000000| Complete 
|  33|0x0000000082100000, 0x0000000082200000, 0x0000000082200000|100%|HC|  |TAMS 0x0000000082200000, 0x0000000082100000| Complete 
|  34|0x0000000082200000, 0x0000000082200000, 0x0000000082300000|  0%| F|  |TAMS 0x0000000082200000, 0x0000000082200000| Untracked 
|  35|0x0000000082300000, 0x0000000082300000, 0x0000000082400000|  0%| F|  |TAMS 0x0000000082300000, 0x0000000082300000| Untracked 
|  36|0x0000000082400000, 0x0000000082400000, 0x0000000082500000|  0%| F|  |TAMS 0x0000000082400000, 0x0000000082400000| Untracked 
|  37|0x0000000082500000, 0x0000000082500000, 0x0000000082600000|  0%| F|  |TAMS 0x0000000082500000, 0x0000000082500000| Untracked 
|  38|0x0000000082600000, 0x0000000082600000, 0x0000000082700000|  0%| F|  |TAMS 0x0000000082600000, 0x0000000082600000| Untracked 
|  39|0x0000000082700000, 0x0000000082700000, 0x0000000082800000|  0%| F|  |TAMS 0x0000000082700000, 0x0000000082700000| Untracked 
|  40|0x0000000082800000, 0x0000000082800000, 0x0000000082900000|  0%| F|  |TAMS 0x0000000082800000, 0x0000000082800000| Untracked 
|  41|0x0000000082900000, 0x0000000082900000, 0x0000000082a00000|  0%| F|  |TAMS 0x0000000082900000, 0x0000000082900000| Untracked 
|  42|0x0000000082a00000, 0x0000000082b00000, 0x0000000082b00000|100%|HS|  |TAMS 0x0000000082a00000, 0x0000000082a00000| Complete 
|  43|0x0000000082b00000, 0x0000000082c00000, 0x0000000082c00000|100%|HC|  |TAMS 0x0000000082b00000, 0x0000000082b00000| Complete 
|  44|0x0000000082c00000, 0x0000000082d00000, 0x0000000082d00000|100%|HC|  |TAMS 0x0000000082c00000, 0x0000000082c00000| Complete 
|  45|0x0000000082d00000, 0x0000000082e00000, 0x0000000082e00000|100%|HC|  |TAMS 0x0000000082d00000, 0x0000000082d00000| Complete 
|  46|0x0000000082e00000, 0x0000000082f00000, 0x0000000082f00000|100%|HC|  |TAMS 0x0000000082e00000, 0x0000000082e00000| Complete 
|  47|0x0000000082f00000, 0x0000000083000000, 0x0000000083000000|100%| O|  |TAMS 0x0000000082f00000, 0x0000000082f00000| Untracked 
|  48|0x0000000083000000, 0x0000000083100000, 0x0000000083100000|100%| O|  |TAMS 0x0000000083000000, 0x0000000083000000| Untracked 
|  49|0x0000000083100000, 0x0000000083200000, 0x0000000083200000|100%| O|  |TAMS 0x0000000083100000, 0x0000000083100000| Untracked 
|  50|0x0000000083200000, 0x0000000083300000, 0x0000000083300000|100%| O|  |TAMS 0x0000000083200000, 0x0000000083200000| Untracked 
|  51|0x0000000083300000, 0x0000000083400000, 0x0000000083400000|100%| O|  |TAMS 0x0000000083300000, 0x0000000083300000| Untracked 
|  52|0x0000000083400000, 0x0000000083500000, 0x0000000083500000|100%| O|  |TAMS 0x0000000083400000, 0x0000000083400000| Untracked 
|  53|0x0000000083500000, 0x0000000083600000, 0x0000000083600000|100%| O|  |TAMS 0x0000000083500000, 0x0000000083500000| Untracked 
|  54|0x0000000083600000, 0x0000000083700000, 0x0000000083700000|100%| O|  |TAMS 0x0000000083600000, 0x0000000083600000| Untracked 
|  55|0x0000000083700000, 0x000000008374f000, 0x0000000083800000| 30%| O|  |TAMS 0x0000000083700000, 0x0000000083700000| Untracked 
|  56|0x0000000083800000, 0x0000000083800000, 0x0000000083900000|  0%| F|  |TAMS 0x0000000083800000, 0x0000000083800000| Untracked 
|  57|0x0000000083900000, 0x0000000083900000, 0x0000000083a00000|  0%| F|  |TAMS 0x0000000083900000, 0x0000000083900000| Untracked 
|  58|0x0000000083a00000, 0x0000000083a00000, 0x0000000083b00000|  0%| F|  |TAMS 0x0000000083a00000, 0x0000000083a00000| Untracked 
|  59|0x0000000083b00000, 0x0000000083b00000, 0x0000000083c00000|  0%| F|  |TAMS 0x0000000083b00000, 0x0000000083b00000| Untracked 
|  60|0x0000000083c00000, 0x0000000083c00000, 0x0000000083d00000|  0%| F|  |TAMS 0x0000000083c00000, 0x0000000083c00000| Untracked 
|  61|0x0000000083d00000, 0x0000000083d00000, 0x0000000083e00000|  0%| F|  |TAMS 0x0000000083d00000, 0x0000000083d00000| Untracked 
|  62|0x0000000083e00000, 0x0000000083e00000, 0x0000000083f00000|  0%| F|  |TAMS 0x0000000083e00000, 0x0000000083e00000| Untracked 
|  63|0x0000000083f00000, 0x0000000083f00000, 0x0000000084000000|  0%| F|  |TAMS 0x0000000083f00000, 0x0000000083f00000| Untracked 
|  64|0x0000000084000000, 0x0000000084000000, 0x0000000084100000|  0%| F|  |TAMS 0x0000000084000000, 0x0000000084000000| Untracked 
|  65|0x0000000084100000, 0x0000000084100000, 0x0000000084200000|  0%| F|  |TAMS 0x0000000084100000, 0x0000000084100000| Untracked 
|  66|0x0000000084200000, 0x0000000084200000, 0x0000000084300000|  0%| F|  |TAMS 0x0000000084200000, 0x0000000084200000| Untracked 
|  67|0x0000000084300000, 0x0000000084300000, 0x0000000084400000|  0%| F|  |TAMS 0x0000000084300000, 0x0000000084300000| Untracked 
|  68|0x0000000084400000, 0x0000000084400000, 0x0000000084500000|  0%| F|  |TAMS 0x0000000084400000, 0x0000000084400000| Untracked 
|  69|0x0000000084500000, 0x0000000084500000, 0x0000000084600000|  0%| F|  |TAMS 0x0000000084500000, 0x0000000084500000| Untracked 
|  70|0x0000000084600000, 0x0000000084600000, 0x0000000084700000|  0%| F|  |TAMS 0x0000000084600000, 0x0000000084600000| Untracked 
|  71|0x0000000084700000, 0x0000000084700000, 0x0000000084800000|  0%| F|  |TAMS 0x0000000084700000, 0x0000000084700000| Untracked 
|  72|0x0000000084800000, 0x0000000084800000, 0x0000000084900000|  0%| F|  |TAMS 0x0000000084800000, 0x0000000084800000| Untracked 
|  73|0x0000000084900000, 0x0000000084900000, 0x0000000084a00000|  0%| F|  |TAMS 0x0000000084900000, 0x0000000084900000| Untracked 
|  74|0x0000000084a00000, 0x0000000084a00000, 0x0000000084b00000|  0%| F|  |TAMS 0x0000000084a00000, 0x0000000084a00000| Untracked 
|  75|0x0000000084b00000, 0x0000000084b00000, 0x0000000084c00000|  0%| F|  |TAMS 0x0000000084b00000, 0x0000000084b00000| Untracked 
|  76|0x0000000084c00000, 0x0000000084c00000, 0x0000000084d00000|  0%| F|  |TAMS 0x0000000084c00000, 0x0000000084c00000| Untracked 
|  77|0x0000000084d00000, 0x0000000084d00000, 0x0000000084e00000|  0%| F|  |TAMS 0x0000000084d00000, 0x0000000084d00000| Untracked 
|  78|0x0000000084e00000, 0x0000000084e00000, 0x0000000084f00000|  0%| F|  |TAMS 0x0000000084e00000, 0x0000000084e00000| Untracked 
|  79|0x0000000084f00000, 0x0000000084f00000, 0x0000000085000000|  0%| F|  |TAMS 0x0000000084f00000, 0x0000000084f00000| Untracked 
|  80|0x0000000085000000, 0x0000000085000000, 0x0000000085100000|  0%| F|  |TAMS 0x0000000085000000, 0x0000000085000000| Untracked 
|  81|0x0000000085100000, 0x0000000085100000, 0x0000000085200000|  0%| F|  |TAMS 0x0000000085100000, 0x0000000085100000| Untracked 
|  82|0x0000000085200000, 0x0000000085200000, 0x0000000085300000|  0%| F|  |TAMS 0x0000000085200000, 0x0000000085200000| Untracked 
|  83|0x0000000085300000, 0x0000000085300000, 0x0000000085400000|  0%| F|  |TAMS 0x0000000085300000, 0x0000000085300000| Untracked 
|  84|0x0000000085400000, 0x0000000085400000, 0x0000000085500000|  0%| F|  |TAMS 0x0000000085400000, 0x0000000085400000| Untracked 
|  85|0x0000000085500000, 0x0000000085500000, 0x0000000085600000|  0%| F|  |TAMS 0x0000000085500000, 0x0000000085500000| Untracked 
|  86|0x0000000085600000, 0x0000000085600000, 0x0000000085700000|  0%| F|  |TAMS 0x0000000085600000, 0x0000000085600000| Untracked 
|  87|0x0000000085700000, 0x0000000085700000, 0x0000000085800000|  0%| F|  |TAMS 0x0000000085700000, 0x0000000085700000| Untracked 
|  88|0x0000000085800000, 0x0000000085800000, 0x0000000085900000|  0%| F|  |TAMS 0x0000000085800000, 0x0000000085800000| Untracked 
|  89|0x0000000085900000, 0x0000000085900000, 0x0000000085a00000|  0%| F|  |TAMS 0x0000000085900000, 0x0000000085900000| Untracked 
|  90|0x0000000085a00000, 0x0000000085a00000, 0x0000000085b00000|  0%| F|  |TAMS 0x0000000085a00000, 0x0000000085a00000| Untracked 
|  91|0x0000000085b00000, 0x0000000085b00000, 0x0000000085c00000|  0%| F|  |TAMS 0x0000000085b00000, 0x0000000085b00000| Untracked 
|  92|0x0000000085c00000, 0x0000000085c00000, 0x0000000085d00000|  0%| F|  |TAMS 0x0000000085c00000, 0x0000000085c00000| Untracked 
|  93|0x0000000085d00000, 0x0000000085d00000, 0x0000000085e00000|  0%| F|  |TAMS 0x0000000085d00000, 0x0000000085d00000| Untracked 
|  94|0x0000000085e00000, 0x0000000085e00000, 0x0000000085f00000|  0%| F|  |TAMS 0x0000000085e00000, 0x0000000085e00000| Untracked 
|  95|0x0000000085f00000, 0x0000000085f00000, 0x0000000086000000|  0%| F|  |TAMS 0x0000000085f00000, 0x0000000085f00000| Untracked 
|  96|0x0000000086000000, 0x0000000086000000, 0x0000000086100000|  0%| F|  |TAMS 0x0000000086000000, 0x0000000086000000| Untracked 
|  97|0x0000000086100000, 0x0000000086100000, 0x0000000086200000|  0%| F|  |TAMS 0x0000000086100000, 0x0000000086100000| Untracked 
|  98|0x0000000086200000, 0x0000000086200000, 0x0000000086300000|  0%| F|  |TAMS 0x0000000086200000, 0x0000000086200000| Untracked 
|  99|0x0000000086300000, 0x0000000086300000, 0x0000000086400000|  0%| F|  |TAMS 0x0000000086300000, 0x0000000086300000| Untracked 
| 100|0x0000000086400000, 0x0000000086400000, 0x0000000086500000|  0%| F|  |TAMS 0x0000000086400000, 0x0000000086400000| Untracked 
| 101|0x0000000086500000, 0x0000000086500000, 0x0000000086600000|  0%| F|  |TAMS 0x0000000086500000, 0x0000000086500000| Untracked 
| 102|0x0000000086600000, 0x0000000086600000, 0x0000000086700000|  0%| F|  |TAMS 0x0000000086600000, 0x0000000086600000| Untracked 
| 103|0x0000000086700000, 0x0000000086700000, 0x0000000086800000|  0%| F|  |TAMS 0x0000000086700000, 0x0000000086700000| Untracked 
| 104|0x0000000086800000, 0x0000000086800000, 0x0000000086900000|  0%| F|  |TAMS 0x0000000086800000, 0x0000000086800000| Untracked 
| 105|0x0000000086900000, 0x0000000086900000, 0x0000000086a00000|  0%| F|  |TAMS 0x0000000086900000, 0x0000000086900000| Untracked 
| 106|0x0000000086a00000, 0x0000000086a00000, 0x0000000086b00000|  0%| F|  |TAMS 0x0000000086a00000, 0x0000000086a00000| Untracked 
| 107|0x0000000086b00000, 0x0000000086b00000, 0x0000000086c00000|  0%| F|  |TAMS 0x0000000086b00000, 0x0000000086b00000| Untracked 
| 108|0x0000000086c00000, 0x0000000086c00000, 0x0000000086d00000|  0%| F|  |TAMS 0x0000000086c00000, 0x0000000086c00000| Untracked 
| 109|0x0000000086d00000, 0x0000000086d00000, 0x0000000086e00000|  0%| F|  |TAMS 0x0000000086d00000, 0x0000000086d00000| Untracked 
| 110|0x0000000086e00000, 0x0000000086e00000, 0x0000000086f00000|  0%| F|  |TAMS 0x0000000086e00000, 0x0000000086e00000| Untracked 
| 111|0x0000000086f00000, 0x0000000086f00000, 0x0000000087000000|  0%| F|  |TAMS 0x0000000086f00000, 0x0000000086f00000| Untracked 
| 112|0x0000000087000000, 0x0000000087000000, 0x0000000087100000|  0%| F|  |TAMS 0x0000000087000000, 0x0000000087000000| Untracked 
| 113|0x0000000087100000, 0x0000000087100000, 0x0000000087200000|  0%| F|  |TAMS 0x0000000087100000, 0x0000000087100000| Untracked 
| 114|0x0000000087200000, 0x0000000087200000, 0x0000000087300000|  0%| F|  |TAMS 0x0000000087200000, 0x0000000087200000| Untracked 
| 115|0x0000000087300000, 0x0000000087300000, 0x0000000087400000|  0%| F|  |TAMS 0x0000000087300000, 0x0000000087300000| Untracked 
| 116|0x0000000087400000, 0x0000000087400000, 0x0000000087500000|  0%| F|  |TAMS 0x0000000087400000, 0x0000000087400000| Untracked 
| 117|0x0000000087500000, 0x0000000087500000, 0x0000000087600000|  0%| F|  |TAMS 0x0000000087500000, 0x0000000087500000| Untracked 
| 118|0x0000000087600000, 0x0000000087600000, 0x0000000087700000|  0%| F|  |TAMS 0x0000000087600000, 0x0000000087600000| Untracked 
| 119|0x0000000087700000, 0x0000000087700000, 0x0000000087800000|  0%| F|  |TAMS 0x0000000087700000, 0x0000000087700000| Untracked 
| 120|0x0000000087800000, 0x0000000087800000, 0x0000000087900000|  0%| F|  |TAMS 0x0000000087800000, 0x0000000087800000| Untracked 
| 121|0x0000000087900000, 0x0000000087900000, 0x0000000087a00000|  0%| F|  |TAMS 0x0000000087900000, 0x0000000087900000| Untracked 
| 122|0x0000000087a00000, 0x0000000087a00000, 0x0000000087b00000|  0%| F|  |TAMS 0x0000000087a00000, 0x0000000087a00000| Untracked 
| 123|0x0000000087b00000, 0x0000000087b00000, 0x0000000087c00000|  0%| F|  |TAMS 0x0000000087b00000, 0x0000000087b00000| Untracked 
| 124|0x0000000087c00000, 0x0000000087c00000, 0x0000000087d00000|  0%| F|  |TAMS 0x0000000087c00000, 0x0000000087c00000| Untracked 
| 125|0x0000000087d00000, 0x0000000087d00000, 0x0000000087e00000|  0%| F|  |TAMS 0x0000000087d00000, 0x0000000087d00000| Untracked 
| 126|0x0000000087e00000, 0x0000000087e00000, 0x0000000087f00000|  0%| F|  |TAMS 0x0000000087e00000, 0x0000000087e00000| Untracked 
| 127|0x0000000087f00000, 0x0000000087f00000, 0x0000000088000000|  0%| F|  |TAMS 0x0000000087f00000, 0x0000000087f00000| Untracked 
| 128|0x0000000088000000, 0x0000000088000000, 0x0000000088100000|  0%| F|  |TAMS 0x0000000088000000, 0x0000000088000000| Untracked 
| 129|0x0000000088100000, 0x0000000088100000, 0x0000000088200000|  0%| F|  |TAMS 0x0000000088100000, 0x0000000088100000| Untracked 
| 130|0x0000000088200000, 0x0000000088200000, 0x0000000088300000|  0%| F|  |TAMS 0x0000000088200000, 0x0000000088200000| Untracked 
| 131|0x0000000088300000, 0x0000000088300000, 0x0000000088400000|  0%| F|  |TAMS 0x0000000088300000, 0x0000000088300000| Untracked 
| 132|0x0000000088400000, 0x0000000088400000, 0x0000000088500000|  0%| F|  |TAMS 0x0000000088400000, 0x0000000088400000| Untracked 
| 133|0x0000000088500000, 0x0000000088500000, 0x0000000088600000|  0%| F|  |TAMS 0x0000000088500000, 0x0000000088500000| Untracked 
| 134|0x0000000088600000, 0x0000000088600000, 0x0000000088700000|  0%| F|  |TAMS 0x0000000088600000, 0x0000000088600000| Untracked 
| 135|0x0000000088700000, 0x0000000088700000, 0x0000000088800000|  0%| F|  |TAMS 0x0000000088700000, 0x0000000088700000| Untracked 
| 136|0x0000000088800000, 0x0000000088800000, 0x0000000088900000|  0%| F|  |TAMS 0x0000000088800000, 0x0000000088800000| Untracked 
| 137|0x0000000088900000, 0x0000000088900000, 0x0000000088a00000|  0%| F|  |TAMS 0x0000000088900000, 0x0000000088900000| Untracked 
| 138|0x0000000088a00000, 0x0000000088a00000, 0x0000000088b00000|  0%| F|  |TAMS 0x0000000088a00000, 0x0000000088a00000| Untracked 
| 139|0x0000000088b00000, 0x0000000088b00000, 0x0000000088c00000|  0%| F|  |TAMS 0x0000000088b00000, 0x0000000088b00000| Untracked 
| 140|0x0000000088c00000, 0x0000000088c00000, 0x0000000088d00000|  0%| F|  |TAMS 0x0000000088c00000, 0x0000000088c00000| Untracked 
| 141|0x0000000088d00000, 0x0000000088d00000, 0x0000000088e00000|  0%| F|  |TAMS 0x0000000088d00000, 0x0000000088d00000| Untracked 
| 142|0x0000000088e00000, 0x0000000088e00000, 0x0000000088f00000|  0%| F|  |TAMS 0x0000000088e00000, 0x0000000088e00000| Untracked 
| 143|0x0000000088f00000, 0x0000000088f00000, 0x0000000089000000|  0%| F|  |TAMS 0x0000000088f00000, 0x0000000088f00000| Untracked 
| 144|0x0000000089000000, 0x0000000089000000, 0x0000000089100000|  0%| F|  |TAMS 0x0000000089000000, 0x0000000089000000| Untracked 
| 145|0x0000000089100000, 0x0000000089100000, 0x0000000089200000|  0%| F|  |TAMS 0x0000000089100000, 0x0000000089100000| Untracked 
| 146|0x0000000089200000, 0x0000000089200000, 0x0000000089300000|  0%| F|  |TAMS 0x0000000089200000, 0x0000000089200000| Untracked 
| 147|0x0000000089300000, 0x0000000089300000, 0x0000000089400000|  0%| F|  |TAMS 0x0000000089300000, 0x0000000089300000| Untracked 
| 148|0x0000000089400000, 0x0000000089400000, 0x0000000089500000|  0%| F|  |TAMS 0x0000000089400000, 0x0000000089400000| Untracked 
| 149|0x0000000089500000, 0x0000000089500000, 0x0000000089600000|  0%| F|  |TAMS 0x0000000089500000, 0x0000000089500000| Untracked 
| 150|0x0000000089600000, 0x0000000089600000, 0x0000000089700000|  0%| F|  |TAMS 0x0000000089600000, 0x0000000089600000| Untracked 
| 151|0x0000000089700000, 0x0000000089700000, 0x0000000089800000|  0%| F|  |TAMS 0x0000000089700000, 0x0000000089700000| Untracked 
| 152|0x0000000089800000, 0x0000000089800000, 0x0000000089900000|  0%| F|  |TAMS 0x0000000089800000, 0x0000000089800000| Untracked 
| 153|0x0000000089900000, 0x0000000089900000, 0x0000000089a00000|  0%| F|  |TAMS 0x0000000089900000, 0x0000000089900000| Untracked 
| 154|0x0000000089a00000, 0x0000000089a00000, 0x0000000089b00000|  0%| F|  |TAMS 0x0000000089a00000, 0x0000000089a00000| Untracked 
| 155|0x0000000089b00000, 0x0000000089b00000, 0x0000000089c00000|  0%| F|  |TAMS 0x0000000089b00000, 0x0000000089b00000| Untracked 
| 156|0x0000000089c00000, 0x0000000089c00000, 0x0000000089d00000|  0%| F|  |TAMS 0x0000000089c00000, 0x0000000089c00000| Untracked 
| 157|0x0000000089d00000, 0x0000000089d00000, 0x0000000089e00000|  0%| F|  |TAMS 0x0000000089d00000, 0x0000000089d00000| Untracked 
| 158|0x0000000089e00000, 0x0000000089e00000, 0x0000000089f00000|  0%| F|  |TAMS 0x0000000089e00000, 0x0000000089e00000| Untracked 
| 159|0x0000000089f00000, 0x0000000089f00000, 0x000000008a000000|  0%| F|  |TAMS 0x0000000089f00000, 0x0000000089f00000| Untracked 
| 160|0x000000008a000000, 0x000000008a000000, 0x000000008a100000|  0%| F|  |TAMS 0x000000008a000000, 0x000000008a000000| Untracked 
| 161|0x000000008a100000, 0x000000008a100000, 0x000000008a200000|  0%| F|  |TAMS 0x000000008a100000, 0x000000008a100000| Untracked 
| 162|0x000000008a200000, 0x000000008a200000, 0x000000008a300000|  0%| F|  |TAMS 0x000000008a200000, 0x000000008a200000| Untracked 
| 163|0x000000008a300000, 0x000000008a300000, 0x000000008a400000|  0%| F|  |TAMS 0x000000008a300000, 0x000000008a300000| Untracked 
| 164|0x000000008a400000, 0x000000008a400000, 0x000000008a500000|  0%| F|  |TAMS 0x000000008a400000, 0x000000008a400000| Untracked 
| 165|0x000000008a500000, 0x000000008a500000, 0x000000008a600000|  0%| F|  |TAMS 0x000000008a500000, 0x000000008a500000| Untracked 
| 166|0x000000008a600000, 0x000000008a600000, 0x000000008a700000|  0%| F|  |TAMS 0x000000008a600000, 0x000000008a600000| Untracked 
| 167|0x000000008a700000, 0x000000008a700000, 0x000000008a800000|  0%| F|  |TAMS 0x000000008a700000, 0x000000008a700000| Untracked 
| 168|0x000000008a800000, 0x000000008a800000, 0x000000008a900000|  0%| F|  |TAMS 0x000000008a800000, 0x000000008a800000| Untracked 
| 169|0x000000008a900000, 0x000000008a900000, 0x000000008aa00000|  0%| F|  |TAMS 0x000000008a900000, 0x000000008a900000| Untracked 
| 170|0x000000008aa00000, 0x000000008aa00000, 0x000000008ab00000|  0%| F|  |TAMS 0x000000008aa00000, 0x000000008aa00000| Untracked 
| 171|0x000000008ab00000, 0x000000008ab00000, 0x000000008ac00000|  0%| F|  |TAMS 0x000000008ab00000, 0x000000008ab00000| Untracked 
| 172|0x000000008ac00000, 0x000000008ac00000, 0x000000008ad00000|  0%| F|  |TAMS 0x000000008ac00000, 0x000000008ac00000| Untracked 
| 173|0x000000008ad00000, 0x000000008ad00000, 0x000000008ae00000|  0%| F|  |TAMS 0x000000008ad00000, 0x000000008ad00000| Untracked 
| 174|0x000000008ae00000, 0x000000008ae00000, 0x000000008af00000|  0%| F|  |TAMS 0x000000008ae00000, 0x000000008ae00000| Untracked 
| 175|0x000000008af00000, 0x000000008af00000, 0x000000008b000000|  0%| F|  |TAMS 0x000000008af00000, 0x000000008af00000| Untracked 
| 176|0x000000008b000000, 0x000000008b000000, 0x000000008b100000|  0%| F|  |TAMS 0x000000008b000000, 0x000000008b000000| Untracked 
| 177|0x000000008b100000, 0x000000008b100000, 0x000000008b200000|  0%| F|  |TAMS 0x000000008b100000, 0x000000008b100000| Untracked 
| 178|0x000000008b200000, 0x000000008b200000, 0x000000008b300000|  0%| F|  |TAMS 0x000000008b200000, 0x000000008b200000| Untracked 
| 179|0x000000008b300000, 0x000000008b300000, 0x000000008b400000|  0%| F|  |TAMS 0x000000008b300000, 0x000000008b300000| Untracked 
| 180|0x000000008b400000, 0x000000008b400000, 0x000000008b500000|  0%| F|  |TAMS 0x000000008b400000, 0x000000008b400000| Untracked 
| 181|0x000000008b500000, 0x000000008b500000, 0x000000008b600000|  0%| F|  |TAMS 0x000000008b500000, 0x000000008b500000| Untracked 
| 182|0x000000008b600000, 0x000000008b600000, 0x000000008b700000|  0%| F|  |TAMS 0x000000008b600000, 0x000000008b600000| Untracked 
| 183|0x000000008b700000, 0x000000008b700000, 0x000000008b800000|  0%| F|  |TAMS 0x000000008b700000, 0x000000008b700000| Untracked 
| 184|0x000000008b800000, 0x000000008b800000, 0x000000008b900000|  0%| F|  |TAMS 0x000000008b800000, 0x000000008b800000| Untracked 
| 185|0x000000008b900000, 0x000000008b900000, 0x000000008ba00000|  0%| F|  |TAMS 0x000000008b900000, 0x000000008b900000| Untracked 
| 186|0x000000008ba00000, 0x000000008ba00000, 0x000000008bb00000|  0%| F|  |TAMS 0x000000008ba00000, 0x000000008ba00000| Untracked 
| 187|0x000000008bb00000, 0x000000008bb00000, 0x000000008bc00000|  0%| F|  |TAMS 0x000000008bb00000, 0x000000008bb00000| Untracked 
| 188|0x000000008bc00000, 0x000000008bc00000, 0x000000008bd00000|  0%| F|  |TAMS 0x000000008bc00000, 0x000000008bc00000| Untracked 
| 189|0x000000008bd00000, 0x000000008bd00000, 0x000000008be00000|  0%| F|  |TAMS 0x000000008bd00000, 0x000000008bd00000| Untracked 
| 190|0x000000008be00000, 0x000000008be00000, 0x000000008bf00000|  0%| F|  |TAMS 0x000000008be00000, 0x000000008be00000| Untracked 
| 191|0x000000008bf00000, 0x000000008bf00000, 0x000000008c000000|  0%| F|  |TAMS 0x000000008bf00000, 0x000000008bf00000| Untracked 
| 192|0x000000008c000000, 0x000000008c000000, 0x000000008c100000|  0%| F|  |TAMS 0x000000008c000000, 0x000000008c000000| Untracked 
| 193|0x000000008c100000, 0x000000008c100000, 0x000000008c200000|  0%| F|  |TAMS 0x000000008c100000, 0x000000008c100000| Untracked 
| 194|0x000000008c200000, 0x000000008c200000, 0x000000008c300000|  0%| F|  |TAMS 0x000000008c200000, 0x000000008c200000| Untracked 
| 195|0x000000008c300000, 0x000000008c300000, 0x000000008c400000|  0%| F|  |TAMS 0x000000008c300000, 0x000000008c300000| Untracked 
| 196|0x000000008c400000, 0x000000008c400000, 0x000000008c500000|  0%| F|  |TAMS 0x000000008c400000, 0x000000008c400000| Untracked 
| 197|0x000000008c500000, 0x000000008c500000, 0x000000008c600000|  0%| F|  |TAMS 0x000000008c500000, 0x000000008c500000| Untracked 
| 198|0x000000008c600000, 0x000000008c600000, 0x000000008c700000|  0%| F|  |TAMS 0x000000008c600000, 0x000000008c600000| Untracked 
| 199|0x000000008c700000, 0x000000008c700000, 0x000000008c800000|  0%| F|  |TAMS 0x000000008c700000, 0x000000008c700000| Untracked 
| 200|0x000000008c800000, 0x000000008c800000, 0x000000008c900000|  0%| F|  |TAMS 0x000000008c800000, 0x000000008c800000| Untracked 
| 201|0x000000008c900000, 0x000000008c900000, 0x000000008ca00000|  0%| F|  |TAMS 0x000000008c900000, 0x000000008c900000| Untracked 
| 202|0x000000008ca00000, 0x000000008ca00000, 0x000000008cb00000|  0%| F|  |TAMS 0x000000008ca00000, 0x000000008ca00000| Untracked 
| 203|0x000000008cb00000, 0x000000008cb00000, 0x000000008cc00000|  0%| F|  |TAMS 0x000000008cb00000, 0x000000008cb00000| Untracked 
| 204|0x000000008cc00000, 0x000000008cc00000, 0x000000008cd00000|  0%| F|  |TAMS 0x000000008cc00000, 0x000000008cc00000| Untracked 
| 205|0x000000008cd00000, 0x000000008cd00000, 0x000000008ce00000|  0%| F|  |TAMS 0x000000008cd00000, 0x000000008cd00000| Untracked 
| 206|0x000000008ce00000, 0x000000008ce00000, 0x000000008cf00000|  0%| F|  |TAMS 0x000000008ce00000, 0x000000008ce00000| Untracked 
| 207|0x000000008cf00000, 0x000000008cf00000, 0x000000008d000000|  0%| F|  |TAMS 0x000000008cf00000, 0x000000008cf00000| Untracked 
| 208|0x000000008d000000, 0x000000008d000000, 0x000000008d100000|  0%| F|  |TAMS 0x000000008d000000, 0x000000008d000000| Untracked 
| 209|0x000000008d100000, 0x000000008d100000, 0x000000008d200000|  0%| F|  |TAMS 0x000000008d100000, 0x000000008d100000| Untracked 
| 210|0x000000008d200000, 0x000000008d200000, 0x000000008d300000|  0%| F|  |TAMS 0x000000008d200000, 0x000000008d200000| Untracked 
| 211|0x000000008d300000, 0x000000008d300000, 0x000000008d400000|  0%| F|  |TAMS 0x000000008d300000, 0x000000008d300000| Untracked 
| 212|0x000000008d400000, 0x000000008d400000, 0x000000008d500000|  0%| F|  |TAMS 0x000000008d400000, 0x000000008d400000| Untracked 
| 213|0x000000008d500000, 0x000000008d500000, 0x000000008d600000|  0%| F|  |TAMS 0x000000008d500000, 0x000000008d500000| Untracked 
| 214|0x000000008d600000, 0x000000008d600000, 0x000000008d700000|  0%| F|  |TAMS 0x000000008d600000, 0x000000008d600000| Untracked 
| 215|0x000000008d700000, 0x000000008d700000, 0x000000008d800000|  0%| F|  |TAMS 0x000000008d700000, 0x000000008d700000| Untracked 
| 216|0x000000008d800000, 0x000000008d800000, 0x000000008d900000|  0%| F|  |TAMS 0x000000008d800000, 0x000000008d800000| Untracked 
| 217|0x000000008d900000, 0x000000008d900000, 0x000000008da00000|  0%| F|  |TAMS 0x000000008d900000, 0x000000008d900000| Untracked 
| 218|0x000000008da00000, 0x000000008da00000, 0x000000008db00000|  0%| F|  |TAMS 0x000000008da00000, 0x000000008da00000| Untracked 
| 219|0x000000008db00000, 0x000000008db00000, 0x000000008dc00000|  0%| F|  |TAMS 0x000000008db00000, 0x000000008db00000| Untracked 
| 220|0x000000008dc00000, 0x000000008dc00000, 0x000000008dd00000|  0%| F|  |TAMS 0x000000008dc00000, 0x000000008dc00000| Untracked 
| 221|0x000000008dd00000, 0x000000008dd00000, 0x000000008de00000|  0%| F|  |TAMS 0x000000008dd00000, 0x000000008dd00000| Untracked 
| 222|0x000000008de00000, 0x000000008de00000, 0x000000008df00000|  0%| F|  |TAMS 0x000000008de00000, 0x000000008de00000| Untracked 
| 223|0x000000008df00000, 0x000000008df00000, 0x000000008e000000|  0%| F|  |TAMS 0x000000008df00000, 0x000000008df00000| Untracked 
| 224|0x000000008e000000, 0x000000008e000000, 0x000000008e100000|  0%| F|  |TAMS 0x000000008e000000, 0x000000008e000000| Untracked 
| 225|0x000000008e100000, 0x000000008e100000, 0x000000008e200000|  0%| F|  |TAMS 0x000000008e100000, 0x000000008e100000| Untracked 
| 226|0x000000008e200000, 0x000000008e200000, 0x000000008e300000|  0%| F|  |TAMS 0x000000008e200000, 0x000000008e200000| Untracked 
| 227|0x000000008e300000, 0x000000008e300000, 0x000000008e400000|  0%| F|  |TAMS 0x000000008e300000, 0x000000008e300000| Untracked 
| 228|0x000000008e400000, 0x000000008e400000, 0x000000008e500000|  0%| F|  |TAMS 0x000000008e400000, 0x000000008e400000| Untracked 
| 229|0x000000008e500000, 0x000000008e500000, 0x000000008e600000|  0%| F|  |TAMS 0x000000008e500000, 0x000000008e500000| Untracked 
| 230|0x000000008e600000, 0x000000008e600000, 0x000000008e700000|  0%| F|  |TAMS 0x000000008e600000, 0x000000008e600000| Untracked 
| 231|0x000000008e700000, 0x000000008e700000, 0x000000008e800000|  0%| F|  |TAMS 0x000000008e700000, 0x000000008e700000| Untracked 
| 232|0x000000008e800000, 0x000000008e800000, 0x000000008e900000|  0%| F|  |TAMS 0x000000008e800000, 0x000000008e800000| Untracked 
| 233|0x000000008e900000, 0x000000008e975d58, 0x000000008ea00000| 46%| S|CS|TAMS 0x000000008e900000, 0x000000008e900000| Complete 
| 234|0x000000008ea00000, 0x000000008eb00000, 0x000000008eb00000|100%| S|CS|TAMS 0x000000008ea00000, 0x000000008ea00000| Complete 
| 235|0x000000008eb00000, 0x000000008ec00000, 0x000000008ec00000|100%| S|CS|TAMS 0x000000008eb00000, 0x000000008eb00000| Complete 
| 236|0x000000008ec00000, 0x000000008ed00000, 0x000000008ed00000|100%| S|CS|TAMS 0x000000008ec00000, 0x000000008ec00000| Complete 
| 237|0x000000008ed00000, 0x000000008ee00000, 0x000000008ee00000|100%| S|CS|TAMS 0x000000008ed00000, 0x000000008ed00000| Complete 
| 238|0x000000008ee00000, 0x000000008ef00000, 0x000000008ef00000|100%| S|CS|TAMS 0x000000008ee00000, 0x000000008ee00000| Complete 
| 239|0x000000008ef00000, 0x000000008f000000, 0x000000008f000000|100%| S|CS|TAMS 0x000000008ef00000, 0x000000008ef00000| Complete 
| 240|0x000000008f000000, 0x000000008f100000, 0x000000008f100000|100%| S|CS|TAMS 0x000000008f000000, 0x000000008f000000| Complete 
| 241|0x000000008f100000, 0x000000008f200000, 0x000000008f200000|100%| S|CS|TAMS 0x000000008f100000, 0x000000008f100000| Complete 
| 242|0x000000008f200000, 0x000000008f300000, 0x000000008f300000|100%| S|CS|TAMS 0x000000008f200000, 0x000000008f200000| Complete 
| 243|0x000000008f300000, 0x000000008f300000, 0x000000008f400000|  0%| F|  |TAMS 0x000000008f300000, 0x000000008f300000| Untracked 
| 244|0x000000008f400000, 0x000000008f400000, 0x000000008f500000|  0%| F|  |TAMS 0x000000008f400000, 0x000000008f400000| Untracked 
| 245|0x000000008f500000, 0x000000008f500000, 0x000000008f600000|  0%| F|  |TAMS 0x000000008f500000, 0x000000008f500000| Untracked 
| 246|0x000000008f600000, 0x000000008f600000, 0x000000008f700000|  0%| F|  |TAMS 0x000000008f600000, 0x000000008f600000| Untracked 
| 247|0x000000008f700000, 0x000000008f700000, 0x000000008f800000|  0%| F|  |TAMS 0x000000008f700000, 0x000000008f700000| Untracked 
| 248|0x000000008f800000, 0x000000008f800000, 0x000000008f900000|  0%| F|  |TAMS 0x000000008f800000, 0x000000008f800000| Untracked 
| 249|0x000000008f900000, 0x000000008f900000, 0x000000008fa00000|  0%| F|  |TAMS 0x000000008f900000, 0x000000008f900000| Untracked 
| 250|0x000000008fa00000, 0x000000008fa00000, 0x000000008fb00000|  0%| F|  |TAMS 0x000000008fa00000, 0x000000008fa00000| Untracked 
| 251|0x000000008fb00000, 0x000000008fb00000, 0x000000008fc00000|  0%| F|  |TAMS 0x000000008fb00000, 0x000000008fb00000| Untracked 
| 252|0x000000008fc00000, 0x000000008fc00000, 0x000000008fd00000|  0%| F|  |TAMS 0x000000008fc00000, 0x000000008fc00000| Untracked 
| 253|0x000000008fd00000, 0x000000008fd00000, 0x000000008fe00000|  0%| F|  |TAMS 0x000000008fd00000, 0x000000008fd00000| Untracked 
| 254|0x000000008fe00000, 0x000000008fe00000, 0x000000008ff00000|  0%| F|  |TAMS 0x000000008fe00000, 0x000000008fe00000| Untracked 
| 255|0x000000008ff00000, 0x000000008ff00000, 0x0000000090000000|  0%| F|  |TAMS 0x000000008ff00000, 0x000000008ff00000| Untracked 
| 256|0x0000000090000000, 0x0000000090000000, 0x0000000090100000|  0%| F|  |TAMS 0x0000000090000000, 0x0000000090000000| Untracked 
| 257|0x0000000090100000, 0x0000000090100000, 0x0000000090200000|  0%| F|  |TAMS 0x0000000090100000, 0x0000000090100000| Untracked 
| 258|0x0000000090200000, 0x0000000090200000, 0x0000000090300000|  0%| F|  |TAMS 0x0000000090200000, 0x0000000090200000| Untracked 
| 259|0x0000000090300000, 0x0000000090300000, 0x0000000090400000|  0%| F|  |TAMS 0x0000000090300000, 0x0000000090300000| Untracked 
| 260|0x0000000090400000, 0x0000000090400000, 0x0000000090500000|  0%| F|  |TAMS 0x0000000090400000, 0x0000000090400000| Untracked 
| 261|0x0000000090500000, 0x0000000090500000, 0x0000000090600000|  0%| F|  |TAMS 0x0000000090500000, 0x0000000090500000| Untracked 
| 262|0x0000000090600000, 0x0000000090600000, 0x0000000090700000|  0%| F|  |TAMS 0x0000000090600000, 0x0000000090600000| Untracked 
| 263|0x0000000090700000, 0x0000000090700000, 0x0000000090800000|  0%| F|  |TAMS 0x0000000090700000, 0x0000000090700000| Untracked 
| 264|0x0000000090800000, 0x0000000090800000, 0x0000000090900000|  0%| F|  |TAMS 0x0000000090800000, 0x0000000090800000| Untracked 
| 265|0x0000000090900000, 0x0000000090900000, 0x0000000090a00000|  0%| F|  |TAMS 0x0000000090900000, 0x0000000090900000| Untracked 
| 266|0x0000000090a00000, 0x0000000090a00000, 0x0000000090b00000|  0%| F|  |TAMS 0x0000000090a00000, 0x0000000090a00000| Untracked 
| 267|0x0000000090b00000, 0x0000000090b00000, 0x0000000090c00000|  0%| F|  |TAMS 0x0000000090b00000, 0x0000000090b00000| Untracked 
| 268|0x0000000090c00000, 0x0000000090c00000, 0x0000000090d00000|  0%| F|  |TAMS 0x0000000090c00000, 0x0000000090c00000| Untracked 
| 269|0x0000000090d00000, 0x0000000090d00000, 0x0000000090e00000|  0%| F|  |TAMS 0x0000000090d00000, 0x0000000090d00000| Untracked 
| 270|0x0000000090e00000, 0x0000000090e00000, 0x0000000090f00000|  0%| F|  |TAMS 0x0000000090e00000, 0x0000000090e00000| Untracked 
| 271|0x0000000090f00000, 0x0000000090f00000, 0x0000000091000000|  0%| F|  |TAMS 0x0000000090f00000, 0x0000000090f00000| Untracked 
| 272|0x0000000091000000, 0x0000000091000000, 0x0000000091100000|  0%| F|  |TAMS 0x0000000091000000, 0x0000000091000000| Untracked 
| 273|0x0000000091100000, 0x0000000091100000, 0x0000000091200000|  0%| F|  |TAMS 0x0000000091100000, 0x0000000091100000| Untracked 
| 274|0x0000000091200000, 0x0000000091200000, 0x0000000091300000|  0%| F|  |TAMS 0x0000000091200000, 0x0000000091200000| Untracked 
| 275|0x0000000091300000, 0x0000000091300000, 0x0000000091400000|  0%| F|  |TAMS 0x0000000091300000, 0x0000000091300000| Untracked 
| 276|0x0000000091400000, 0x0000000091400000, 0x0000000091500000|  0%| F|  |TAMS 0x0000000091400000, 0x0000000091400000| Untracked 
| 277|0x0000000091500000, 0x0000000091500000, 0x0000000091600000|  0%| F|  |TAMS 0x0000000091500000, 0x0000000091500000| Untracked 
| 278|0x0000000091600000, 0x0000000091600000, 0x0000000091700000|  0%| F|  |TAMS 0x0000000091600000, 0x0000000091600000| Untracked 
| 279|0x0000000091700000, 0x0000000091700000, 0x0000000091800000|  0%| F|  |TAMS 0x0000000091700000, 0x0000000091700000| Untracked 
| 280|0x0000000091800000, 0x0000000091800000, 0x0000000091900000|  0%| F|  |TAMS 0x0000000091800000, 0x0000000091800000| Untracked 
| 281|0x0000000091900000, 0x0000000091900000, 0x0000000091a00000|  0%| F|  |TAMS 0x0000000091900000, 0x0000000091900000| Untracked 
| 282|0x0000000091a00000, 0x0000000091a00000, 0x0000000091b00000|  0%| F|  |TAMS 0x0000000091a00000, 0x0000000091a00000| Untracked 
| 283|0x0000000091b00000, 0x0000000091b00000, 0x0000000091c00000|  0%| F|  |TAMS 0x0000000091b00000, 0x0000000091b00000| Untracked 
| 284|0x0000000091c00000, 0x0000000091c00000, 0x0000000091d00000|  0%| F|  |TAMS 0x0000000091c00000, 0x0000000091c00000| Untracked 
| 285|0x0000000091d00000, 0x0000000091d00000, 0x0000000091e00000|  0%| F|  |TAMS 0x0000000091d00000, 0x0000000091d00000| Untracked 
| 286|0x0000000091e00000, 0x0000000091e00000, 0x0000000091f00000|  0%| F|  |TAMS 0x0000000091e00000, 0x0000000091e00000| Untracked 
| 287|0x0000000091f00000, 0x0000000091f00000, 0x0000000092000000|  0%| F|  |TAMS 0x0000000091f00000, 0x0000000091f00000| Untracked 
| 288|0x0000000092000000, 0x0000000092000000, 0x0000000092100000|  0%| F|  |TAMS 0x0000000092000000, 0x0000000092000000| Untracked 
| 289|0x0000000092100000, 0x0000000092100000, 0x0000000092200000|  0%| F|  |TAMS 0x0000000092100000, 0x0000000092100000| Untracked 
| 290|0x0000000092200000, 0x0000000092200000, 0x0000000092300000|  0%| F|  |TAMS 0x0000000092200000, 0x0000000092200000| Untracked 
| 291|0x0000000092300000, 0x0000000092300000, 0x0000000092400000|  0%| F|  |TAMS 0x0000000092300000, 0x0000000092300000| Untracked 
| 292|0x0000000092400000, 0x0000000092400000, 0x0000000092500000|  0%| F|  |TAMS 0x0000000092400000, 0x0000000092400000| Untracked 
| 293|0x0000000092500000, 0x0000000092500000, 0x0000000092600000|  0%| F|  |TAMS 0x0000000092500000, 0x0000000092500000| Untracked 
| 294|0x0000000092600000, 0x0000000092600000, 0x0000000092700000|  0%| F|  |TAMS 0x0000000092600000, 0x0000000092600000| Untracked 
| 295|0x0000000092700000, 0x0000000092700000, 0x0000000092800000|  0%| F|  |TAMS 0x0000000092700000, 0x0000000092700000| Untracked 
| 296|0x0000000092800000, 0x0000000092800000, 0x0000000092900000|  0%| F|  |TAMS 0x0000000092800000, 0x0000000092800000| Untracked 
| 297|0x0000000092900000, 0x0000000092900000, 0x0000000092a00000|  0%| F|  |TAMS 0x0000000092900000, 0x0000000092900000| Untracked 
| 298|0x0000000092a00000, 0x0000000092a00000, 0x0000000092b00000|  0%| F|  |TAMS 0x0000000092a00000, 0x0000000092a00000| Untracked 
| 299|0x0000000092b00000, 0x0000000092b00000, 0x0000000092c00000|  0%| F|  |TAMS 0x0000000092b00000, 0x0000000092b00000| Untracked 
| 300|0x0000000092c00000, 0x0000000092c00000, 0x0000000092d00000|  0%| F|  |TAMS 0x0000000092c00000, 0x0000000092c00000| Untracked 
| 301|0x0000000092d00000, 0x0000000092d00000, 0x0000000092e00000|  0%| F|  |TAMS 0x0000000092d00000, 0x0000000092d00000| Untracked 
| 302|0x0000000092e00000, 0x0000000092e00000, 0x0000000092f00000|  0%| F|  |TAMS 0x0000000092e00000, 0x0000000092e00000| Untracked 
| 303|0x0000000092f00000, 0x0000000092f00000, 0x0000000093000000|  0%| F|  |TAMS 0x0000000092f00000, 0x0000000092f00000| Untracked 
| 304|0x0000000093000000, 0x0000000093000000, 0x0000000093100000|  0%| F|  |TAMS 0x0000000093000000, 0x0000000093000000| Untracked 
| 305|0x0000000093100000, 0x0000000093100000, 0x0000000093200000|  0%| F|  |TAMS 0x0000000093100000, 0x0000000093100000| Untracked 
| 306|0x0000000093200000, 0x0000000093200000, 0x0000000093300000|  0%| F|  |TAMS 0x0000000093200000, 0x0000000093200000| Untracked 
| 307|0x0000000093300000, 0x0000000093300000, 0x0000000093400000|  0%| F|  |TAMS 0x0000000093300000, 0x0000000093300000| Untracked 
| 308|0x0000000093400000, 0x0000000093400000, 0x0000000093500000|  0%| F|  |TAMS 0x0000000093400000, 0x0000000093400000| Untracked 
| 309|0x0000000093500000, 0x0000000093500000, 0x0000000093600000|  0%| F|  |TAMS 0x0000000093500000, 0x0000000093500000| Untracked 
| 310|0x0000000093600000, 0x0000000093600000, 0x0000000093700000|  0%| F|  |TAMS 0x0000000093600000, 0x0000000093600000| Untracked 
| 311|0x0000000093700000, 0x0000000093700000, 0x0000000093800000|  0%| F|  |TAMS 0x0000000093700000, 0x0000000093700000| Untracked 
| 312|0x0000000093800000, 0x0000000093800000, 0x0000000093900000|  0%| F|  |TAMS 0x0000000093800000, 0x0000000093800000| Untracked 
| 313|0x0000000093900000, 0x0000000093900000, 0x0000000093a00000|  0%| F|  |TAMS 0x0000000093900000, 0x0000000093900000| Untracked 
| 314|0x0000000093a00000, 0x0000000093a00000, 0x0000000093b00000|  0%| F|  |TAMS 0x0000000093a00000, 0x0000000093a00000| Untracked 
| 315|0x0000000093b00000, 0x0000000093b00000, 0x0000000093c00000|  0%| F|  |TAMS 0x0000000093b00000, 0x0000000093b00000| Untracked 
| 316|0x0000000093c00000, 0x0000000093c00000, 0x0000000093d00000|  0%| F|  |TAMS 0x0000000093c00000, 0x0000000093c00000| Untracked 
| 317|0x0000000093d00000, 0x0000000093d00000, 0x0000000093e00000|  0%| F|  |TAMS 0x0000000093d00000, 0x0000000093d00000| Untracked 
| 318|0x0000000093e00000, 0x0000000093e00000, 0x0000000093f00000|  0%| F|  |TAMS 0x0000000093e00000, 0x0000000093e00000| Untracked 
| 319|0x0000000093f00000, 0x0000000093f00000, 0x0000000094000000|  0%| F|  |TAMS 0x0000000093f00000, 0x0000000093f00000| Untracked 
| 320|0x0000000094000000, 0x0000000094000000, 0x0000000094100000|  0%| F|  |TAMS 0x0000000094000000, 0x0000000094000000| Untracked 
| 321|0x0000000094100000, 0x0000000094100000, 0x0000000094200000|  0%| F|  |TAMS 0x0000000094100000, 0x0000000094100000| Untracked 
| 322|0x0000000094200000, 0x0000000094200000, 0x0000000094300000|  0%| F|  |TAMS 0x0000000094200000, 0x0000000094200000| Untracked 
| 323|0x0000000094300000, 0x0000000094300000, 0x0000000094400000|  0%| F|  |TAMS 0x0000000094300000, 0x0000000094300000| Untracked 
| 324|0x0000000094400000, 0x0000000094400000, 0x0000000094500000|  0%| F|  |TAMS 0x0000000094400000, 0x0000000094400000| Untracked 
| 325|0x0000000094500000, 0x0000000094500000, 0x0000000094600000|  0%| F|  |TAMS 0x0000000094500000, 0x0000000094500000| Untracked 
| 326|0x0000000094600000, 0x0000000094600000, 0x0000000094700000|  0%| F|  |TAMS 0x0000000094600000, 0x0000000094600000| Untracked 
| 327|0x0000000094700000, 0x0000000094700000, 0x0000000094800000|  0%| F|  |TAMS 0x0000000094700000, 0x0000000094700000| Untracked 
| 328|0x0000000094800000, 0x0000000094800000, 0x0000000094900000|  0%| F|  |TAMS 0x0000000094800000, 0x0000000094800000| Untracked 
| 329|0x0000000094900000, 0x0000000094900000, 0x0000000094a00000|  0%| F|  |TAMS 0x0000000094900000, 0x0000000094900000| Untracked 
| 330|0x0000000094a00000, 0x0000000094a00000, 0x0000000094b00000|  0%| F|  |TAMS 0x0000000094a00000, 0x0000000094a00000| Untracked 
| 331|0x0000000094b00000, 0x0000000094b00000, 0x0000000094c00000|  0%| F|  |TAMS 0x0000000094b00000, 0x0000000094b00000| Untracked 
| 332|0x0000000094c00000, 0x0000000094c00000, 0x0000000094d00000|  0%| F|  |TAMS 0x0000000094c00000, 0x0000000094c00000| Untracked 
| 333|0x0000000094d00000, 0x0000000094d00000, 0x0000000094e00000|  0%| F|  |TAMS 0x0000000094d00000, 0x0000000094d00000| Untracked 
| 334|0x0000000094e00000, 0x0000000094e00000, 0x0000000094f00000|  0%| F|  |TAMS 0x0000000094e00000, 0x0000000094e00000| Untracked 
| 335|0x0000000094f00000, 0x0000000094f00000, 0x0000000095000000|  0%| F|  |TAMS 0x0000000094f00000, 0x0000000094f00000| Untracked 
| 336|0x0000000095000000, 0x0000000095000000, 0x0000000095100000|  0%| F|  |TAMS 0x0000000095000000, 0x0000000095000000| Untracked 
| 337|0x0000000095100000, 0x0000000095100000, 0x0000000095200000|  0%| F|  |TAMS 0x0000000095100000, 0x0000000095100000| Untracked 
| 338|0x0000000095200000, 0x0000000095200000, 0x0000000095300000|  0%| F|  |TAMS 0x0000000095200000, 0x0000000095200000| Untracked 
| 339|0x0000000095300000, 0x0000000095300000, 0x0000000095400000|  0%| F|  |TAMS 0x0000000095300000, 0x0000000095300000| Untracked 
| 340|0x0000000095400000, 0x0000000095400000, 0x0000000095500000|  0%| F|  |TAMS 0x0000000095400000, 0x0000000095400000| Untracked 
| 341|0x0000000095500000, 0x0000000095500000, 0x0000000095600000|  0%| F|  |TAMS 0x0000000095500000, 0x0000000095500000| Untracked 
| 342|0x0000000095600000, 0x0000000095600000, 0x0000000095700000|  0%| F|  |TAMS 0x0000000095600000, 0x0000000095600000| Untracked 
| 343|0x0000000095700000, 0x0000000095700000, 0x0000000095800000|  0%| F|  |TAMS 0x0000000095700000, 0x0000000095700000| Untracked 
| 344|0x0000000095800000, 0x0000000095800000, 0x0000000095900000|  0%| F|  |TAMS 0x0000000095800000, 0x0000000095800000| Untracked 
| 345|0x0000000095900000, 0x0000000095900000, 0x0000000095a00000|  0%| F|  |TAMS 0x0000000095900000, 0x0000000095900000| Untracked 
| 346|0x0000000095a00000, 0x0000000095a00000, 0x0000000095b00000|  0%| F|  |TAMS 0x0000000095a00000, 0x0000000095a00000| Untracked 
| 347|0x0000000095b00000, 0x0000000095b00000, 0x0000000095c00000|  0%| F|  |TAMS 0x0000000095b00000, 0x0000000095b00000| Untracked 
| 348|0x0000000095c00000, 0x0000000095c00000, 0x0000000095d00000|  0%| F|  |TAMS 0x0000000095c00000, 0x0000000095c00000| Untracked 
| 349|0x0000000095d00000, 0x0000000095d00000, 0x0000000095e00000|  0%| F|  |TAMS 0x0000000095d00000, 0x0000000095d00000| Untracked 
| 350|0x0000000095e00000, 0x0000000095e00000, 0x0000000095f00000|  0%| F|  |TAMS 0x0000000095e00000, 0x0000000095e00000| Untracked 
| 351|0x0000000095f00000, 0x0000000095f00000, 0x0000000096000000|  0%| F|  |TAMS 0x0000000095f00000, 0x0000000095f00000| Untracked 
| 352|0x0000000096000000, 0x0000000096000000, 0x0000000096100000|  0%| F|  |TAMS 0x0000000096000000, 0x0000000096000000| Untracked 
| 353|0x0000000096100000, 0x0000000096100000, 0x0000000096200000|  0%| F|  |TAMS 0x0000000096100000, 0x0000000096100000| Untracked 
| 354|0x0000000096200000, 0x0000000096280698, 0x0000000096300000| 50%| E|  |TAMS 0x0000000096200000, 0x0000000096200000| Complete 
| 355|0x0000000096300000, 0x0000000096400000, 0x0000000096400000|100%| E|CS|TAMS 0x0000000096300000, 0x0000000096300000| Complete 
| 356|0x0000000096400000, 0x0000000096500000, 0x0000000096500000|100%| E|CS|TAMS 0x0000000096400000, 0x0000000096400000| Complete 
| 357|0x0000000096500000, 0x0000000096600000, 0x0000000096600000|100%| E|CS|TAMS 0x0000000096500000, 0x0000000096500000| Complete 
| 358|0x0000000096600000, 0x0000000096700000, 0x0000000096700000|100%| E|CS|TAMS 0x0000000096600000, 0x0000000096600000| Complete 
| 359|0x0000000096700000, 0x0000000096800000, 0x0000000096800000|100%| E|CS|TAMS 0x0000000096700000, 0x0000000096700000| Complete 
| 360|0x0000000096800000, 0x0000000096900000, 0x0000000096900000|100%| E|CS|TAMS 0x0000000096800000, 0x0000000096800000| Complete 
| 361|0x0000000096900000, 0x0000000096a00000, 0x0000000096a00000|100%| E|CS|TAMS 0x0000000096900000, 0x0000000096900000| Complete 
| 362|0x0000000096a00000, 0x0000000096b00000, 0x0000000096b00000|100%| E|CS|TAMS 0x0000000096a00000, 0x0000000096a00000| Complete 
| 363|0x0000000096b00000, 0x0000000096c00000, 0x0000000096c00000|100%| E|CS|TAMS 0x0000000096b00000, 0x0000000096b00000| Complete 
| 364|0x0000000096c00000, 0x0000000096d00000, 0x0000000096d00000|100%| E|CS|TAMS 0x0000000096c00000, 0x0000000096c00000| Complete 
| 365|0x0000000096d00000, 0x0000000096e00000, 0x0000000096e00000|100%| E|CS|TAMS 0x0000000096d00000, 0x0000000096d00000| Complete 
| 366|0x0000000096e00000, 0x0000000096f00000, 0x0000000096f00000|100%| E|CS|TAMS 0x0000000096e00000, 0x0000000096e00000| Complete 
| 367|0x0000000096f00000, 0x0000000097000000, 0x0000000097000000|100%| E|CS|TAMS 0x0000000096f00000, 0x0000000096f00000| Complete 
| 368|0x0000000097000000, 0x0000000097100000, 0x0000000097100000|100%| E|CS|TAMS 0x0000000097000000, 0x0000000097000000| Complete 
| 369|0x0000000097100000, 0x0000000097200000, 0x0000000097200000|100%| E|CS|TAMS 0x0000000097100000, 0x0000000097100000| Complete 
| 370|0x0000000097200000, 0x0000000097300000, 0x0000000097300000|100%| E|CS|TAMS 0x0000000097200000, 0x0000000097200000| Complete 
| 371|0x0000000097300000, 0x0000000097400000, 0x0000000097400000|100%| E|CS|TAMS 0x0000000097300000, 0x0000000097300000| Complete 
| 372|0x0000000097400000, 0x0000000097500000, 0x0000000097500000|100%| E|CS|TAMS 0x0000000097400000, 0x0000000097400000| Complete 
| 373|0x0000000097500000, 0x0000000097600000, 0x0000000097600000|100%| E|CS|TAMS 0x0000000097500000, 0x0000000097500000| Complete 
| 374|0x0000000097600000, 0x0000000097700000, 0x0000000097700000|100%| E|CS|TAMS 0x0000000097600000, 0x0000000097600000| Complete 
| 375|0x0000000097700000, 0x0000000097800000, 0x0000000097800000|100%| E|CS|TAMS 0x0000000097700000, 0x0000000097700000| Complete 
| 376|0x0000000097800000, 0x0000000097900000, 0x0000000097900000|100%| E|CS|TAMS 0x0000000097800000, 0x0000000097800000| Complete 
| 377|0x0000000097900000, 0x0000000097a00000, 0x0000000097a00000|100%| E|CS|TAMS 0x0000000097900000, 0x0000000097900000| Complete 
| 378|0x0000000097a00000, 0x0000000097b00000, 0x0000000097b00000|100%| E|CS|TAMS 0x0000000097a00000, 0x0000000097a00000| Complete 
| 379|0x0000000097b00000, 0x0000000097c00000, 0x0000000097c00000|100%| E|CS|TAMS 0x0000000097b00000, 0x0000000097b00000| Complete 
| 380|0x0000000097c00000, 0x0000000097d00000, 0x0000000097d00000|100%| E|CS|TAMS 0x0000000097c00000, 0x0000000097c00000| Complete 
| 381|0x0000000097d00000, 0x0000000097e00000, 0x0000000097e00000|100%| E|CS|TAMS 0x0000000097d00000, 0x0000000097d00000| Complete 

Card table byte_map: [0x000001b6552d0000,0x000001b6556d0000] _byte_map_base: 0x000001b654ed0000

Marking Bits (Prev, Next): (CMBitMap*) 0x000001b6420cde48, (CMBitMap*) 0x000001b6420cde80
 Prev Bits: [0x000001b655ad0000, 0x000001b657ad0000)
 Next Bits: [0x000001b657ad0000, 0x000001b659ad0000)

Polling page: 0x000001b640050000

Metaspace:

Usage:
  Non-class:     38.26 MB capacity,    37.56 MB ( 98%) used,   608.92 KB (  2%) free+waste,   110.88 KB ( <1%) overhead. 
      Class:      5.84 MB capacity,     5.45 MB ( 93%) used,   350.17 KB (  6%) free+waste,    53.31 KB ( <1%) overhead. 
       Both:     44.10 MB capacity,    43.01 MB ( 98%) used,   959.09 KB (  2%) free+waste,   164.19 KB ( <1%) overhead. 

Virtual space:
  Non-class space:       40.00 MB reserved,      38.42 MB ( 96%) committed 
      Class space:        1.00 GB reserved,       5.88 MB ( <1%) committed 
             Both:        1.04 GB reserved,      44.30 MB (  4%) committed 

Chunk freelists:
   Non-Class:  38.00 KB
       Class:  1.00 KB
        Both:  39.00 KB

MaxMetaspaceSize: 17179869184.00 GB
CompressedClassSpaceSize: 1.00 GB
Initial GC threshold: 20.80 MB
Current GC threshold: 58.41 MB
CDS: off

CodeHeap 'non-profiled nmethods': size=120000Kb used=2048Kb max_used=2048Kb free=117951Kb
 bounds [0x000001b64d670000, 0x000001b64d8e0000, 0x000001b654ba0000]
CodeHeap 'profiled nmethods': size=120000Kb used=8962Kb max_used=8962Kb free=111037Kb
 bounds [0x000001b646140000, 0x000001b646a10000, 0x000001b64d670000]
CodeHeap 'non-nmethods': size=5760Kb used=2282Kb max_used=2318Kb free=3478Kb
 bounds [0x000001b645ba0000, 0x000001b645e10000, 0x000001b646140000]
 total_blobs=4915 nmethods=4136 adapters=690
 compilation: enabled
              stopped_count=0, restarted_count=0
 full_count=0

Compilation events (20 events):
Event: 7.366 Thread 0x000001b65ce71000 nmethod 4189 0x000001b6469fc410 code [0x000001b6469fc640, 0x000001b6469fcd58]
Event: 7.371 Thread 0x000001b65ce71000 4190       2       org.gradle.internal.classpath.InstrumentingBackwardsCompatibilityVisitor::fixHandleForBackwardsCompatibility (38 bytes)
Event: 7.371 Thread 0x000001b65ce71000 nmethod 4190 0x000001b6469fd210 code [0x000001b6469fd3e0, 0x000001b6469fd698]
Event: 7.371 Thread 0x000001b65ce71000 4191       2       org.gradle.internal.classpath.InstrumentingTransformer$InstrumentingMethodVisitor::visitInvokeDynamicInsn (135 bytes)
Event: 7.373 Thread 0x000001b65ce71000 nmethod 4191 0x000001b6469fd790 code [0x000001b6469fda40, 0x000001b6469fe348]
Event: 7.373 Thread 0x000001b65ce71000 4192       2       org.gradle.internal.classpath.InstrumentingTransformer$InstrumentingMethodVisitor::isGradleLambdaDescriptor (26 bytes)
Event: 7.373 Thread 0x000001b65ce71000 nmethod 4192 0x000001b6469fea10 code [0x000001b6469febe0, 0x000001b6469fedb8]
Event: 7.383 Thread 0x000001b65ce71000 4193       2       org.objectweb.asm.MethodVisitor::visitTryCatchBlock (20 bytes)
Event: 7.383 Thread 0x000001b65ce71000 nmethod 4193 0x000001b6469fef90 code [0x000001b6469ff140, 0x000001b6469ff268]
Event: 7.384 Thread 0x000001b65ce71000 4194       2       org.objectweb.asm.Type::hashCode (68 bytes)
Event: 7.384 Thread 0x000001b65ce71000 nmethod 4194 0x000001b6469ff310 code [0x000001b6469ff4e0, 0x000001b6469ff818]
Event: 7.393 Thread 0x000001b65ce71000 4196       2       org.objectweb.asm.MethodVisitor::visitVarInsn (17 bytes)
Event: 7.393 Thread 0x000001b65ce71000 nmethod 4196 0x000001b6469ffa90 code [0x000001b6469ffc40, 0x000001b6469ffd68]
Event: 7.408 Thread 0x000001b65ce71000 4198       2       org.objectweb.asm.Handle::hashCode (43 bytes)
Event: 7.409 Thread 0x000001b65ce71000 nmethod 4198 0x000001b6469ffe10 code [0x000001b6469fffe0, 0x000001b646a00188]
Event: 7.436 Thread 0x000001b65ce71000 4201       2       org.objectweb.asm.MethodVisitor::visitTableSwitchInsn (20 bytes)
Event: 7.436 Thread 0x000001b65ce71000 nmethod 4201 0x000001b646a00310 code [0x000001b646a004c0, 0x000001b646a005e8]
Event: 7.446 Thread 0x000001b65ce71000 4203       2       org.objectweb.asm.SymbolTable$Entry::<init> (17 bytes)
Event: 7.447 Thread 0x000001b65ce71000 nmethod 4203 0x000001b646a00690 code [0x000001b646a00840, 0x000001b646a00988]
Event: 7.447 Thread 0x000001b65ce71000 4204       2       org.objectweb.asm.SymbolTable::addConstantUtf8 (98 bytes)

GC Heap History (12 events):
Event: 0.913 GC heap before
{Heap before GC invocations=0 (full 0):
 garbage-first heap   total 391168K, used 29696K [0x0000000080000000, 0x0000000100000000)
  region size 1024K, 24 young (24576K), 0 survivors (0K)
 Metaspace       used 10147K, capacity 10330K, committed 10624K, reserved 1058816K
  class space    used 1044K, capacity 1107K, committed 1152K, reserved 1048576K
}
Event: 0.917 GC heap after
{Heap after GC invocations=1 (full 0):
 garbage-first heap   total 391168K, used 9182K [0x0000000080000000, 0x0000000100000000)
  region size 1024K, 3 young (3072K), 3 survivors (3072K)
 Metaspace       used 10147K, capacity 10330K, committed 10624K, reserved 1058816K
  class space    used 1044K, capacity 1107K, committed 1152K, reserved 1048576K
}
Event: 2.730 GC heap before
{Heap before GC invocations=1 (full 0):
 garbage-first heap   total 391168K, used 83934K [0x0000000080000000, 0x0000000100000000)
  region size 1024K, 75 young (76800K), 3 survivors (3072K)
 Metaspace       used 17792K, capacity 18151K, committed 18432K, reserved 1064960K
  class space    used 2058K, capacity 2195K, committed 2304K, reserved 1048576K
}
Event: 2.736 GC heap after
{Heap after GC invocations=2 (full 0):
 garbage-first heap   total 391168K, used 16084K [0x0000000080000000, 0x0000000100000000)
  region size 1024K, 10 young (10240K), 10 survivors (10240K)
 Metaspace       used 17792K, capacity 18151K, committed 18432K, reserved 1064960K
  class space    used 2058K, capacity 2195K, committed 2304K, reserved 1048576K
}
Event: 3.125 GC heap before
{Heap before GC invocations=2 (full 0):
 garbage-first heap   total 391168K, used 43732K [0x0000000080000000, 0x0000000100000000)
  region size 1024K, 39 young (39936K), 10 survivors (10240K)
 Metaspace       used 20706K, capacity 21155K, committed 21296K, reserved 1069056K
  class space    used 2513K, capacity 2664K, committed 2688K, reserved 1048576K
}
Event: 3.134 GC heap after
{Heap after GC invocations=3 (full 0):
 garbage-first heap   total 391168K, used 17322K [0x0000000080000000, 0x0000000100000000)
  region size 1024K, 2 young (2048K), 2 survivors (2048K)
 Metaspace       used 20706K, capacity 21155K, committed 21296K, reserved 1069056K
  class space    used 2513K, capacity 2664K, committed 2688K, reserved 1048576K
}
Event: 5.008 GC heap before
{Heap before GC invocations=4 (full 0):
 garbage-first heap   total 391168K, used 116650K [0x0000000080000000, 0x0000000100000000)
  region size 1024K, 82 young (83968K), 2 survivors (2048K)
 Metaspace       used 28426K, capacity 29247K, committed 29360K, reserved 1075200K
  class space    used 3716K, capacity 4004K, committed 4096K, reserved 1048576K
}
Event: 5.013 GC heap after
{Heap after GC invocations=5 (full 0):
 garbage-first heap   total 391168K, used 43250K [0x0000000080000000, 0x0000000100000000)
  region size 1024K, 9 young (9216K), 9 survivors (9216K)
 Metaspace       used 28426K, capacity 29247K, committed 29360K, reserved 1075200K
  class space    used 3716K, capacity 4004K, committed 4096K, reserved 1048576K
}
Event: 5.895 GC heap before
{Heap before GC invocations=5 (full 0):
 garbage-first heap   total 391168K, used 101618K [0x0000000080000000, 0x0000000100000000)
  region size 1024K, 67 young (68608K), 9 survivors (9216K)
 Metaspace       used 34614K, capacity 35568K, committed 35632K, reserved 1079296K
  class space    used 4599K, capacity 4962K, committed 4992K, reserved 1048576K
}
Event: 5.904 GC heap after
{Heap after GC invocations=6 (full 0):
 garbage-first heap   total 391168K, used 45482K [0x0000000080000000, 0x0000000100000000)
  region size 1024K, 11 young (11264K), 11 survivors (11264K)
 Metaspace       used 34614K, capacity 35568K, committed 35632K, reserved 1079296K
  class space    used 4599K, capacity 4962K, committed 4992K, reserved 1048576K
}
Event: 7.351 GC heap before
{Heap before GC invocations=7 (full 0):
 garbage-first heap   total 391168K, used 188842K [0x0000000080000000, 0x0000000100000000)
  region size 1024K, 139 young (142336K), 11 survivors (11264K)
 Metaspace       used 44031K, capacity 45161K, committed 45360K, reserved 1089536K
  class space    used 5579K, capacity 5983K, committed 6016K, reserved 1048576K
}
Event: 7.362 GC heap after
{Heap after GC invocations=8 (full 0):
 garbage-first heap   total 391168K, used 58131K [0x0000000080000000, 0x0000000100000000)
  region size 1024K, 10 young (10240K), 10 survivors (10240K)
 Metaspace       used 44031K, capacity 45161K, committed 45360K, reserved 1089536K
  class space    used 5579K, capacity 5983K, committed 6016K, reserved 1048576K
}

Deoptimization events (20 events):
Event: 7.090 Thread 0x000001b65fdff000 DEOPT PACKING pc=0x000001b646901f9b sp=0x00000044ee2fe250
Event: 7.090 Thread 0x000001b65fdff000 DEOPT UNPACKING pc=0x000001b645bea95e sp=0x00000044ee2fd6c0 mode 0
Event: 7.094 Thread 0x000001b65fdff000 DEOPT PACKING pc=0x000001b646901f9b sp=0x00000044ee2fe250
Event: 7.094 Thread 0x000001b65fdff000 DEOPT UNPACKING pc=0x000001b645bea95e sp=0x00000044ee2fd6c0 mode 0
Event: 7.096 Thread 0x000001b65fdff000 DEOPT PACKING pc=0x000001b646901f9b sp=0x00000044ee2fe510
Event: 7.096 Thread 0x000001b65fdff000 DEOPT UNPACKING pc=0x000001b645bea95e sp=0x00000044ee2fd980 mode 0
Event: 7.097 Thread 0x000001b65fdff000 DEOPT PACKING pc=0x000001b646901f9b sp=0x00000044ee2fe200
Event: 7.097 Thread 0x000001b65fdff000 DEOPT UNPACKING pc=0x000001b645bea95e sp=0x00000044ee2fd670 mode 0
Event: 7.391 Thread 0x000001b65fdff000 Uncommon trap: trap_request=0xffffff4d fr.pc=0x000001b64d86ef9c relative=0x000000000000083c
Event: 7.391 Thread 0x000001b65fdff000 Uncommon trap: reason=unstable_if action=reinterpret pc=0x000001b64d86ef9c method=org.objectweb.asm.MethodWriter.visitVarInsn(II)V @ 230 c2
Event: 7.391 Thread 0x000001b65fdff000 DEOPT PACKING pc=0x000001b64d86ef9c sp=0x00000044ee2fe0a0
Event: 7.391 Thread 0x000001b65fdff000 DEOPT UNPACKING pc=0x000001b645bea1af sp=0x00000044ee2fdf78 mode 2
Event: 7.446 Thread 0x000001b65fdff000 Uncommon trap: trap_request=0xffffff4d fr.pc=0x000001b64d86b6f4 relative=0x0000000000000e54
Event: 7.446 Thread 0x000001b65fdff000 Uncommon trap: reason=unstable_if action=reinterpret pc=0x000001b64d86b6f4 method=org.objectweb.asm.SymbolTable.addConstantUtf8Reference(ILjava/lang/String;)Lorg/objectweb/asm/Symbol; @ 45 c2
Event: 7.446 Thread 0x000001b65fdff000 DEOPT PACKING pc=0x000001b64d86b6f4 sp=0x00000044ee2fda40
Event: 7.446 Thread 0x000001b65fdff000 DEOPT UNPACKING pc=0x000001b645bea1af sp=0x00000044ee2fda28 mode 2
Event: 7.446 Thread 0x000001b65fdff000 Uncommon trap: trap_request=0xffffff4d fr.pc=0x000001b64d8663c8 relative=0x0000000000000ba8
Event: 7.446 Thread 0x000001b65fdff000 Uncommon trap: reason=unstable_if action=reinterpret pc=0x000001b64d8663c8 method=org.objectweb.asm.SymbolTable.addConstantUtf8(Ljava/lang/String;)I @ 40 c2
Event: 7.446 Thread 0x000001b65fdff000 DEOPT PACKING pc=0x000001b64d8663c8 sp=0x00000044ee2fd9b0
Event: 7.446 Thread 0x000001b65fdff000 DEOPT UNPACKING pc=0x000001b645bea1af sp=0x00000044ee2fd990 mode 2

Classes redefined (0 events):
No events

Internal exceptions (20 events):
Event: 6.448 Thread 0x000001b65ed8c000 Exception <a 'java/lang/ClassNotFoundException'{0x00000000956ce0b0}: org/gradle/invocation/DefaultGradleCustomizer> (0x00000000956ce0b0) thrown at [./src/hotspot/share/classfile/systemDictionary.cpp, line 231]
Event: 6.451 Thread 0x000001b65ed8c000 Exception <a 'java/lang/ClassNotFoundException'{0x00000000955262f0}: org/gradle/invocation/DefaultGradle_DecoratedCustomizer> (0x00000000955262f0) thrown at [./src/hotspot/share/classfile/systemDictionary.cpp, line 231]
Event: 6.565 Thread 0x000001b65ed8c000 Exception <a 'java/lang/ClassNotFoundException'{0x00000000952ccd90}: groovy/lang/Closure$1BeanInfo> (0x00000000952ccd90) thrown at [./src/hotspot/share/classfile/systemDictionary.cpp, line 231]
Event: 6.566 Thread 0x000001b65ed8c000 Exception <a 'java/lang/ClassNotFoundException'{0x00000000951015b8}: groovy/lang/ClosureBeanInfo> (0x00000000951015b8) thrown at [./src/hotspot/share/classfile/systemDictionary.cpp, line 231]
Event: 6.567 Thread 0x000001b65ed8c000 Exception <a 'java/lang/ClassNotFoundException'{0x0000000095135be0}: groovy/lang/ClosureCustomizer> (0x0000000095135be0) thrown at [./src/hotspot/share/classfile/systemDictionary.cpp, line 231]
Event: 6.572 Thread 0x000001b65ed8c000 Exception <a 'java/lang/ClassNotFoundException'{0x000000009518bcc0}: groovy/lang/Closure$1Customizer> (0x000000009518bcc0) thrown at [./src/hotspot/share/classfile/systemDictionary.cpp, line 231]
Event: 6.613 Thread 0x000001b65ed8c000 Exception <a 'java/lang/ClassNotFoundException'{0x0000000094f48cc8}: sync_studio_tooling_55ase0h31vjzk182rcv6s7bstBeanInfo> (0x0000000094f48cc8) thrown at [./src/hotspot/share/classfile/systemDictionary.cpp, line 231]
Event: 6.613 Thread 0x000001b65ed8c000 Exception <a 'java/lang/ClassNotFoundException'{0x0000000094f55e68}: sync_studio_tooling_55ase0h31vjzk182rcv6s7bstCustomizer> (0x0000000094f55e68) thrown at [./src/hotspot/share/classfile/systemDictionary.cpp, line 231]
Event: 6.620 Thread 0x000001b65ed8c000 Exception <a 'java/lang/ClassNotFoundException'{0x0000000094fd0228}: org/gradle/internal/metaobject/ConfigureDelegateBeanInfo> (0x0000000094fd0228) thrown at [./src/hotspot/share/classfile/systemDictionary.cpp, line 231]
Event: 6.620 Thread 0x000001b65ed8c000 Exception <a 'java/lang/ClassNotFoundException'{0x0000000094ff72d8}: org/gradle/internal/metaobject/ConfigureDelegateCustomizer> (0x0000000094ff72d8) thrown at [./src/hotspot/share/classfile/systemDictionary.cpp, line 231]
Event: 6.629 Thread 0x000001b65ed8c000 Exception <a 'java/lang/ClassNotFoundException'{0x0000000094e793e0}: org/gradle/api/internal/initialization/DefaultScriptHandlerBeanInfo> (0x0000000094e793e0) thrown at [./src/hotspot/share/classfile/systemDictionary.cpp, line 231]
Event: 6.630 Thread 0x000001b65ed8c000 Exception <a 'java/lang/ClassNotFoundException'{0x0000000094ea3b48}: org/gradle/api/internal/initialization/DefaultScriptHandlerCustomizer> (0x0000000094ea3b48) thrown at [./src/hotspot/share/classfile/systemDictionary.cpp, line 231]
Event: 6.742 Thread 0x000001b65ed8c000 Exception <a 'java/lang/ClassNotFoundException'{0x000000009441b800}: org/gradle/api/internal/artifacts/dsl/dependencies/DefaultDependencyHandler_DecoratedBeanInfo> (0x000000009441b800) thrown at [./src/hotspot/share/classfile/systemDictionary.cpp, line 231]
Event: 6.742 Thread 0x000001b65ed8c000 Exception <a 'java/lang/ClassNotFoundException'{0x000000009445aa18}: org/gradle/api/internal/artifacts/dsl/dependencies/DefaultDependencyHandlerBeanInfo> (0x000000009445aa18) thrown at [./src/hotspot/share/classfile/systemDictionary.cpp, line 231]
Event: 6.743 Thread 0x000001b65ed8c000 Exception <a 'java/lang/ClassNotFoundException'{0x0000000094499b18}: org/gradle/api/internal/artifacts/dsl/dependencies/DefaultDependencyHandlerCustomizer> (0x0000000094499b18) thrown at [./src/hotspot/share/classfile/systemDictionary.cpp, line 231]
Event: 6.745 Thread 0x000001b65ed8c000 Exception <a 'java/lang/ClassNotFoundException'{0x00000000938037b0}: org/gradle/api/internal/artifacts/dsl/dependencies/DefaultDependencyHandler_DecoratedCustomizer> (0x00000000938037b0) thrown at [./src/hotspot/share/classfile/systemDictionary.cpp, line 231]
Event: 6.886 Thread 0x000001b65ed8c000 Exception <a 'java/lang/NoSuchMethodError'{0x0000000092cea800}: 'int java.lang.invoke.DirectMethodHandle$Holder.invokeInterface(java.lang.Object, java.lang.Object)'> (0x0000000092cea800) thrown at [./src/hotspot/share/interpreter/linkResolver.cpp, line 773]
Event: 6.886 Thread 0x000001b65ed8c000 Exception <a 'java/lang/IncompatibleClassChangeError'{0x0000000092cee2e0}: Found class java.lang.Object, but interface was expected> (0x0000000092cee2e0) thrown at [./src/hotspot/share/interpreter/linkResolver.cpp, line 839]
Event: 6.979 Thread 0x000001b65ed8c000 Exception <a 'java/lang/NoSuchMethodError'{0x000000009214e620}: 'int java.lang.invoke.DirectMethodHandle$Holder.invokeStaticInit(java.lang.Object)'> (0x000000009214e620) thrown at [./src/hotspot/share/interpreter/linkResolver.cpp, line 773]
Event: 7.027 Thread 0x000001b65fdff000 Exception <a 'sun/nio/fs/WindowsException'{0x000000009163b368}> (0x000000009163b368) thrown at [./src/hotspot/share/prims/jni.cpp, line 616]

Events (20 events):
Event: 7.081 loading class org/apache/tools/zip/ZipShort done
Event: 7.081 loading class org/apache/tools/zip/ZipUtil
Event: 7.081 loading class org/apache/tools/zip/ZipUtil done
Event: 7.081 loading class org/apache/tools/zip/UnsupportedZipFeatureException
Event: 7.081 loading class org/apache/tools/zip/UnsupportedZipFeatureException done
Event: 7.081 loading class org/apache/tools/zip/AbstractUnicodeExtraField
Event: 7.081 loading class org/apache/tools/zip/AbstractUnicodeExtraField done
Event: 7.082 loading class org/apache/tools/zip/UnicodePathExtraField
Event: 7.082 loading class org/apache/tools/zip/UnicodePathExtraField done
Event: 7.082 loading class org/apache/tools/zip/UnicodeCommentExtraField
Event: 7.082 loading class org/apache/tools/zip/UnicodeCommentExtraField done
Event: 7.100 loading class org/objectweb/asm/TypeReference
Event: 7.100 loading class org/objectweb/asm/TypeReference done
Event: 7.101 loading class org/objectweb/asm/TypePath
Event: 7.101 loading class org/objectweb/asm/TypePath done
Event: 7.324 Loaded shared library C:\Program Files\Android\Android Studio\jre\bin\zip.dll
Event: 7.351 Executing VM operation: G1CollectForAllocation
Event: 7.362 Executing VM operation: G1CollectForAllocation done
Event: 7.362 Executing VM operation: RevokeBias
Event: 7.363 Executing VM operation: RevokeBias done


Dynamic libraries:
0x00007ff6a8430000 - 0x00007ff6a843a000 	C:\Program Files\Android\Android Studio\jre\bin\java.exe
0x00007ffb739d0000 - 0x00007ffb73be4000 	C:\WINDOWS\SYSTEM32\ntdll.dll
0x00007ffb722e0000 - 0x00007ffb723a2000 	C:\WINDOWS\System32\KERNEL32.DLL
0x00007ffb70ec0000 - 0x00007ffb7125c000 	C:\WINDOWS\System32\KERNELBASE.dll
0x00007ffb71380000 - 0x00007ffb71491000 	C:\WINDOWS\System32\ucrtbase.dll
0x00007ffb60d80000 - 0x00007ffb60d97000 	C:\Program Files\Android\Android Studio\jre\bin\VCRUNTIME140.dll
0x00007ffb6d730000 - 0x00007ffb6d749000 	C:\Program Files\Android\Android Studio\jre\bin\jli.dll
0x00007ffb72080000 - 0x00007ffb7222a000 	C:\WINDOWS\System32\USER32.dll
0x00007ffb54ad0000 - 0x00007ffb54d5e000 	C:\WINDOWS\WinSxS\amd64_microsoft.windows.common-controls_6595b64144ccf1df_6.0.22621.608_none_a9444ca7c10bb01d\COMCTL32.dll
0x00007ffb715c0000 - 0x00007ffb715e6000 	C:\WINDOWS\System32\win32u.dll
0x00007ffb717d0000 - 0x00007ffb71877000 	C:\WINDOWS\System32\msvcrt.dll
0x00007ffb73960000 - 0x00007ffb73989000 	C:\WINDOWS\System32\GDI32.dll
0x00007ffb714a0000 - 0x00007ffb715b2000 	C:\WINDOWS\System32\gdi32full.dll
0x00007ffb71260000 - 0x00007ffb712fa000 	C:\WINDOWS\System32\msvcp_win.dll
0x00007ffb73920000 - 0x00007ffb73951000 	C:\WINDOWS\System32\IMM32.DLL
0x00007ffb4d9d0000 - 0x00007ffb4da6d000 	C:\Program Files\Android\Android Studio\jre\bin\msvcp140.dll
0x00007ffb27870000 - 0x00007ffb28372000 	C:\Program Files\Android\Android Studio\jre\bin\server\jvm.dll
0x00007ffb72230000 - 0x00007ffb722de000 	C:\WINDOWS\System32\ADVAPI32.dll
0x00007ffb72ae0000 - 0x00007ffb72b84000 	C:\WINDOWS\System32\sechost.dll
0x00007ffb71880000 - 0x00007ffb71995000 	C:\WINDOWS\System32\RPCRT4.dll
0x00007ffb719a0000 - 0x00007ffb719a8000 	C:\WINDOWS\System32\PSAPI.DLL
0x00007ffb60e80000 - 0x00007ffb60e89000 	C:\WINDOWS\SYSTEM32\WSOCK32.dll
0x00007ffb6a910000 - 0x00007ffb6a944000 	C:\WINDOWS\SYSTEM32\WINMM.dll
0x00007ffb719b0000 - 0x00007ffb71a21000 	C:\WINDOWS\System32\WS2_32.dll
0x00007ffb6a350000 - 0x00007ffb6a35a000 	C:\WINDOWS\SYSTEM32\VERSION.dll
0x00007ffb6ff30000 - 0x00007ffb6ff48000 	C:\WINDOWS\SYSTEM32\kernel.appcore.dll
0x00007ffb6ab00000 - 0x00007ffb6ab11000 	C:\Program Files\Android\Android Studio\jre\bin\verify.dll
0x00007ffb5d490000 - 0x00007ffb5d6be000 	C:\WINDOWS\SYSTEM32\DBGHELP.DLL
0x00007ffb72740000 - 0x00007ffb72ac9000 	C:\WINDOWS\System32\combase.dll
0x00007ffb71f80000 - 0x00007ffb72057000 	C:\WINDOWS\System32\OLEAUT32.dll
0x00007ffb5bea0000 - 0x00007ffb5bed2000 	C:\WINDOWS\SYSTEM32\dbgcore.DLL
0x00007ffb71300000 - 0x00007ffb7137b000 	C:\WINDOWS\System32\bcryptPrimitives.dll
0x00007ffb60e50000 - 0x00007ffb60e79000 	C:\Program Files\Android\Android Studio\jre\bin\java.dll
0x00007ffb6d710000 - 0x00007ffb6d71b000 	C:\Program Files\Android\Android Studio\jre\bin\jimage.dll
0x00007ffb60e30000 - 0x00007ffb60e48000 	C:\Program Files\Android\Android Studio\jre\bin\zip.dll
0x00007ffb72b90000 - 0x00007ffb7336d000 	C:\WINDOWS\System32\SHELL32.dll
0x00007ffb6ee20000 - 0x00007ffb6f6d7000 	C:\WINDOWS\SYSTEM32\windows.storage.dll
0x00007ffb6ece0000 - 0x00007ffb6ee1d000 	C:\WINDOWS\SYSTEM32\wintypes.dll
0x00007ffb73820000 - 0x00007ffb73911000 	C:\WINDOWS\System32\SHCORE.dll
0x00007ffb72560000 - 0x00007ffb725be000 	C:\WINDOWS\System32\shlwapi.dll
0x00007ffb70d30000 - 0x00007ffb70d51000 	C:\WINDOWS\SYSTEM32\profapi.dll
0x00007ffb60e10000 - 0x00007ffb60e2a000 	C:\Program Files\Android\Android Studio\jre\bin\net.dll
0x00007ffb6a0c0000 - 0x00007ffb6a1ef000 	C:\WINDOWS\SYSTEM32\WINHTTP.dll
0x00007ffb70380000 - 0x00007ffb703e9000 	C:\WINDOWS\system32\mswsock.dll
0x00007ffb60dc0000 - 0x00007ffb60dd4000 	C:\Program Files\Android\Android Studio\jre\bin\nio.dll
0x00007ffb6a950000 - 0x00007ffb6a977000 	C:\Users\MSI\.gradle\native\e1d6ef7f7dcc3fd88c89a11ec53ec762bb8ba0a96d01ffa2cd45eb1d1d8dd5c5\windows-amd64\native-platform.dll
0x00007ffb2cb50000 - 0x00007ffb2cc94000 	C:\Users\MSI\.gradle\native\0d407fdbe67a94daf76414ababcb853783967236a71b16ec16e742cd7a986fd3\windows-amd64\native-platform-file-events.dll
0x00007ffb6ab30000 - 0x00007ffb6ab3a000 	C:\Program Files\Android\Android Studio\jre\bin\management.dll
0x00007ffb6aa20000 - 0x00007ffb6aa2d000 	C:\Program Files\Android\Android Studio\jre\bin\management_ext.dll
0x00007ffb70580000 - 0x00007ffb7059b000 	C:\WINDOWS\SYSTEM32\CRYPTSP.dll
0x00007ffb6fea0000 - 0x00007ffb6fed5000 	C:\WINDOWS\system32\rsaenh.dll
0x00007ffb70430000 - 0x00007ffb70458000 	C:\WINDOWS\SYSTEM32\USERENV.dll
0x00007ffb707d0000 - 0x00007ffb707f8000 	C:\WINDOWS\SYSTEM32\bcrypt.dll
0x00007ffb705c0000 - 0x00007ffb705cc000 	C:\WINDOWS\SYSTEM32\CRYPTBASE.dll
0x00007ffb6f9a0000 - 0x00007ffb6f9cd000 	C:\WINDOWS\SYSTEM32\IPHLPAPI.DLL
0x00007ffb723b0000 - 0x00007ffb723b9000 	C:\WINDOWS\System32\NSI.dll
0x00007ffb6a470000 - 0x00007ffb6a489000 	C:\WINDOWS\SYSTEM32\dhcpcsvc6.DLL
0x00007ffb6a450000 - 0x00007ffb6a46f000 	C:\WINDOWS\SYSTEM32\dhcpcsvc.DLL
0x00007ffb6fa10000 - 0x00007ffb6fb02000 	C:\WINDOWS\SYSTEM32\DNSAPI.dll

dbghelp: loaded successfully - version: 4.0.5 - missing functions: none
symbol engine: initialized successfully - sym options: 0x614 - pdb path: .;C:\Program Files\Android\Android Studio\jre\bin;C:\WINDOWS\SYSTEM32;C:\WINDOWS\WinSxS\amd64_microsoft.windows.common-controls_6595b64144ccf1df_6.0.22621.608_none_a9444ca7c10bb01d;C:\Program Files\Android\Android Studio\jre\bin\server;C:\Users\MSI\.gradle\native\e1d6ef7f7dcc3fd88c89a11ec53ec762bb8ba0a96d01ffa2cd45eb1d1d8dd5c5\windows-amd64;C:\Users\MSI\.gradle\native\0d407fdbe67a94daf76414ababcb853783967236a71b16ec16e742cd7a986fd3\windows-amd64

VM Arguments:
jvm_args: --add-opens=java.base/java.util=ALL-UNNAMED --add-opens=java.base/java.lang=ALL-UNNAMED --add-opens=java.base/java.lang.invoke=ALL-UNNAMED --add-opens=java.base/java.util=ALL-UNNAMED --add-opens=java.prefs/java.util.prefs=ALL-UNNAMED --add-opens=java.prefs/java.util.prefs=ALL-UNNAMED --add-opens=java.base/java.nio.charset=ALL-UNNAMED --add-opens=java.base/java.net=ALL-UNNAMED --add-opens=java.base/java.util.concurrent.atomic=ALL-UNNAMED -Xmx2048m -Dfile.encoding=UTF-8 -Duser.country=ID -Duser.language=en -Duser.variant 
java_command: org.gradle.launcher.daemon.bootstrap.GradleDaemon 7.4
java_class_path (initial): C:\Users\MSI\.gradle\wrapper\dists\gradle-7.4-bin\c0gwcg53nkjbqw7r0h0umtfvt\gradle-7.4\lib\gradle-launcher-7.4.jar
Launcher Type: SUN_STANDARD

[Global flags]
     intx CICompilerCount                          = 4                                         {product} {ergonomic}
     uint ConcGCThreads                            = 2                                         {product} {ergonomic}
     uint G1ConcRefinementThreads                  = 8                                         {product} {ergonomic}
   size_t G1HeapRegionSize                         = 1048576                                   {product} {ergonomic}
    uintx GCDrainStackTargetSize                   = 64                                        {product} {ergonomic}
   size_t InitialHeapSize                          = 400556032                                 {product} {ergonomic}
   size_t MarkStackSize                            = 4194304                                   {product} {ergonomic}
   size_t MaxHeapSize                              = 2147483648                                {product} {command line}
   size_t MaxNewSize                               = 1287651328                                {product} {ergonomic}
   size_t MinHeapDeltaBytes                        = 1048576                                   {product} {ergonomic}
    uintx NonNMethodCodeHeapSize                   = 5836300                                {pd product} {ergonomic}
    uintx NonProfiledCodeHeapSize                  = 122910970                              {pd product} {ergonomic}
    uintx ProfiledCodeHeapSize                     = 122910970                              {pd product} {ergonomic}
    uintx ReservedCodeCacheSize                    = 251658240                              {pd product} {ergonomic}
     bool SegmentedCodeCache                       = true                                      {product} {ergonomic}
     bool UseCompressedClassPointers               = true                                 {lp64_product} {ergonomic}
     bool UseCompressedOops                        = true                                 {lp64_product} {ergonomic}
     bool UseG1GC                                  = true                                      {product} {ergonomic}
     bool UseLargePagesIndividualAllocation        = false                                  {pd product} {ergonomic}

Logging:
Log output configuration:
 #0: stdout all=warning uptime,level,tags
 #1: stderr all=off uptime,level,tags

Environment Variables:
JAVA_HOME=C:\Program Files\Android\Android Studio\jre
PATH=C:\ProgramData\Oracle\Java\javapath;C:\WINDOWS\system32;C:\WINDOWS;C:\WINDOWS\System32\Wbem;C:\WINDOWS\System32\WindowsPowerShell\v1.0\;C:\WINDOWS\System32\OpenSSH\;C:\Program Files\Git\cmd;C:\Program Files\Go\bin;C:\Program Files\Docker\Docker\resources\bin;C:\ProgramData\DockerDesktop\version-bin;C:\Program Files\nodejs\;C:\ProgramData\chocolatey\bin;C:\Program Files\Tesseract-OCR;C:\Program Files\PuTTY\;C:\Users\MSI\AppData\Local\Microsoft\WindowsApps;C:\Users\MSI\AppData\Local\Programs\Microsoft VS Code\bin;C:\Users\MSI\go\bin;C:\Users\MSI\AppData\Roaming\npm;C:\Users\MSI\AppData\Local\gitkraken\bin;C:\Program Files\Tesseract-OCR;C:\Users\MSI\AppData\Local\Microsoft\WindowsApps;C:\Users\MSI\AppData\Local\GitHubDesktop\bin
USERNAME=MSI
OS=Windows_NT
PROCESSOR_IDENTIFIER=Intel64 Family 6 Model 142 Stepping 12, GenuineIntel



---------------  S Y S T E M  ---------------

OS: Windows 11 , 64 bit Build 22621 (10.0.22621.608)
OS uptime: 1 days 23:44 hours
Hyper-V role detected

CPU:total 8 (initial active 8) (4 cores per cpu, 2 threads per core) family 6 model 142 stepping 12 microcode 0xde, cmov, cx8, fxsr, mmx, sse, sse2, sse3, ssse3, sse4.1, sse4.2, popcnt, avx, avx2, aes, clmul, erms, 3dnowpref, lzcnt, ht, tsc, tscinvbit, bmi1, bmi2, adx, fma

Memory: 4k page, system-wide physical 24411M (312M free)
TotalPageFile size 61817M (AvailPageFile size 6M)
current process WorkingSet (physical memory assigned to process): 364M, peak: 365M
current process commit charge ("private bytes"): 581M, peak: 583M

vm_info: OpenJDK 64-Bit Server VM (11.0.13+0-b1751.21-8125866) for windows-amd64 JRE (11.0.13+0-b1751.21-8125866), built on Feb  2 2022 03:00:22 by "builder" with MS VC++ 14.0 (VS2015)

END.
